TpTrace Verbose: 0 : 19428, 1, 2022/09/12, 20:15:28.125, 3636321789511, vstest.console.dll, Version: 17.2.0-release-20220408-11 Current process architecture: X64
TpTrace Information: 0 : 19428, 1, 2022/09/12, 20:15:28.133, 3636321869495, vstest.console.dll, FilePatternParser: The given file C:\Users\SteevesSaillant\source\repos\XUnit_CSharp_Example\SimpleCRMTests\bin\Debug\netcoreapp3.1\fine-code-coverage\build-output\SimpleCRMTests.dll is a full path.
TpTrace Verbose: 0 : 19428, 1, 2022/09/12, 20:15:28.138, 3636321923660, vstest.console.dll, TestPluginCache.DiscoverTestExtensions: finding test extensions in assemblies ends with: RuntimeProvider.dll TPluginInfo: Microsoft.VisualStudio.TestPlatform.Common.ExtensionFramework.Utilities.TestRuntimePluginInformation TExtension: Microsoft.VisualStudio.TestPlatform.ObjectModel.Host.ITestRuntimeProvider
TpTrace Verbose: 0 : 19428, 1, 2022/09/12, 20:15:28.138, 3636321928061, vstest.console.dll, TestPluginCache.GetExtensionPaths: Filtered extension paths: 
TpTrace Verbose: 0 : 19428, 1, 2022/09/12, 20:15:28.138, 3636321929004, vstest.console.dll, TestPluginCache.GetExtensionPaths: Added default extension paths: C:\Program Files\dotnet\sdk\6.0.303\Extensions\DumpMinitool.exe
C:\Program Files\dotnet\sdk\6.0.303\Extensions\DumpMinitool.x86.exe
C:\Program Files\dotnet\sdk\6.0.303\Extensions\Microsoft.Diagnostics.NETCore.Client.dll
C:\Program Files\dotnet\sdk\6.0.303\Extensions\Microsoft.TestPlatform.Extensions.BlameDataCollector.dll
C:\Program Files\dotnet\sdk\6.0.303\Extensions\Microsoft.TestPlatform.Extensions.EventLogCollector.dll
C:\Program Files\dotnet\sdk\6.0.303\Extensions\Microsoft.TestPlatform.TestHostRuntimeProvider.dll
C:\Program Files\dotnet\sdk\6.0.303\Extensions\Microsoft.VisualStudio.TestPlatform.Extensions.Html.TestLogger.dll
C:\Program Files\dotnet\sdk\6.0.303\Extensions\Microsoft.VisualStudio.TestPlatform.Extensions.Trx.TestLogger.dll
TpTrace Verbose: 0 : 19428, 1, 2022/09/12, 20:15:28.139, 3636321929251, vstest.console.dll, TestPluginCache.GetExtensionPaths: Added unfilterableExtensionPaths: 
TpTrace Information: 0 : 19428, 1, 2022/09/12, 20:15:28.139, 3636321934185, vstest.console.dll, AssemblyResolver.ctor: Creating AssemblyResolver with searchDirectories C:\Program Files\dotnet\sdk\6.0.303\Extensions,C:\Program Files\dotnet\sdk\6.0.303
TpTrace Verbose: 0 : 19428, 1, 2022/09/12, 20:15:28.140, 3636321941061, vstest.console.dll, TestPluginCache.DiscoverTestExtensions: Discovering the extensions using extension path.
TpTrace Verbose: 0 : 19428, 1, 2022/09/12, 20:15:28.140, 3636321941946, vstest.console.dll, TestPluginCache.GetExtensionPaths: Filtered extension paths: 
TpTrace Verbose: 0 : 19428, 1, 2022/09/12, 20:15:28.140, 3636321942217, vstest.console.dll, TestPluginCache.GetExtensionPaths: Added default extension paths: C:\Program Files\dotnet\sdk\6.0.303\Extensions\DumpMinitool.exe
C:\Program Files\dotnet\sdk\6.0.303\Extensions\DumpMinitool.x86.exe
C:\Program Files\dotnet\sdk\6.0.303\Extensions\Microsoft.Diagnostics.NETCore.Client.dll
C:\Program Files\dotnet\sdk\6.0.303\Extensions\Microsoft.TestPlatform.Extensions.BlameDataCollector.dll
C:\Program Files\dotnet\sdk\6.0.303\Extensions\Microsoft.TestPlatform.Extensions.EventLogCollector.dll
C:\Program Files\dotnet\sdk\6.0.303\Extensions\Microsoft.TestPlatform.TestHostRuntimeProvider.dll
C:\Program Files\dotnet\sdk\6.0.303\Extensions\Microsoft.VisualStudio.TestPlatform.Extensions.Html.TestLogger.dll
C:\Program Files\dotnet\sdk\6.0.303\Extensions\Microsoft.VisualStudio.TestPlatform.Extensions.Trx.TestLogger.dll
TpTrace Verbose: 0 : 19428, 1, 2022/09/12, 20:15:28.140, 3636321942444, vstest.console.dll, TestPluginCache.GetExtensionPaths: Added unfilterableExtensionPaths: 
TpTrace Verbose: 0 : 19428, 1, 2022/09/12, 20:15:28.140, 3636321942811, vstest.console.dll, TestPluginCache.DiscoverTestExtensions: Discovering the extensions using allExtensionPaths: C:\Program Files\dotnet\sdk\6.0.303\Extensions\DumpMinitool.exe
C:\Program Files\dotnet\sdk\6.0.303\Extensions\DumpMinitool.x86.exe
C:\Program Files\dotnet\sdk\6.0.303\Extensions\Microsoft.Diagnostics.NETCore.Client.dll
C:\Program Files\dotnet\sdk\6.0.303\Extensions\Microsoft.TestPlatform.Extensions.BlameDataCollector.dll
C:\Program Files\dotnet\sdk\6.0.303\Extensions\Microsoft.TestPlatform.Extensions.EventLogCollector.dll
C:\Program Files\dotnet\sdk\6.0.303\Extensions\Microsoft.TestPlatform.TestHostRuntimeProvider.dll
C:\Program Files\dotnet\sdk\6.0.303\Extensions\Microsoft.VisualStudio.TestPlatform.Extensions.Html.TestLogger.dll
C:\Program Files\dotnet\sdk\6.0.303\Extensions\Microsoft.VisualStudio.TestPlatform.Extensions.Trx.TestLogger.dll
TpTrace Information: 0 : 19428, 1, 2022/09/12, 20:15:28.140, 3636321943896, vstest.console.dll, AssemblyResolver.AddSearchDirectories: Adding more searchDirectories C:\Program Files\dotnet\sdk\6.0.303\Extensions,C:\Program Files\dotnet\sdk\6.0.303
TpTrace Information: 0 : 19428, 1, 2022/09/12, 20:15:28.140, 3636321944235, vstest.console.dll, AssemblyResolver.AddSearchDirectories: Adding more searchDirectories C:\Program Files\dotnet\sdk\6.0.303\Extensions,C:\Program Files\dotnet\sdk\6.0.303
TpTrace Information: 0 : 19428, 1, 2022/09/12, 20:15:28.140, 3636321944417, vstest.console.dll, AssemblyResolver.AddSearchDirectories: Adding more searchDirectories C:\Program Files\dotnet\sdk\6.0.303\Extensions,C:\Program Files\dotnet\sdk\6.0.303
TpTrace Information: 0 : 19428, 1, 2022/09/12, 20:15:28.140, 3636321944617, vstest.console.dll, AssemblyResolver.AddSearchDirectories: Adding more searchDirectories C:\Program Files\dotnet\sdk\6.0.303\Extensions,C:\Program Files\dotnet\sdk\6.0.303
TpTrace Information: 0 : 19428, 1, 2022/09/12, 20:15:28.140, 3636321944781, vstest.console.dll, AssemblyResolver.AddSearchDirectories: Adding more searchDirectories C:\Program Files\dotnet\sdk\6.0.303\Extensions,C:\Program Files\dotnet\sdk\6.0.303
TpTrace Information: 0 : 19428, 1, 2022/09/12, 20:15:28.140, 3636321944944, vstest.console.dll, AssemblyResolver.AddSearchDirectories: Adding more searchDirectories C:\Program Files\dotnet\sdk\6.0.303\Extensions,C:\Program Files\dotnet\sdk\6.0.303
TpTrace Information: 0 : 19428, 1, 2022/09/12, 20:15:28.140, 3636321945133, vstest.console.dll, AssemblyResolver.AddSearchDirectories: Adding more searchDirectories C:\Program Files\dotnet\sdk\6.0.303\Extensions,C:\Program Files\dotnet\sdk\6.0.303
TpTrace Information: 0 : 19428, 1, 2022/09/12, 20:15:28.140, 3636321945300, vstest.console.dll, AssemblyResolver.AddSearchDirectories: Adding more searchDirectories C:\Program Files\dotnet\sdk\6.0.303\Extensions,C:\Program Files\dotnet\sdk\6.0.303
TpTrace Information: 0 : 19428, 1, 2022/09/12, 20:15:28.140, 3636321947778, vstest.console.dll, AssemblyResolver.OnResolve: DumpMinitool: Resolving assembly.
TpTrace Information: 0 : 19428, 1, 2022/09/12, 20:15:28.140, 3636321948303, vstest.console.dll, AssemblyResolver.OnResolve: DumpMinitool: Searching in: 'C:\Program Files\dotnet\sdk\6.0.303\Extensions'.
TpTrace Information: 0 : 19428, 1, 2022/09/12, 20:15:28.140, 3636321949007, vstest.console.dll, AssemblyResolver.OnResolve: DumpMinitool: Assembly path does not exist: 'C:\Program Files\dotnet\sdk\6.0.303\Extensions\DumpMinitool.dll', returning.
TpTrace Information: 0 : 19428, 1, 2022/09/12, 20:15:28.141, 3636321951137, vstest.console.dll, AssemblyResolver.OnResolve: DumpMinitool: Loading assembly 'C:\Program Files\dotnet\sdk\6.0.303\Extensions\DumpMinitool.exe'.
TpTrace Information: 0 : 19428, 1, 2022/09/12, 20:15:28.141, 3636321954018, vstest.console.dll, AssemblyResolver.OnResolve: Resolved assembly: DumpMinitool, from path: C:\Program Files\dotnet\sdk\6.0.303\Extensions\DumpMinitool.exe
TpTrace Verbose: 0 : 19428, 1, 2022/09/12, 20:15:28.144, 3636321986133, vstest.console.dll, MetadataReaderExtensionsHelper: Discovering extensions inside assembly 'DumpMinitool, Version=15.0.0.0, Culture=neutral, PublicKeyToken=b03f5f7f11d50a3a' file path 'C:\Program Files\dotnet\sdk\6.0.303\Extensions\DumpMinitool.exe'
TpTrace Information: 0 : 19428, 1, 2022/09/12, 20:15:28.149, 3636322029365, vstest.console.dll, AssemblyResolver.OnResolve: DumpMinitool.x86: Resolving assembly.
TpTrace Information: 0 : 19428, 1, 2022/09/12, 20:15:28.149, 3636322030263, vstest.console.dll, AssemblyResolver.OnResolve: DumpMinitool.x86: Searching in: 'C:\Program Files\dotnet\sdk\6.0.303\Extensions'.
TpTrace Information: 0 : 19428, 1, 2022/09/12, 20:15:28.149, 3636322030868, vstest.console.dll, AssemblyResolver.OnResolve: DumpMinitool.x86: Assembly path does not exist: 'C:\Program Files\dotnet\sdk\6.0.303\Extensions\DumpMinitool.x86.dll', returning.
TpTrace Information: 0 : 19428, 1, 2022/09/12, 20:15:28.149, 3636322032236, vstest.console.dll, AssemblyResolver.OnResolve: DumpMinitool.x86: Loading assembly 'C:\Program Files\dotnet\sdk\6.0.303\Extensions\DumpMinitool.x86.exe'.
TpTrace Information: 0 : 19428, 1, 2022/09/12, 20:15:28.149, 3636322034669, vstest.console.dll, AssemblyResolver.OnResolve: Resolved assembly: DumpMinitool.x86, from path: C:\Program Files\dotnet\sdk\6.0.303\Extensions\DumpMinitool.x86.exe
TpTrace Verbose: 0 : 19428, 1, 2022/09/12, 20:15:28.149, 3636322035175, vstest.console.dll, MetadataReaderExtensionsHelper: Discovering extensions inside assembly 'DumpMinitool.x86, Version=15.0.0.0, Culture=neutral, PublicKeyToken=b03f5f7f11d50a3a' file path 'C:\Program Files\dotnet\sdk\6.0.303\Extensions\DumpMinitool.x86.exe'
TpTrace Information: 0 : 19428, 1, 2022/09/12, 20:15:28.149, 3636322038501, vstest.console.dll, AssemblyResolver.OnResolve: Microsoft.Diagnostics.NETCore.Client: Resolving assembly.
TpTrace Information: 0 : 19428, 1, 2022/09/12, 20:15:28.149, 3636322038833, vstest.console.dll, AssemblyResolver.OnResolve: Microsoft.Diagnostics.NETCore.Client: Searching in: 'C:\Program Files\dotnet\sdk\6.0.303\Extensions'.
TpTrace Information: 0 : 19428, 1, 2022/09/12, 20:15:28.150, 3636322040113, vstest.console.dll, AssemblyResolver.OnResolve: Microsoft.Diagnostics.NETCore.Client: Loading assembly 'C:\Program Files\dotnet\sdk\6.0.303\Extensions\Microsoft.Diagnostics.NETCore.Client.dll'.
TpTrace Information: 0 : 19428, 1, 2022/09/12, 20:15:28.150, 3636322042645, vstest.console.dll, AssemblyResolver.OnResolve: Resolved assembly: Microsoft.Diagnostics.NETCore.Client, from path: C:\Program Files\dotnet\sdk\6.0.303\Extensions\Microsoft.Diagnostics.NETCore.Client.dll
TpTrace Verbose: 0 : 19428, 1, 2022/09/12, 20:15:28.150, 3636322043078, vstest.console.dll, MetadataReaderExtensionsHelper: Discovering extensions inside assembly 'Microsoft.Diagnostics.NETCore.Client, Version=0.2.5.801, Culture=neutral, PublicKeyToken=31bf3856ad364e35' file path 'C:\Program Files\dotnet\sdk\6.0.303\Extensions\Microsoft.Diagnostics.NETCore.Client.dll'
TpTrace Information: 0 : 19428, 1, 2022/09/12, 20:15:28.153, 3636322079118, vstest.console.dll, AssemblyResolver.OnResolve: Microsoft.Bcl.AsyncInterfaces: Resolving assembly.
TpTrace Information: 0 : 19428, 1, 2022/09/12, 20:15:28.154, 3636322079661, vstest.console.dll, AssemblyResolver.OnResolve: Microsoft.Bcl.AsyncInterfaces: Searching in: 'C:\Program Files\dotnet\sdk\6.0.303\Extensions'.
TpTrace Information: 0 : 19428, 1, 2022/09/12, 20:15:28.154, 3636322080176, vstest.console.dll, AssemblyResolver.OnResolve: Microsoft.Bcl.AsyncInterfaces: Assembly path does not exist: 'C:\Program Files\dotnet\sdk\6.0.303\Extensions\Microsoft.Bcl.AsyncInterfaces.dll', returning.
TpTrace Information: 0 : 19428, 1, 2022/09/12, 20:15:28.154, 3636322080474, vstest.console.dll, AssemblyResolver.OnResolve: Microsoft.Bcl.AsyncInterfaces: Assembly path does not exist: 'C:\Program Files\dotnet\sdk\6.0.303\Extensions\Microsoft.Bcl.AsyncInterfaces.exe', returning.
TpTrace Information: 0 : 19428, 1, 2022/09/12, 20:15:28.154, 3636322080625, vstest.console.dll, AssemblyResolver.OnResolve: Microsoft.Bcl.AsyncInterfaces: Searching in: 'C:\Program Files\dotnet\sdk\6.0.303'.
TpTrace Information: 0 : 19428, 1, 2022/09/12, 20:15:28.154, 3636322080997, vstest.console.dll, AssemblyResolver.OnResolve: Microsoft.Bcl.AsyncInterfaces: Assembly path does not exist: 'C:\Program Files\dotnet\sdk\6.0.303\Microsoft.Bcl.AsyncInterfaces.dll', returning.
TpTrace Information: 0 : 19428, 1, 2022/09/12, 20:15:28.154, 3636322081306, vstest.console.dll, AssemblyResolver.OnResolve: Microsoft.Bcl.AsyncInterfaces: Assembly path does not exist: 'C:\Program Files\dotnet\sdk\6.0.303\Microsoft.Bcl.AsyncInterfaces.exe', returning.
TpTrace Information: 0 : 19428, 1, 2022/09/12, 20:15:28.154, 3636322081472, vstest.console.dll, AssemblyResolver.OnResolve: Microsoft.Bcl.AsyncInterfaces: Failed to load assembly.
TpTrace Verbose: 0 : 19428, 1, 2022/09/12, 20:15:28.154, 3636322081706, vstest.console.dll, CurrentDomainAssemblyResolve: Resolving assembly 'Microsoft.Bcl.AsyncInterfaces'.
TpTrace Information: 0 : 19428, 1, 2022/09/12, 20:15:28.154, 3636322082069, vstest.console.dll, AssemblyResolver.OnResolve: Microsoft.Bcl.AsyncInterfaces: Resolving assembly.
TpTrace Information: 0 : 19428, 1, 2022/09/12, 20:15:28.154, 3636322082289, vstest.console.dll, AssemblyResolver.OnResolve: Microsoft.Bcl.AsyncInterfaces: Resolved from cache.
TpTrace Verbose: 0 : 19428, 1, 2022/09/12, 20:15:28.154, 3636322082452, vstest.console.dll, CurrentDomainAssemblyResolve: Resolving assembly 'Microsoft.Bcl.AsyncInterfaces'.
TpTrace Verbose: 0 : 19428, 1, 2022/09/12, 20:15:28.154, 3636322082649, vstest.console.dll, CurrentDomainAssemblyResolve: Failed to resolve assembly 'Microsoft.Bcl.AsyncInterfaces'.
TpTrace Verbose: 0 : 19428, 1, 2022/09/12, 20:15:28.154, 3636322085286, vstest.console.dll, CurrentDomainAssemblyResolve: Failed to resolve assembly 'Microsoft.Bcl.AsyncInterfaces'.
TpTrace Warning: 0 : 19428, 1, 2022/09/12, 20:15:28.162, 3636322167205, vstest.console.dll, TestPluginDiscoverer: Failed to get types from assembly 'Microsoft.Diagnostics.NETCore.Client, Version=0.2.5.801, Culture=neutral, PublicKeyToken=31bf3856ad364e35'. Error: System.Reflection.ReflectionTypeLoadException: Unable to load one or more of the requested types.
Could not load file or assembly 'Microsoft.Bcl.AsyncInterfaces, Version=1.0.0.0, Culture=neutral, PublicKeyToken=cc7b13ffcd2ddd51'. The system cannot find the file specified.
   at System.Reflection.RuntimeModule.GetTypes(RuntimeModule module)
   at System.Reflection.Assembly.GetTypes()
   at Microsoft.VisualStudio.TestPlatform.Common.ExtensionFramework.TestPluginDiscoverer.GetTestExtensionsFromAssembly[TPluginInfo,TExtension](Assembly assembly, Dictionary`2 pluginInfos, String filePath)
System.IO.FileNotFoundException: Could not load file or assembly 'Microsoft.Bcl.AsyncInterfaces, Version=1.0.0.0, Culture=neutral, PublicKeyToken=cc7b13ffcd2ddd51'. The system cannot find the file specified.
File name: 'Microsoft.Bcl.AsyncInterfaces, Version=1.0.0.0, Culture=neutral, PublicKeyToken=cc7b13ffcd2ddd51'
 ---> System.IO.FileNotFoundException: Could not load file or assembly 'Microsoft.Bcl.AsyncInterfaces, Culture=neutral, PublicKeyToken=null'. The system cannot find the file specified.
File name: 'Microsoft.Bcl.AsyncInterfaces, Culture=neutral, PublicKeyToken=null'
   at System.Reflection.RuntimeAssembly.InternalLoad(ObjectHandleOnStack assemblyName, ObjectHandleOnStack requestingAssembly, StackCrawlMarkHandle stackMark, Boolean throwOnFileNotFound, ObjectHandleOnStack assemblyLoadContext, ObjectHandleOnStack retAssembly)
   at System.Reflection.RuntimeAssembly.InternalLoad(AssemblyName assemblyName, RuntimeAssembly requestingAssembly, StackCrawlMark& stackMark, Boolean throwOnFileNotFound, AssemblyLoadContext assemblyLoadContext)
   at System.Reflection.Assembly.Load(AssemblyName assemblyRef)
   at Microsoft.VisualStudio.TestPlatform.Common.ExtensionFramework.TestPluginCache.CurrentDomainAssemblyResolve(Object sender, AssemblyResolveEventArgs args)
   at Microsoft.VisualStudio.TestPlatform.PlatformAbstractions.PlatformAssemblyResolver.AssemblyResolverEvent(Object sender, Object eventArgs)
   at System.Runtime.Loader.AssemblyLoadContext.GetFirstResolvedAssemblyFromResolvingEvent(AssemblyName assemblyName)
   at System.Runtime.Loader.AssemblyLoadContext.ResolveUsingEvent(AssemblyName assemblyName)
   at System.Runtime.Loader.AssemblyLoadContext.ResolveUsingResolvingEvent(IntPtr gchManagedAssemblyLoadContext, AssemblyName assemblyName)
TpTrace Warning: 0 : 19428, 1, 2022/09/12, 20:15:28.163, 3636322170802, vstest.console.dll, LoaderExceptions: System.IO.FileNotFoundException: Could not load file or assembly 'Microsoft.Bcl.AsyncInterfaces, Version=1.0.0.0, Culture=neutral, PublicKeyToken=cc7b13ffcd2ddd51'. The system cannot find the file specified.
File name: 'Microsoft.Bcl.AsyncInterfaces, Version=1.0.0.0, Culture=neutral, PublicKeyToken=cc7b13ffcd2ddd51'
 ---> System.IO.FileNotFoundException: Could not load file or assembly 'Microsoft.Bcl.AsyncInterfaces, Culture=neutral, PublicKeyToken=null'. The system cannot find the file specified.
File name: 'Microsoft.Bcl.AsyncInterfaces, Culture=neutral, PublicKeyToken=null'
   at System.Reflection.RuntimeAssembly.InternalLoad(ObjectHandleOnStack assemblyName, ObjectHandleOnStack requestingAssembly, StackCrawlMarkHandle stackMark, Boolean throwOnFileNotFound, ObjectHandleOnStack assemblyLoadContext, ObjectHandleOnStack retAssembly)
   at System.Reflection.RuntimeAssembly.InternalLoad(AssemblyName assemblyName, RuntimeAssembly requestingAssembly, StackCrawlMark& stackMark, Boolean throwOnFileNotFound, AssemblyLoadContext assemblyLoadContext)
   at System.Reflection.Assembly.Load(AssemblyName assemblyRef)
   at Microsoft.VisualStudio.TestPlatform.Common.ExtensionFramework.TestPluginCache.CurrentDomainAssemblyResolve(Object sender, AssemblyResolveEventArgs args)
   at Microsoft.VisualStudio.TestPlatform.PlatformAbstractions.PlatformAssemblyResolver.AssemblyResolverEvent(Object sender, Object eventArgs)
   at System.Runtime.Loader.AssemblyLoadContext.GetFirstResolvedAssemblyFromResolvingEvent(AssemblyName assemblyName)
   at System.Runtime.Loader.AssemblyLoadContext.ResolveUsingEvent(AssemblyName assemblyName)
   at System.Runtime.Loader.AssemblyLoadContext.ResolveUsingResolvingEvent(IntPtr gchManagedAssemblyLoadContext, AssemblyName assemblyName)
TpTrace Information: 0 : 19428, 1, 2022/09/12, 20:15:28.163, 3636322172392, vstest.console.dll, AssemblyResolver.OnResolve: Microsoft.TestPlatform.Extensions.BlameDataCollector: Resolving assembly.
TpTrace Information: 0 : 19428, 1, 2022/09/12, 20:15:28.163, 3636322173114, vstest.console.dll, AssemblyResolver.OnResolve: Microsoft.TestPlatform.Extensions.BlameDataCollector: Searching in: 'C:\Program Files\dotnet\sdk\6.0.303\Extensions'.
TpTrace Information: 0 : 19428, 1, 2022/09/12, 20:15:28.163, 3636322175493, vstest.console.dll, AssemblyResolver.OnResolve: Microsoft.TestPlatform.Extensions.BlameDataCollector: Loading assembly 'C:\Program Files\dotnet\sdk\6.0.303\Extensions\Microsoft.TestPlatform.Extensions.BlameDataCollector.dll'.
TpTrace Information: 0 : 19428, 1, 2022/09/12, 20:15:28.164, 3636322179586, vstest.console.dll, AssemblyResolver.OnResolve: Resolved assembly: Microsoft.TestPlatform.Extensions.BlameDataCollector, from path: C:\Program Files\dotnet\sdk\6.0.303\Extensions\Microsoft.TestPlatform.Extensions.BlameDataCollector.dll
TpTrace Verbose: 0 : 19428, 1, 2022/09/12, 20:15:28.164, 3636322180262, vstest.console.dll, MetadataReaderExtensionsHelper: Discovering extensions inside assembly 'Microsoft.TestPlatform.Extensions.BlameDataCollector, Version=15.0.0.0, Culture=neutral, PublicKeyToken=b03f5f7f11d50a3a' file path 'C:\Program Files\dotnet\sdk\6.0.303\Extensions\Microsoft.TestPlatform.Extensions.BlameDataCollector.dll'
TpTrace Information: 0 : 19428, 1, 2022/09/12, 20:15:28.165, 3636322190453, vstest.console.dll, AssemblyResolver.OnResolve: Microsoft.TestPlatform.Extensions.EventLogCollector: Resolving assembly.
TpTrace Information: 0 : 19428, 1, 2022/09/12, 20:15:28.165, 3636322191159, vstest.console.dll, AssemblyResolver.OnResolve: Microsoft.TestPlatform.Extensions.EventLogCollector: Searching in: 'C:\Program Files\dotnet\sdk\6.0.303\Extensions'.
TpTrace Information: 0 : 19428, 1, 2022/09/12, 20:15:28.165, 3636322193171, vstest.console.dll, AssemblyResolver.OnResolve: Microsoft.TestPlatform.Extensions.EventLogCollector: Loading assembly 'C:\Program Files\dotnet\sdk\6.0.303\Extensions\Microsoft.TestPlatform.Extensions.EventLogCollector.dll'.
TpTrace Information: 0 : 19428, 1, 2022/09/12, 20:15:28.165, 3636322197044, vstest.console.dll, AssemblyResolver.OnResolve: Resolved assembly: Microsoft.TestPlatform.Extensions.EventLogCollector, from path: C:\Program Files\dotnet\sdk\6.0.303\Extensions\Microsoft.TestPlatform.Extensions.EventLogCollector.dll
TpTrace Verbose: 0 : 19428, 1, 2022/09/12, 20:15:28.165, 3636322197693, vstest.console.dll, MetadataReaderExtensionsHelper: Discovering extensions inside assembly 'Microsoft.TestPlatform.Extensions.EventLogCollector, Version=15.0.0.0, Culture=neutral, PublicKeyToken=b03f5f7f11d50a3a' file path 'C:\Program Files\dotnet\sdk\6.0.303\Extensions\Microsoft.TestPlatform.Extensions.EventLogCollector.dll'
TpTrace Information: 0 : 19428, 1, 2022/09/12, 20:15:28.167, 3636322211483, vstest.console.dll, AssemblyResolver.OnResolve: Microsoft.TestPlatform.TestHostRuntimeProvider: Resolving assembly.
TpTrace Information: 0 : 19428, 1, 2022/09/12, 20:15:28.167, 3636322212241, vstest.console.dll, AssemblyResolver.OnResolve: Microsoft.TestPlatform.TestHostRuntimeProvider: Searching in: 'C:\Program Files\dotnet\sdk\6.0.303\Extensions'.
TpTrace Information: 0 : 19428, 1, 2022/09/12, 20:15:28.167, 3636322214084, vstest.console.dll, AssemblyResolver.OnResolve: Microsoft.TestPlatform.TestHostRuntimeProvider: Loading assembly 'C:\Program Files\dotnet\sdk\6.0.303\Extensions\Microsoft.TestPlatform.TestHostRuntimeProvider.dll'.
TpTrace Information: 0 : 19428, 1, 2022/09/12, 20:15:28.167, 3636322217493, vstest.console.dll, AssemblyResolver.OnResolve: Resolved assembly: Microsoft.TestPlatform.TestHostRuntimeProvider, from path: C:\Program Files\dotnet\sdk\6.0.303\Extensions\Microsoft.TestPlatform.TestHostRuntimeProvider.dll
TpTrace Verbose: 0 : 19428, 1, 2022/09/12, 20:15:28.167, 3636322218202, vstest.console.dll, MetadataReaderExtensionsHelper: Discovering extensions inside assembly 'Microsoft.TestPlatform.TestHostRuntimeProvider, Version=15.0.0.0, Culture=neutral, PublicKeyToken=b03f5f7f11d50a3a' file path 'C:\Program Files\dotnet\sdk\6.0.303\Extensions\Microsoft.TestPlatform.TestHostRuntimeProvider.dll'
TpTrace Information: 0 : 19428, 1, 2022/09/12, 20:15:28.169, 3636322233495, vstest.console.dll, GetTestExtensionFromType: Register extension with identifier data 'HostProvider://DefaultTestHost' and type 'Microsoft.VisualStudio.TestPlatform.CrossPlatEngine.Hosting.DefaultTestHostManager, Microsoft.TestPlatform.TestHostRuntimeProvider, Version=15.0.0.0, Culture=neutral, PublicKeyToken=b03f5f7f11d50a3a' inside file 'C:\Program Files\dotnet\sdk\6.0.303\Extensions\Microsoft.TestPlatform.TestHostRuntimeProvider.dll'
TpTrace Information: 0 : 19428, 1, 2022/09/12, 20:15:28.169, 3636322234346, vstest.console.dll, GetTestExtensionFromType: Register extension with identifier data 'HostProvider://DotnetTestHost' and type 'Microsoft.VisualStudio.TestPlatform.CrossPlatEngine.Hosting.DotnetTestHostManager, Microsoft.TestPlatform.TestHostRuntimeProvider, Version=15.0.0.0, Culture=neutral, PublicKeyToken=b03f5f7f11d50a3a' inside file 'C:\Program Files\dotnet\sdk\6.0.303\Extensions\Microsoft.TestPlatform.TestHostRuntimeProvider.dll'
TpTrace Information: 0 : 19428, 1, 2022/09/12, 20:15:28.169, 3636322235037, vstest.console.dll, AssemblyResolver.OnResolve: Microsoft.VisualStudio.TestPlatform.Extensions.Html.TestLogger: Resolving assembly.
TpTrace Information: 0 : 19428, 1, 2022/09/12, 20:15:28.169, 3636322235325, vstest.console.dll, AssemblyResolver.OnResolve: Microsoft.VisualStudio.TestPlatform.Extensions.Html.TestLogger: Searching in: 'C:\Program Files\dotnet\sdk\6.0.303\Extensions'.
TpTrace Information: 0 : 19428, 1, 2022/09/12, 20:15:28.169, 3636322237260, vstest.console.dll, AssemblyResolver.OnResolve: Microsoft.VisualStudio.TestPlatform.Extensions.Html.TestLogger: Loading assembly 'C:\Program Files\dotnet\sdk\6.0.303\Extensions\Microsoft.VisualStudio.TestPlatform.Extensions.Html.TestLogger.dll'.
TpTrace Information: 0 : 19428, 1, 2022/09/12, 20:15:28.170, 3636322240155, vstest.console.dll, AssemblyResolver.OnResolve: Resolved assembly: Microsoft.VisualStudio.TestPlatform.Extensions.Html.TestLogger, from path: C:\Program Files\dotnet\sdk\6.0.303\Extensions\Microsoft.VisualStudio.TestPlatform.Extensions.Html.TestLogger.dll
TpTrace Verbose: 0 : 19428, 1, 2022/09/12, 20:15:28.170, 3636322241040, vstest.console.dll, MetadataReaderExtensionsHelper: Discovering extensions inside assembly 'Microsoft.VisualStudio.TestPlatform.Extensions.Html.TestLogger, Version=15.0.0.0, Culture=neutral, PublicKeyToken=b03f5f7f11d50a3a' file path 'C:\Program Files\dotnet\sdk\6.0.303\Extensions\Microsoft.VisualStudio.TestPlatform.Extensions.Html.TestLogger.dll'
TpTrace Information: 0 : 19428, 1, 2022/09/12, 20:15:28.170, 3636322244501, vstest.console.dll, AssemblyResolver.OnResolve: Microsoft.VisualStudio.TestPlatform.Extensions.Trx.TestLogger: Resolving assembly.
TpTrace Information: 0 : 19428, 1, 2022/09/12, 20:15:28.170, 3636322244827, vstest.console.dll, AssemblyResolver.OnResolve: Microsoft.VisualStudio.TestPlatform.Extensions.Trx.TestLogger: Searching in: 'C:\Program Files\dotnet\sdk\6.0.303\Extensions'.
TpTrace Information: 0 : 19428, 1, 2022/09/12, 20:15:28.170, 3636322246112, vstest.console.dll, AssemblyResolver.OnResolve: Microsoft.VisualStudio.TestPlatform.Extensions.Trx.TestLogger: Loading assembly 'C:\Program Files\dotnet\sdk\6.0.303\Extensions\Microsoft.VisualStudio.TestPlatform.Extensions.Trx.TestLogger.dll'.
TpTrace Information: 0 : 19428, 1, 2022/09/12, 20:15:28.170, 3636322248624, vstest.console.dll, AssemblyResolver.OnResolve: Resolved assembly: Microsoft.VisualStudio.TestPlatform.Extensions.Trx.TestLogger, from path: C:\Program Files\dotnet\sdk\6.0.303\Extensions\Microsoft.VisualStudio.TestPlatform.Extensions.Trx.TestLogger.dll
TpTrace Verbose: 0 : 19428, 1, 2022/09/12, 20:15:28.170, 3636322249038, vstest.console.dll, MetadataReaderExtensionsHelper: Discovering extensions inside assembly 'Microsoft.VisualStudio.TestPlatform.Extensions.Trx.TestLogger, Version=15.0.0.0, Culture=neutral, PublicKeyToken=b03f5f7f11d50a3a' file path 'C:\Program Files\dotnet\sdk\6.0.303\Extensions\Microsoft.VisualStudio.TestPlatform.Extensions.Trx.TestLogger.dll'
TpTrace Verbose: 0 : 19428, 1, 2022/09/12, 20:15:28.171, 3636322254026, vstest.console.dll, TestPluginCache: Discovered the extensions using extension path ''.
TpTrace Verbose: 0 : 19428, 1, 2022/09/12, 20:15:28.171, 3636322254411, vstest.console.dll, TestPluginCache: Discoverers are ''.
TpTrace Verbose: 0 : 19428, 1, 2022/09/12, 20:15:28.171, 3636322254581, vstest.console.dll, TestPluginCache: Executors are ''.
TpTrace Verbose: 0 : 19428, 1, 2022/09/12, 20:15:28.171, 3636322254711, vstest.console.dll, TestPluginCache: Executors2 are ''.
TpTrace Verbose: 0 : 19428, 1, 2022/09/12, 20:15:28.171, 3636322254839, vstest.console.dll, TestPluginCache: Setting providers are ''.
TpTrace Verbose: 0 : 19428, 1, 2022/09/12, 20:15:28.171, 3636322254967, vstest.console.dll, TestPluginCache: Loggers are ''.
TpTrace Verbose: 0 : 19428, 1, 2022/09/12, 20:15:28.171, 3636322255895, vstest.console.dll, TestPluginCache: TestHosts are 'HostProvider://DefaultTestHost,HostProvider://DotnetTestHost'.
TpTrace Verbose: 0 : 19428, 1, 2022/09/12, 20:15:28.171, 3636322256148, vstest.console.dll, TestPluginCache: DataCollectors are ''.
TpTrace Information: 0 : 19428, 1, 2022/09/12, 20:15:28.179, 3636322331910, vstest.console.dll, RunTestsArgumentProcessor:Execute: Test run is starting.
TpTrace Verbose: 0 : 19428, 1, 2022/09/12, 20:15:28.179, 3636322332754, vstest.console.dll, RunTestsArgumentProcessor:Execute: Queuing Test run.
TpTrace Information: 0 : 19428, 1, 2022/09/12, 20:15:28.179, 3636322334658, vstest.console.dll, TestRequestManager.RunTests: run tests started.
TpTrace Information: 0 : 19428, 1, 2022/09/12, 20:15:28.180, 3636322348662, vstest.console.dll, AssemblyMetadataProvider.GetFrameWork: Determined framework:'.NETCoreApp,Version=v3.1' for source: 'C:\Users\SteevesSaillant\source\repos\XUnit_CSharp_Example\SimpleCRMTests\bin\Debug\netcoreapp3.1\fine-code-coverage\build-output\SimpleCRMTests.dll'
TpTrace Information: 0 : 19428, 1, 2022/09/12, 20:15:28.181, 3636322349921, vstest.console.dll, Determined framework for all sources: .NETCoreApp,Version=v3.1
TpTrace Verbose: 0 : 19428, 1, 2022/09/12, 20:15:28.181, 3636322353764, vstest.console.dll, TestRequestManager.UpdateRunSettingsIfRequired: Default architecture: X64 IsDefaultTargetArchitecture: True, Current process architecture: X64 OperatingSystem: Windows.
TpTrace Information: 0 : 19428, 1, 2022/09/12, 20:15:28.181, 3636322355983, vstest.console.dll, AssemblyMetadataProvider.GetArchitecture: Determined architecture:AnyCPU info for assembly: C:\Users\SteevesSaillant\source\repos\XUnit_CSharp_Example\SimpleCRMTests\bin\Debug\netcoreapp3.1\fine-code-coverage\build-output\SimpleCRMTests.dll
TpTrace Information: 0 : 19428, 1, 2022/09/12, 20:15:28.181, 3636322356347, vstest.console.dll, Determined platform for source 'C:\Users\SteevesSaillant\source\repos\XUnit_CSharp_Example\SimpleCRMTests\bin\Debug\netcoreapp3.1\fine-code-coverage\build-output\SimpleCRMTests.dll' is 'AnyCPU'
TpTrace Information: 0 : 19428, 1, 2022/09/12, 20:15:28.183, 3636322371898, vstest.console.dll, Determined platform for all sources: X64
TpTrace Information: 0 : 19428, 1, 2022/09/12, 20:15:28.183, 3636322372501, vstest.console.dll, Infered platform 'X64'.
TpTrace Information: 0 : 19428, 1, 2022/09/12, 20:15:28.183, 3636322372712, vstest.console.dll, Platform update to 'X64' required.
TpTrace Information: 0 : 19428, 1, 2022/09/12, 20:15:28.185, 3636322390459, vstest.console.dll, Compatible sources list: 
TpTrace Information: 0 : 19428, 1, 2022/09/12, 20:15:28.185, 3636322390983, vstest.console.dll, C:\Users\SteevesSaillant\source\repos\XUnit_CSharp_Example\SimpleCRMTests\bin\Debug\netcoreapp3.1\fine-code-coverage\build-output\SimpleCRMTests.dll
TpTrace Information: 0 : 19428, 1, 2022/09/12, 20:15:28.186, 3636322407611, vstest.console.dll, InferRunSettingsHelper.IsTestSettingsEnabled: Unable to navigate to RunSettings/MSTest. Current node: RunSettings
TpTrace Information: 0 : 19428, 1, 2022/09/12, 20:15:28.187, 3636322412464, vstest.console.dll, AssemblyResolver.OnResolve: Microsoft.VisualStudio.TestPlatform.Fakes: Resolving assembly.
TpTrace Information: 0 : 19428, 1, 2022/09/12, 20:15:28.187, 3636322412890, vstest.console.dll, AssemblyResolver.OnResolve: Microsoft.VisualStudio.TestPlatform.Fakes: Searching in: 'C:\Program Files\dotnet\sdk\6.0.303\Extensions'.
TpTrace Information: 0 : 19428, 1, 2022/09/12, 20:15:28.187, 3636322413697, vstest.console.dll, AssemblyResolver.OnResolve: Microsoft.VisualStudio.TestPlatform.Fakes: Assembly path does not exist: 'C:\Program Files\dotnet\sdk\6.0.303\Extensions\Microsoft.VisualStudio.TestPlatform.Fakes.dll', returning.
TpTrace Information: 0 : 19428, 1, 2022/09/12, 20:15:28.187, 3636322414075, vstest.console.dll, AssemblyResolver.OnResolve: Microsoft.VisualStudio.TestPlatform.Fakes: Assembly path does not exist: 'C:\Program Files\dotnet\sdk\6.0.303\Extensions\Microsoft.VisualStudio.TestPlatform.Fakes.exe', returning.
TpTrace Information: 0 : 19428, 1, 2022/09/12, 20:15:28.187, 3636322414347, vstest.console.dll, AssemblyResolver.OnResolve: Microsoft.VisualStudio.TestPlatform.Fakes: Searching in: 'C:\Program Files\dotnet\sdk\6.0.303'.
TpTrace Information: 0 : 19428, 1, 2022/09/12, 20:15:28.187, 3636322414739, vstest.console.dll, AssemblyResolver.OnResolve: Microsoft.VisualStudio.TestPlatform.Fakes: Assembly path does not exist: 'C:\Program Files\dotnet\sdk\6.0.303\Microsoft.VisualStudio.TestPlatform.Fakes.dll', returning.
TpTrace Information: 0 : 19428, 1, 2022/09/12, 20:15:28.187, 3636322415068, vstest.console.dll, AssemblyResolver.OnResolve: Microsoft.VisualStudio.TestPlatform.Fakes: Assembly path does not exist: 'C:\Program Files\dotnet\sdk\6.0.303\Microsoft.VisualStudio.TestPlatform.Fakes.exe', returning.
TpTrace Information: 0 : 19428, 1, 2022/09/12, 20:15:28.187, 3636322415236, vstest.console.dll, AssemblyResolver.OnResolve: Microsoft.VisualStudio.TestPlatform.Fakes: Failed to load assembly.
TpTrace Information: 0 : 19428, 1, 2022/09/12, 20:15:28.187, 3636322417049, vstest.console.dll, Failed to load assembly Microsoft.VisualStudio.TestPlatform.Fakes, Version=17.0.0.0, Culture=neutral. Reason:System.IO.FileNotFoundException: Could not load file or assembly 'Microsoft.VisualStudio.TestPlatform.Fakes, Version=17.0.0.0, Culture=neutral, PublicKeyToken=null'. The system cannot find the file specified.
File name: 'Microsoft.VisualStudio.TestPlatform.Fakes, Version=17.0.0.0, Culture=neutral, PublicKeyToken=null'
   at System.Reflection.RuntimeAssembly.InternalLoad(ObjectHandleOnStack assemblyName, ObjectHandleOnStack requestingAssembly, StackCrawlMarkHandle stackMark, Boolean throwOnFileNotFound, ObjectHandleOnStack assemblyLoadContext, ObjectHandleOnStack retAssembly)
   at System.Reflection.RuntimeAssembly.InternalLoad(AssemblyName assemblyName, RuntimeAssembly requestingAssembly, StackCrawlMark& stackMark, Boolean throwOnFileNotFound, AssemblyLoadContext assemblyLoadContext)
   at System.Reflection.Assembly.Load(AssemblyName assemblyRef)
   at Microsoft.VisualStudio.TestPlatform.Common.Utilities.FakesUtilities.LoadTestPlatformAssembly()
TpTrace Verbose: 0 : 19428, 1, 2022/09/12, 20:15:28.190, 3636322443077, vstest.console.dll, TestPluginCache.DiscoverTestExtensions: finding test extensions in assemblies ends with: TestLogger.dll TPluginInfo: Microsoft.VisualStudio.TestPlatform.Common.ExtensionFramework.Utilities.TestLoggerPluginInformation TExtension: Microsoft.VisualStudio.TestPlatform.ObjectModel.Client.ITestLogger
TpTrace Verbose: 0 : 19428, 1, 2022/09/12, 20:15:28.190, 3636322443842, vstest.console.dll, TestPluginCache.GetExtensionPaths: Filtered extension paths: 
TpTrace Verbose: 0 : 19428, 1, 2022/09/12, 20:15:28.190, 3636322444042, vstest.console.dll, TestPluginCache.GetExtensionPaths: Added default extension paths: C:\Program Files\dotnet\sdk\6.0.303\Extensions\DumpMinitool.exe
C:\Program Files\dotnet\sdk\6.0.303\Extensions\DumpMinitool.x86.exe
C:\Program Files\dotnet\sdk\6.0.303\Extensions\Microsoft.Diagnostics.NETCore.Client.dll
C:\Program Files\dotnet\sdk\6.0.303\Extensions\Microsoft.TestPlatform.Extensions.BlameDataCollector.dll
C:\Program Files\dotnet\sdk\6.0.303\Extensions\Microsoft.TestPlatform.Extensions.EventLogCollector.dll
C:\Program Files\dotnet\sdk\6.0.303\Extensions\Microsoft.TestPlatform.TestHostRuntimeProvider.dll
C:\Program Files\dotnet\sdk\6.0.303\Extensions\Microsoft.VisualStudio.TestPlatform.Extensions.Html.TestLogger.dll
C:\Program Files\dotnet\sdk\6.0.303\Extensions\Microsoft.VisualStudio.TestPlatform.Extensions.Trx.TestLogger.dll
TpTrace Verbose: 0 : 19428, 1, 2022/09/12, 20:15:28.190, 3636322444270, vstest.console.dll, TestPluginCache.GetExtensionPaths: Added unfilterableExtensionPaths: 
TpTrace Information: 0 : 19428, 1, 2022/09/12, 20:15:28.190, 3636322445338, vstest.console.dll, AssemblyResolver.AddSearchDirectories: Adding more searchDirectories C:\Program Files\dotnet\sdk\6.0.303\Extensions,C:\Program Files\dotnet\sdk\6.0.303
TpTrace Verbose: 0 : 19428, 1, 2022/09/12, 20:15:28.190, 3636322445644, vstest.console.dll, TestPluginCache.DiscoverTestExtensions: Discovering the extensions using extension path.
TpTrace Verbose: 0 : 19428, 1, 2022/09/12, 20:15:28.190, 3636322445971, vstest.console.dll, TestPluginCache.GetExtensionPaths: Filtered extension paths: 
TpTrace Verbose: 0 : 19428, 1, 2022/09/12, 20:15:28.190, 3636322446235, vstest.console.dll, TestPluginCache.GetExtensionPaths: Added default extension paths: C:\Program Files\dotnet\sdk\6.0.303\Extensions\DumpMinitool.exe
C:\Program Files\dotnet\sdk\6.0.303\Extensions\DumpMinitool.x86.exe
C:\Program Files\dotnet\sdk\6.0.303\Extensions\Microsoft.Diagnostics.NETCore.Client.dll
C:\Program Files\dotnet\sdk\6.0.303\Extensions\Microsoft.TestPlatform.Extensions.BlameDataCollector.dll
C:\Program Files\dotnet\sdk\6.0.303\Extensions\Microsoft.TestPlatform.Extensions.EventLogCollector.dll
C:\Program Files\dotnet\sdk\6.0.303\Extensions\Microsoft.TestPlatform.TestHostRuntimeProvider.dll
C:\Program Files\dotnet\sdk\6.0.303\Extensions\Microsoft.VisualStudio.TestPlatform.Extensions.Html.TestLogger.dll
C:\Program Files\dotnet\sdk\6.0.303\Extensions\Microsoft.VisualStudio.TestPlatform.Extensions.Trx.TestLogger.dll
TpTrace Verbose: 0 : 19428, 1, 2022/09/12, 20:15:28.190, 3636322446505, vstest.console.dll, TestPluginCache.GetExtensionPaths: Added unfilterableExtensionPaths: 
TpTrace Verbose: 0 : 19428, 1, 2022/09/12, 20:15:28.190, 3636322446698, vstest.console.dll, TestPluginCache.DiscoverTestExtensions: Discovering the extensions using allExtensionPaths: C:\Program Files\dotnet\sdk\6.0.303\Extensions\DumpMinitool.exe
C:\Program Files\dotnet\sdk\6.0.303\Extensions\DumpMinitool.x86.exe
C:\Program Files\dotnet\sdk\6.0.303\Extensions\Microsoft.Diagnostics.NETCore.Client.dll
C:\Program Files\dotnet\sdk\6.0.303\Extensions\Microsoft.TestPlatform.Extensions.BlameDataCollector.dll
C:\Program Files\dotnet\sdk\6.0.303\Extensions\Microsoft.TestPlatform.Extensions.EventLogCollector.dll
C:\Program Files\dotnet\sdk\6.0.303\Extensions\Microsoft.TestPlatform.TestHostRuntimeProvider.dll
C:\Program Files\dotnet\sdk\6.0.303\Extensions\Microsoft.VisualStudio.TestPlatform.Extensions.Html.TestLogger.dll
C:\Program Files\dotnet\sdk\6.0.303\Extensions\Microsoft.VisualStudio.TestPlatform.Extensions.Trx.TestLogger.dll
TpTrace Information: 0 : 19428, 1, 2022/09/12, 20:15:28.190, 3636322447005, vstest.console.dll, AssemblyResolver.AddSearchDirectories: Adding more searchDirectories C:\Program Files\dotnet\sdk\6.0.303\Extensions,C:\Program Files\dotnet\sdk\6.0.303
TpTrace Information: 0 : 19428, 1, 2022/09/12, 20:15:28.190, 3636322447180, vstest.console.dll, AssemblyResolver.AddSearchDirectories: Adding more searchDirectories C:\Program Files\dotnet\sdk\6.0.303\Extensions,C:\Program Files\dotnet\sdk\6.0.303
TpTrace Information: 0 : 19428, 1, 2022/09/12, 20:15:28.190, 3636322447338, vstest.console.dll, AssemblyResolver.AddSearchDirectories: Adding more searchDirectories C:\Program Files\dotnet\sdk\6.0.303\Extensions,C:\Program Files\dotnet\sdk\6.0.303
TpTrace Information: 0 : 19428, 1, 2022/09/12, 20:15:28.190, 3636322447520, vstest.console.dll, AssemblyResolver.AddSearchDirectories: Adding more searchDirectories C:\Program Files\dotnet\sdk\6.0.303\Extensions,C:\Program Files\dotnet\sdk\6.0.303
TpTrace Information: 0 : 19428, 1, 2022/09/12, 20:15:28.190, 3636322447680, vstest.console.dll, AssemblyResolver.AddSearchDirectories: Adding more searchDirectories C:\Program Files\dotnet\sdk\6.0.303\Extensions,C:\Program Files\dotnet\sdk\6.0.303
TpTrace Information: 0 : 19428, 1, 2022/09/12, 20:15:28.190, 3636322447838, vstest.console.dll, AssemblyResolver.AddSearchDirectories: Adding more searchDirectories C:\Program Files\dotnet\sdk\6.0.303\Extensions,C:\Program Files\dotnet\sdk\6.0.303
TpTrace Information: 0 : 19428, 1, 2022/09/12, 20:15:28.190, 3636322448021, vstest.console.dll, AssemblyResolver.AddSearchDirectories: Adding more searchDirectories C:\Program Files\dotnet\sdk\6.0.303\Extensions,C:\Program Files\dotnet\sdk\6.0.303
TpTrace Information: 0 : 19428, 1, 2022/09/12, 20:15:28.190, 3636322448180, vstest.console.dll, AssemblyResolver.AddSearchDirectories: Adding more searchDirectories C:\Program Files\dotnet\sdk\6.0.303\Extensions,C:\Program Files\dotnet\sdk\6.0.303
TpTrace Verbose: 0 : 19428, 1, 2022/09/12, 20:15:28.190, 3636322449128, vstest.console.dll, MetadataReaderExtensionsHelper: Discovering extensions inside assembly 'DumpMinitool, Version=15.0.0.0, Culture=neutral, PublicKeyToken=b03f5f7f11d50a3a' file path 'C:\Program Files\dotnet\sdk\6.0.303\Extensions\DumpMinitool.exe'
TpTrace Verbose: 0 : 19428, 1, 2022/09/12, 20:15:28.191, 3636322451553, vstest.console.dll, MetadataReaderExtensionsHelper: Discovering extensions inside assembly 'DumpMinitool.x86, Version=15.0.0.0, Culture=neutral, PublicKeyToken=b03f5f7f11d50a3a' file path 'C:\Program Files\dotnet\sdk\6.0.303\Extensions\DumpMinitool.x86.exe'
TpTrace Verbose: 0 : 19428, 1, 2022/09/12, 20:15:28.191, 3636322453112, vstest.console.dll, MetadataReaderExtensionsHelper: Discovering extensions inside assembly 'Microsoft.Diagnostics.NETCore.Client, Version=0.2.5.801, Culture=neutral, PublicKeyToken=31bf3856ad364e35' file path 'C:\Program Files\dotnet\sdk\6.0.303\Extensions\Microsoft.Diagnostics.NETCore.Client.dll'
TpTrace Information: 0 : 19428, 1, 2022/09/12, 20:15:28.191, 3636322455907, vstest.console.dll, AssemblyResolver.OnResolve: Microsoft.Bcl.AsyncInterfaces: Resolving assembly.
TpTrace Information: 0 : 19428, 1, 2022/09/12, 20:15:28.191, 3636322456267, vstest.console.dll, AssemblyResolver.OnResolve: Microsoft.Bcl.AsyncInterfaces: Resolved from cache.
TpTrace Verbose: 0 : 19428, 1, 2022/09/12, 20:15:28.191, 3636322456483, vstest.console.dll, CurrentDomainAssemblyResolve: Resolving assembly 'Microsoft.Bcl.AsyncInterfaces'.
TpTrace Information: 0 : 19428, 1, 2022/09/12, 20:15:28.191, 3636322456752, vstest.console.dll, AssemblyResolver.OnResolve: Microsoft.Bcl.AsyncInterfaces: Resolving assembly.
TpTrace Information: 0 : 19428, 1, 2022/09/12, 20:15:28.191, 3636322456914, vstest.console.dll, AssemblyResolver.OnResolve: Microsoft.Bcl.AsyncInterfaces: Resolved from cache.
TpTrace Verbose: 0 : 19428, 1, 2022/09/12, 20:15:28.191, 3636322457077, vstest.console.dll, CurrentDomainAssemblyResolve: Resolving assembly 'Microsoft.Bcl.AsyncInterfaces'.
TpTrace Verbose: 0 : 19428, 1, 2022/09/12, 20:15:28.191, 3636322457282, vstest.console.dll, CurrentDomainAssemblyResolve: Failed to resolve assembly 'Microsoft.Bcl.AsyncInterfaces'.
TpTrace Verbose: 0 : 19428, 1, 2022/09/12, 20:15:28.191, 3636322458399, vstest.console.dll, CurrentDomainAssemblyResolve: Failed to resolve assembly 'Microsoft.Bcl.AsyncInterfaces'.
TpTrace Warning: 0 : 19428, 1, 2022/09/12, 20:15:28.192, 3636322460804, vstest.console.dll, TestPluginDiscoverer: Failed to get types from assembly 'Microsoft.Diagnostics.NETCore.Client, Version=0.2.5.801, Culture=neutral, PublicKeyToken=31bf3856ad364e35'. Error: System.Reflection.ReflectionTypeLoadException: Unable to load one or more of the requested types.
Could not load file or assembly 'Microsoft.Bcl.AsyncInterfaces, Version=1.0.0.0, Culture=neutral, PublicKeyToken=cc7b13ffcd2ddd51'. The system cannot find the file specified.
   at System.Reflection.RuntimeModule.GetTypes(RuntimeModule module)
   at System.Reflection.Assembly.GetTypes()
   at Microsoft.VisualStudio.TestPlatform.Common.ExtensionFramework.TestPluginDiscoverer.GetTestExtensionsFromAssembly[TPluginInfo,TExtension](Assembly assembly, Dictionary`2 pluginInfos, String filePath)
System.IO.FileNotFoundException: Could not load file or assembly 'Microsoft.Bcl.AsyncInterfaces, Version=1.0.0.0, Culture=neutral, PublicKeyToken=cc7b13ffcd2ddd51'. The system cannot find the file specified.
File name: 'Microsoft.Bcl.AsyncInterfaces, Version=1.0.0.0, Culture=neutral, PublicKeyToken=cc7b13ffcd2ddd51'
 ---> System.IO.FileNotFoundException: Could not load file or assembly 'Microsoft.Bcl.AsyncInterfaces, Culture=neutral, PublicKeyToken=null'. The system cannot find the file specified.
File name: 'Microsoft.Bcl.AsyncInterfaces, Culture=neutral, PublicKeyToken=null'
   at System.Reflection.RuntimeAssembly.InternalLoad(ObjectHandleOnStack assemblyName, ObjectHandleOnStack requestingAssembly, StackCrawlMarkHandle stackMark, Boolean throwOnFileNotFound, ObjectHandleOnStack assemblyLoadContext, ObjectHandleOnStack retAssembly)
   at System.Reflection.RuntimeAssembly.InternalLoad(AssemblyName assemblyName, RuntimeAssembly requestingAssembly, StackCrawlMark& stackMark, Boolean throwOnFileNotFound, AssemblyLoadContext assemblyLoadContext)
   at System.Reflection.Assembly.Load(AssemblyName assemblyRef)
   at Microsoft.VisualStudio.TestPlatform.Common.ExtensionFramework.TestPluginCache.CurrentDomainAssemblyResolve(Object sender, AssemblyResolveEventArgs args)
   at Microsoft.VisualStudio.TestPlatform.PlatformAbstractions.PlatformAssemblyResolver.AssemblyResolverEvent(Object sender, Object eventArgs)
   at System.Runtime.Loader.AssemblyLoadContext.GetFirstResolvedAssemblyFromResolvingEvent(AssemblyName assemblyName)
   at System.Runtime.Loader.AssemblyLoadContext.ResolveUsingEvent(AssemblyName assemblyName)
   at System.Runtime.Loader.AssemblyLoadContext.ResolveUsingResolvingEvent(IntPtr gchManagedAssemblyLoadContext, AssemblyName assemblyName)
TpTrace Warning: 0 : 19428, 1, 2022/09/12, 20:15:28.192, 3636322461985, vstest.console.dll, LoaderExceptions: System.IO.FileNotFoundException: Could not load file or assembly 'Microsoft.Bcl.AsyncInterfaces, Version=1.0.0.0, Culture=neutral, PublicKeyToken=cc7b13ffcd2ddd51'. The system cannot find the file specified.
File name: 'Microsoft.Bcl.AsyncInterfaces, Version=1.0.0.0, Culture=neutral, PublicKeyToken=cc7b13ffcd2ddd51'
 ---> System.IO.FileNotFoundException: Could not load file or assembly 'Microsoft.Bcl.AsyncInterfaces, Culture=neutral, PublicKeyToken=null'. The system cannot find the file specified.
File name: 'Microsoft.Bcl.AsyncInterfaces, Culture=neutral, PublicKeyToken=null'
   at System.Reflection.RuntimeAssembly.InternalLoad(ObjectHandleOnStack assemblyName, ObjectHandleOnStack requestingAssembly, StackCrawlMarkHandle stackMark, Boolean throwOnFileNotFound, ObjectHandleOnStack assemblyLoadContext, ObjectHandleOnStack retAssembly)
   at System.Reflection.RuntimeAssembly.InternalLoad(AssemblyName assemblyName, RuntimeAssembly requestingAssembly, StackCrawlMark& stackMark, Boolean throwOnFileNotFound, AssemblyLoadContext assemblyLoadContext)
   at System.Reflection.Assembly.Load(AssemblyName assemblyRef)
   at Microsoft.VisualStudio.TestPlatform.Common.ExtensionFramework.TestPluginCache.CurrentDomainAssemblyResolve(Object sender, AssemblyResolveEventArgs args)
   at Microsoft.VisualStudio.TestPlatform.PlatformAbstractions.PlatformAssemblyResolver.AssemblyResolverEvent(Object sender, Object eventArgs)
   at System.Runtime.Loader.AssemblyLoadContext.GetFirstResolvedAssemblyFromResolvingEvent(AssemblyName assemblyName)
   at System.Runtime.Loader.AssemblyLoadContext.ResolveUsingEvent(AssemblyName assemblyName)
   at System.Runtime.Loader.AssemblyLoadContext.ResolveUsingResolvingEvent(IntPtr gchManagedAssemblyLoadContext, AssemblyName assemblyName)
TpTrace Verbose: 0 : 19428, 1, 2022/09/12, 20:15:28.192, 3636322462562, vstest.console.dll, MetadataReaderExtensionsHelper: Discovering extensions inside assembly 'Microsoft.TestPlatform.Extensions.BlameDataCollector, Version=15.0.0.0, Culture=neutral, PublicKeyToken=b03f5f7f11d50a3a' file path 'C:\Program Files\dotnet\sdk\6.0.303\Extensions\Microsoft.TestPlatform.Extensions.BlameDataCollector.dll'
TpTrace Information: 0 : 19428, 1, 2022/09/12, 20:15:28.192, 3636322464903, vstest.console.dll, GetTestExtensionFromType: Register extension with identifier data 'logger://Microsoft/TestPlatform/Extensions/Blame/v1' and type 'Microsoft.TestPlatform.Extensions.BlameDataCollector.BlameLogger, Microsoft.TestPlatform.Extensions.BlameDataCollector, Version=15.0.0.0, Culture=neutral, PublicKeyToken=b03f5f7f11d50a3a' inside file 'C:\Program Files\dotnet\sdk\6.0.303\Extensions\Microsoft.TestPlatform.Extensions.BlameDataCollector.dll'
TpTrace Verbose: 0 : 19428, 1, 2022/09/12, 20:15:28.192, 3636322465435, vstest.console.dll, MetadataReaderExtensionsHelper: Discovering extensions inside assembly 'Microsoft.TestPlatform.Extensions.EventLogCollector, Version=15.0.0.0, Culture=neutral, PublicKeyToken=b03f5f7f11d50a3a' file path 'C:\Program Files\dotnet\sdk\6.0.303\Extensions\Microsoft.TestPlatform.Extensions.EventLogCollector.dll'
TpTrace Verbose: 0 : 19428, 1, 2022/09/12, 20:15:28.192, 3636322467132, vstest.console.dll, MetadataReaderExtensionsHelper: Discovering extensions inside assembly 'Microsoft.TestPlatform.TestHostRuntimeProvider, Version=15.0.0.0, Culture=neutral, PublicKeyToken=b03f5f7f11d50a3a' file path 'C:\Program Files\dotnet\sdk\6.0.303\Extensions\Microsoft.TestPlatform.TestHostRuntimeProvider.dll'
TpTrace Verbose: 0 : 19428, 1, 2022/09/12, 20:15:28.192, 3636322468892, vstest.console.dll, MetadataReaderExtensionsHelper: Discovering extensions inside assembly 'Microsoft.VisualStudio.TestPlatform.Extensions.Html.TestLogger, Version=15.0.0.0, Culture=neutral, PublicKeyToken=b03f5f7f11d50a3a' file path 'C:\Program Files\dotnet\sdk\6.0.303\Extensions\Microsoft.VisualStudio.TestPlatform.Extensions.Html.TestLogger.dll'
TpTrace Information: 0 : 19428, 1, 2022/09/12, 20:15:28.193, 3636322470482, vstest.console.dll, GetTestExtensionFromType: Register extension with identifier data 'logger://Microsoft/TestPlatform/HtmlLogger/v1' and type 'Microsoft.VisualStudio.TestPlatform.Extensions.HtmlLogger.HtmlLogger, Microsoft.VisualStudio.TestPlatform.Extensions.Html.TestLogger, Version=15.0.0.0, Culture=neutral, PublicKeyToken=b03f5f7f11d50a3a' inside file 'C:\Program Files\dotnet\sdk\6.0.303\Extensions\Microsoft.VisualStudio.TestPlatform.Extensions.Html.TestLogger.dll'
TpTrace Verbose: 0 : 19428, 1, 2022/09/12, 20:15:28.193, 3636322470896, vstest.console.dll, MetadataReaderExtensionsHelper: Discovering extensions inside assembly 'Microsoft.VisualStudio.TestPlatform.Extensions.Trx.TestLogger, Version=15.0.0.0, Culture=neutral, PublicKeyToken=b03f5f7f11d50a3a' file path 'C:\Program Files\dotnet\sdk\6.0.303\Extensions\Microsoft.VisualStudio.TestPlatform.Extensions.Trx.TestLogger.dll'
TpTrace Information: 0 : 19428, 1, 2022/09/12, 20:15:28.193, 3636322472658, vstest.console.dll, GetTestExtensionFromType: Register extension with identifier data 'logger://Microsoft/TestPlatform/TrxLogger/v1' and type 'Microsoft.VisualStudio.TestPlatform.Extensions.TrxLogger.TrxLogger, Microsoft.VisualStudio.TestPlatform.Extensions.Trx.TestLogger, Version=15.0.0.0, Culture=neutral, PublicKeyToken=b03f5f7f11d50a3a' inside file 'C:\Program Files\dotnet\sdk\6.0.303\Extensions\Microsoft.VisualStudio.TestPlatform.Extensions.Trx.TestLogger.dll'
TpTrace Verbose: 0 : 19428, 1, 2022/09/12, 20:15:28.193, 3636322473141, vstest.console.dll, TestPluginCache: Discovered the extensions using extension path ''.
TpTrace Verbose: 0 : 19428, 1, 2022/09/12, 20:15:28.193, 3636322473310, vstest.console.dll, TestPluginCache: Discoverers are ''.
TpTrace Verbose: 0 : 19428, 1, 2022/09/12, 20:15:28.193, 3636322473489, vstest.console.dll, TestPluginCache: Executors are ''.
TpTrace Verbose: 0 : 19428, 1, 2022/09/12, 20:15:28.193, 3636322473635, vstest.console.dll, TestPluginCache: Executors2 are ''.
TpTrace Verbose: 0 : 19428, 1, 2022/09/12, 20:15:28.193, 3636322473777, vstest.console.dll, TestPluginCache: Setting providers are ''.
TpTrace Verbose: 0 : 19428, 1, 2022/09/12, 20:15:28.193, 3636322474205, vstest.console.dll, TestPluginCache: Loggers are 'logger://Microsoft/TestPlatform/Extensions/Blame/v1,logger://Microsoft/TestPlatform/HtmlLogger/v1,logger://Microsoft/TestPlatform/TrxLogger/v1'.
TpTrace Verbose: 0 : 19428, 1, 2022/09/12, 20:15:28.193, 3636322474467, vstest.console.dll, TestPluginCache: TestHosts are 'HostProvider://DefaultTestHost,HostProvider://DotnetTestHost'.
TpTrace Verbose: 0 : 19428, 1, 2022/09/12, 20:15:28.193, 3636322474621, vstest.console.dll, TestPluginCache: DataCollectors are ''.
TpTrace Information: 0 : 19428, 1, 2022/09/12, 20:15:28.194, 3636322480482, vstest.console.dll, TestPluginManager.CreateTestExtension: Attempting to load test extension: Microsoft.TestPlatform.Extensions.BlameDataCollector.BlameLogger
TpTrace Information: 0 : 19428, 1, 2022/09/12, 20:15:28.197, 3636322514607, vstest.console.dll, TestPluginManager.CreateTestExtension: Attempting to load test extension: Microsoft.VisualStudio.TestPlatform.CrossPlatEngine.Hosting.DefaultTestHostManager
TpTrace Information: 0 : 19428, 1, 2022/09/12, 20:15:28.198, 3636322520425, vstest.console.dll, TestPluginManager.CreateTestExtension: Attempting to load test extension: Microsoft.VisualStudio.TestPlatform.CrossPlatEngine.Hosting.DotnetTestHostManager
TpTrace Verbose: 0 : 19428, 1, 2022/09/12, 20:15:28.198, 3636322524478, vstest.console.dll, TestEngine: Initializing Parallel Execution as MaxCpuCount is set to: 1
TpTrace Information: 0 : 19428, 1, 2022/09/12, 20:15:28.198, 3636322528517, vstest.console.dll, InferRunSettingsHelper.IsTestSettingsEnabled: Unable to navigate to RunSettings/MSTest. Current node: RunSettings
TpTrace Verbose: 0 : 19428, 1, 2022/09/12, 20:15:28.199, 3636322535268, vstest.console.dll, TestRequestSender is acting as server.
TpTrace Verbose: 0 : 19428, 1, 2022/09/12, 20:15:28.200, 3636322542387, vstest.console.dll, TestEngine.GetExecutionManager: Chosen execution manager 'Microsoft.VisualStudio.TestPlatform.CrossPlatEngine.Client.Parallel.ParallelProxyExecutionManager, Microsoft.TestPlatform.CrossPlatEngine, Version=15.0.0.0, Culture=neutral, PublicKeyToken=b03f5f7f11d50a3a' ParallelLevel '1' Shared host 'False'
TpTrace Verbose: 0 : 19428, 5, 2022/09/12, 20:15:28.202, 3636322561679, vstest.console.dll, DataCollectionRequestSender.InitializeCommunication : Initialize communication. 
TpTrace Information: 0 : 19428, 5, 2022/09/12, 20:15:28.206, 3636322601931, vstest.console.dll, Listening on Endpoint : 127.0.0.1:58755
TpTrace Verbose: 0 : 19428, 5, 2022/09/12, 20:15:28.211, 3636322654129, vstest.console.dll, DotnetDataCollectionLauncher: Full path of dotnet.exe is C:\Program Files\dotnet\dotnet.exe
TpTrace Verbose: 0 : 19428, 5, 2022/09/12, 20:15:28.211, 3636322655618, vstest.console.dll, DotnetDataCollectionLauncher: Adding  --runtimeconfig "C:\Program Files\dotnet\sdk\6.0.303\datacollector.runtimeconfig.json" in args
TpTrace Verbose: 0 : 19428, 5, 2022/09/12, 20:15:28.211, 3636322656134, vstest.console.dll, DotnetDataCollectionLauncher: Adding  --depsfile "C:\Program Files\dotnet\sdk\6.0.303\datacollector.deps.json" in args
TpTrace Information: 0 : 19428, 5, 2022/09/12, 20:15:28.227, 3636322812377, vstest.console.dll, ProxyDataCollectionManager.Initialize: Launched datacollector processId: 30044 port: 58755
TpTrace Information: 0 : 19428, 5, 2022/09/12, 20:15:28.227, 3636322813821, vstest.console.dll, ProxyDataCollectionManager.Initialize: waiting for connection with timeout: 90 seconds
TpTrace Verbose: 0 : 19428, 5, 2022/09/12, 20:15:28.227, 3636322814334, vstest.console.dll, DataCollectionRequestSender.WaitForRequestHandlerConnection : Waiting for connection with timeout: 90000
TpTrace Information: 0 : 19428, 8, 2022/09/12, 20:15:28.325, 3636323794700, vstest.console.dll, Using the buffer size of 16384 bytes
TpTrace Verbose: 0 : 19428, 5, 2022/09/12, 20:15:28.325, 3636323794866, vstest.console.dll, SocketCommunicationManager.WaitForClientConnection took: 97 ms, with 90000 ms timeout, and finished with True.
TpTrace Information: 0 : 19428, 8, 2022/09/12, 20:15:28.325, 3636323795783, vstest.console.dll, Accepted Client request and set the flag
TpTrace Verbose: 0 : 19428, 5, 2022/09/12, 20:15:28.325, 3636323797129, vstest.console.dll, ProxyDataCollectionManager.InvokeDataCollectionServiceAction: Starting.
TpTrace Information: 0 : 19428, 5, 2022/09/12, 20:15:28.325, 3636323798121, vstest.console.dll, ProxyDataCollectionManager.BeforeTestRunStart: Get environment variable and port for datacollector processId: 30044 port: 58755
TpTrace Verbose: 0 : 19428, 5, 2022/09/12, 20:15:28.326, 3636323799301, vstest.console.dll, DataCollectionRequestSender.SendBeforeTestRunStartAndGetResult: Send BeforeTestRunStart message with settingsXml <RunSettings><RunConfiguration><ResultsDirectory>C:\Users\SteevesSaillant\source\repos\XUnit_CSharp_Example\SimpleCRMTests\bin\Debug\netcoreapp3.1\fine-code-coverage\coverage-tool-output</ResultsDirectory><TargetPlatform>X64</TargetPlatform><TargetFrameworkVersion>.NETCoreApp,Version=v3.1</TargetFrameworkVersion><DesignMode>False</DesignMode><CollectSourceInformation>False</CollectSourceInformation><TestAdaptersPaths>C:\Program Files\dotnet\sdk\6.0.303\Extensions</TestAdaptersPaths></RunConfiguration><LoggerRunSettings><Loggers><Logger friendlyName="blame" enabled="True" /><Logger friendlyName="Console" uri="logger://microsoft/TestPlatform/ConsoleLogger/v1" assemblyQualifiedName="Microsoft.VisualStudio.TestPlatform.CommandLine.Internal.ConsoleLogger, vstest.console, Version=15.0.0.0, Culture=neutral, PublicKeyToken=b03f5f7f11d50a3a" codeBase="C:\Program Files\dotnet\sdk\6.0.303\vstest.console.dll" enabled="True" /></Loggers></LoggerRunSettings><DataCollectionRunSettings><DataCollectors><DataCollector friendlyName="blame" enabled="True"><Configuration><ResultsDirectory>C:\Users\SteevesSaillant\source\repos\XUnit_CSharp_Example\SimpleCRMTests\bin\Debug\netcoreapp3.1\fine-code-coverage\coverage-tool-output</ResultsDirectory></Configuration></DataCollector></DataCollectors></DataCollectionRunSettings></RunSettings> and sources System.Linq.Enumerable+Concat2Iterator`1[System.String]: 
TpTrace Verbose: 0 : 19428, 5, 2022/09/12, 20:15:28.384, 3636324384748, vstest.console.dll, DataCollectionRequestSender.SendBeforeTestRunStartAndGetResult: Received message: (DataCollection.SendMessage) -> {
  "FriendlyName": null,
  "Uri": null,
  "TestCaseId": "00000000-0000-0000-0000-000000000000",
  "Message": "Logging DataCollector Diagnostics in file: C:\\Users\\SteevesSaillant\\source\\repos\\XUnit_CSharp_Example\\SimpleCRMTests\\bin\\Debug\\netcoreapp3.1\\fine-code-coverage\\coverage-tool-output\\diagnostics.datacollector.22-09-12_20-15-28_21131_5.log",
  "Level": 0
}
TpTrace Verbose: 0 : 19428, 5, 2022/09/12, 20:15:28.440, 3636324947112, vstest.console.dll, DataCollectionRequestSender.SendBeforeTestRunStartAndGetResult: Received message: (DataCollection.BeforeTestRunStartResult) -> {
  "EnvironmentVariables": {},
  "DataCollectionEventsPort": 58758
}
TpTrace Information: 0 : 19428, 5, 2022/09/12, 20:15:28.445, 3636324989398, vstest.console.dll, ProxyDataCollectionManager.BeforeTestRunStart: SendBeforeTestRunStartAndGetResult successful, env variable from datacollector:   and testhost port: 58758
TpTrace Information: 0 : 19428, 5, 2022/09/12, 20:15:28.445, 3636324990201, vstest.console.dll, ProxyDataCollectionManager.InvokeDataCollectionServiceAction: Completed.
TpTrace Verbose: 0 : 19428, 1, 2022/09/12, 20:15:28.445, 3636324991260, vstest.console.dll, TestRunRequest.ExecuteAsync: Creating test run request.
TpTrace Verbose: 0 : 19428, 1, 2022/09/12, 20:15:28.445, 3636324993272, vstest.console.dll, TestRunRequest.ExecuteAsync: Starting.
TpTrace Information: 0 : 19428, 1, 2022/09/12, 20:15:28.445, 3636324995725, vstest.console.dll, TestRunRequest.ExecuteAsync: Starting run with settings:TestRunCriteria:
   KeepAlive=False,FrequencyOfRunStatsChangeEvent=10,RunStatsChangeEventTimeout=00:00:01.5000000,TestCaseFilter=,TestExecutorLauncher=
   Settingsxml=<RunSettings>
  <RunConfiguration>
    <ResultsDirectory>C:\Users\SteevesSaillant\source\repos\XUnit_CSharp_Example\SimpleCRMTests\bin\Debug\netcoreapp3.1\fine-code-coverage\coverage-tool-output</ResultsDirectory>
    <TargetPlatform>X64</TargetPlatform>
    <TargetFrameworkVersion>.NETCoreApp,Version=v3.1</TargetFrameworkVersion>
    <DesignMode>False</DesignMode>
    <CollectSourceInformation>False</CollectSourceInformation>
  </RunConfiguration>
  <LoggerRunSettings>
    <Loggers>
      <Logger friendlyName="blame" enabled="True" />
      <Logger friendlyName="Console" uri="logger://microsoft/TestPlatform/ConsoleLogger/v1" assemblyQualifiedName="Microsoft.VisualStudio.TestPlatform.CommandLine.Internal.ConsoleLogger, vstest.console, Version=15.0.0.0, Culture=neutral, PublicKeyToken=b03f5f7f11d50a3a" codeBase="C:\Program Files\dotnet\sdk\6.0.303\vstest.console.dll" enabled="True" />
    </Loggers>
  </LoggerRunSettings>
  <DataCollectionRunSettings>
    <DataCollectors>
      <DataCollector friendlyName="blame" enabled="True">
        <Configuration>
          <ResultsDirectory>C:\Users\SteevesSaillant\source\repos\XUnit_CSharp_Example\SimpleCRMTests\bin\Debug\netcoreapp3.1\fine-code-coverage\coverage-tool-output</ResultsDirectory>
        </Configuration>
      </DataCollector>
    </DataCollectors>
  </DataCollectionRunSettings>
</RunSettings>

TpTrace Verbose: 0 : 19428, 1, 2022/09/12, 20:15:28.445, 3636324996095, vstest.console.dll, TestRunRequest.ExecuteAsync: Wait for the first run request is over.
TpTrace Verbose: 0 : 19428, 1, 2022/09/12, 20:15:28.445, 3636324998158, vstest.console.dll, MulticastDelegateUtilities.SafeInvoke: TestRun.TestRunStart: Invoking callbacks was skipped because there are no subscribers.
TpTrace Verbose: 0 : 19428, 1, 2022/09/12, 20:15:28.446, 3636324999558, vstest.console.dll, ParallelProxyExecutionManager: Start execution. Total sources: 1
TpTrace Verbose: 0 : 19428, 4, 2022/09/12, 20:15:28.446, 3636324999769, vstest.console.dll, MulticastDelegateUtilities.SafeInvoke: InternalTestLoggerEvents.SendTestRunStart: Invoking callback 1/1 for Microsoft.VisualStudio.TestPlatform.CommandLine.Internal.ConsoleLogger.TestRunStartHandler, took 0 ms.
TpTrace Information: 0 : 19428, 1, 2022/09/12, 20:15:28.446, 3636325005542, vstest.console.dll, ProxyParallelExecutionManager: Triggering test run for next source: C:\Users\SteevesSaillant\source\repos\XUnit_CSharp_Example\SimpleCRMTests\bin\Debug\netcoreapp3.1\fine-code-coverage\build-output\SimpleCRMTests.dll
TpTrace Verbose: 0 : 19428, 5, 2022/09/12, 20:15:28.446, 3636325006932, vstest.console.dll, ParallelProxyExecutionManager: Execution started. Started clients: 1
TpTrace Verbose: 0 : 19428, 1, 2022/09/12, 20:15:28.446, 3636325007166, vstest.console.dll, ProxyParallelExecutionManager: No sources available for execution.
TpTrace Information: 0 : 19428, 1, 2022/09/12, 20:15:28.446, 3636325007672, vstest.console.dll, TestRunRequest.ExecuteAsync: Started.
TpTrace Verbose: 0 : 19428, 1, 2022/09/12, 20:15:28.446, 3636325008295, vstest.console.dll, TestRunRequest.WaitForCompletion: Waiting with timeout -1.
TpTrace Verbose: 0 : 19428, 5, 2022/09/12, 20:15:28.446, 3636325008885, vstest.console.dll, TestRunRequest:SendTestRunMessage: Starting.
TpTrace Verbose: 0 : 19428, 5, 2022/09/12, 20:15:28.447, 3636325009802, vstest.console.dll, MulticastDelegateUtilities.SafeInvoke: TestRun.LogMessages: Invoking callback 1/1 for Microsoft.VisualStudio.TestPlatform.CommandLine.TestRunResultAggregator.TestRunMessageHandler, took 0 ms.
TpTrace Verbose: 0 : 19428, 4, 2022/09/12, 20:15:28.447, 3636325009830, vstest.console.dll, MulticastDelegateUtilities.SafeInvoke: InternalTestLoggerEvents.SendTestRunMessage: Invoking callback 1/1 for Microsoft.VisualStudio.TestPlatform.CommandLine.Internal.ConsoleLogger.TestMessageHandler, took 0 ms.
TpTrace Information: 0 : 19428, 5, 2022/09/12, 20:15:28.447, 3636325010139, vstest.console.dll, TestRunRequest:SendTestRunMessage: Completed.
TpTrace Verbose: 0 : 19428, 5, 2022/09/12, 20:15:28.447, 3636325011866, vstest.console.dll, ProxyExecutionManager: Test host is always Lazy initialize.
TpTrace Verbose: 0 : 19428, 5, 2022/09/12, 20:15:28.447, 3636325013242, vstest.console.dll, TestRequestSender.InitializeCommunication: initialize communication. 
TpTrace Information: 0 : 19428, 5, 2022/09/12, 20:15:28.447, 3636325016801, vstest.console.dll, SocketServer.Start: Listening on endpoint : 127.0.0.1:58759
TpTrace Verbose: 0 : 19428, 5, 2022/09/12, 20:15:28.448, 3636325021110, vstest.console.dll, DotnetTestHostmanager.GetTestHostProcessStartInfo: Platform environment 'X64' target architecture 'X64' framework '.NETCoreApp,Version=v3.1' OS 'Windows'
TpTrace Verbose: 0 : 19428, 5, 2022/09/12, 20:15:28.448, 3636325022681, vstest.console.dll, DotnetTestHostmanager: Adding  --runtimeconfig "C:\Users\SteevesSaillant\source\repos\XUnit_CSharp_Example\SimpleCRMTests\bin\Debug\netcoreapp3.1\fine-code-coverage\build-output\SimpleCRMTests.runtimeconfig.json" in args
TpTrace Verbose: 0 : 19428, 5, 2022/09/12, 20:15:28.448, 3636325023268, vstest.console.dll, DotnetTestHostmanager: Adding  --depsfile "C:\Users\SteevesSaillant\source\repos\XUnit_CSharp_Example\SimpleCRMTests\bin\Debug\netcoreapp3.1\fine-code-coverage\build-output\SimpleCRMTests.deps.json" in args
TpTrace Verbose: 0 : 19428, 5, 2022/09/12, 20:15:28.448, 3636325024561, vstest.console.dll, DotnetTestHostmanager.IsWinOnArm: Current PROCESSOR_ARCHITECTURE from environment variable 'AMD64'
TpTrace Verbose: 0 : 19428, 5, 2022/09/12, 20:15:28.448, 3636325024971, vstest.console.dll, DotnetTestHostmanager.IsWinOnArm: Is Windows on ARM 'False'
TpTrace Verbose: 0 : 19428, 5, 2022/09/12, 20:15:28.448, 3636325025569, vstest.console.dll, DotnetTestHostManager: testhost.exe found at path: C:\Users\SteevesSaillant\source\repos\XUnit_CSharp_Example\SimpleCRMTests\bin\Debug\netcoreapp3.1\fine-code-coverage\build-output\testhost.exe
TpTrace Verbose: 0 : 19428, 5, 2022/09/12, 20:15:28.448, 3636325025854, vstest.console.dll, DotnetTestHostmanager: Full path of host exe is C:\Users\SteevesSaillant\source\repos\XUnit_CSharp_Example\SimpleCRMTests\bin\Debug\netcoreapp3.1\fine-code-coverage\build-output\testhost.exe
TpTrace Verbose: 0 : 19428, 5, 2022/09/12, 20:15:28.448, 3636325026748, vstest.console.dll, DotnetTestHostmanager.LaunchTestHostAsync: Found 'VSTEST_WINAPPHOST_DOTNET_ROOT' in env variables, value 'C:\Program Files\dotnet', forwarding to 'DOTNET_ROOT'
TpTrace Verbose: 0 : 19428, 7, 2022/09/12, 20:15:28.449, 3636325032227, vstest.console.dll, DotnetTestHostManager: Starting process 'C:\Users\SteevesSaillant\source\repos\XUnit_CSharp_Example\SimpleCRMTests\bin\Debug\netcoreapp3.1\fine-code-coverage\build-output\testhost.exe' with command line ' --runtimeconfig "C:\Users\SteevesSaillant\source\repos\XUnit_CSharp_Example\SimpleCRMTests\bin\Debug\netcoreapp3.1\fine-code-coverage\build-output\SimpleCRMTests.runtimeconfig.json" --depsfile "C:\Users\SteevesSaillant\source\repos\XUnit_CSharp_Example\SimpleCRMTests\bin\Debug\netcoreapp3.1\fine-code-coverage\build-output\SimpleCRMTests.deps.json" --port 58759 --endpoint 127.0.0.1:058759 --role client --parentprocessid 19428 --diag "C:\Users\SteevesSaillant\source\repos\XUnit_CSharp_Example\SimpleCRMTests\bin\Debug\netcoreapp3.1\fine-code-coverage\coverage-tool-output\diagnostics.host.22-09-12_20-15-28_44799_5.log" --tracelevel 4 --datacollectionport 58758 --telemetryoptedin false'
TpTrace Verbose: 0 : 19428, 7, 2022/09/12, 20:15:28.462, 3636325169227, vstest.console.dll, MulticastDelegateUtilities.SafeInvoke: HostProviderEvents.OnHostLaunched: Invoking callback 1/2 for Microsoft.VisualStudio.TestPlatform.CrossPlatEngine.Client.ProxyExecutionManagerWithDataCollection.TestHostLaunchedHandler, took 1 ms.
TpTrace Verbose: 0 : 19428, 7, 2022/09/12, 20:15:28.463, 3636325170211, vstest.console.dll, Test Runtime launched
TpTrace Verbose: 0 : 19428, 7, 2022/09/12, 20:15:28.463, 3636325170624, vstest.console.dll, MulticastDelegateUtilities.SafeInvoke: HostProviderEvents.OnHostLaunched: Invoking callback 2/2 for Microsoft.VisualStudio.TestPlatform.CrossPlatEngine.Client.ProxyOperationManager.TestHostManagerHostLaunched, took 0 ms.
TpTrace Verbose: 0 : 19428, 5, 2022/09/12, 20:15:28.463, 3636325174346, vstest.console.dll, TestRequestSender.WaitForRequestHandlerConnection: waiting for connection with timeout: 90000.
TpTrace Verbose: 0 : 19428, 7, 2022/09/12, 20:15:28.615, 3636326692511, vstest.console.dll, MulticastDelegateUtilities.SafeInvoke: SocketServer: ClientConnected: Invoking callback 1/1 for Microsoft.VisualStudio.TestPlatform.CommunicationUtilities.TestRequestSender.<InitializeCommunication>b__23_0, took 0 ms.
TpTrace Verbose: 0 : 19428, 5, 2022/09/12, 20:15:28.615, 3636326692511, vstest.console.dll, TestRequestSender.WaitForRequestHandlerConnection: waiting took 151 ms, with timeout 90000 ms, and result 0, which is success.
TpTrace Verbose: 0 : 19428, 7, 2022/09/12, 20:15:28.615, 3636326693416, vstest.console.dll, SocketServer.OnClientConnected: Client connected for endPoint: 127.0.0.1:58759, starting MessageLoopAsync:
TpTrace Verbose: 0 : 19428, 7, 2022/09/12, 20:15:28.615, 3636326695484, vstest.console.dll, TcpClientExtensions.MessageLoopAsync: Polling on remoteEndPoint: 127.0.0.1:58760 localEndPoint: 127.0.0.1:58759
TpTrace Verbose: 0 : 19428, 5, 2022/09/12, 20:15:28.616, 3636326702211, vstest.console.dll, TestRequestSender.CheckVersionWithTestHost: Sending check version message: {"MessageType":"ProtocolVersion","Payload":6}
TpTrace Verbose: 0 : 19428, 7, 2022/09/12, 20:15:28.729, 3636327835598, vstest.console.dll, TcpClientExtensions.MessageLoopAsync: NotifyDataAvailable remoteEndPoint: 127.0.0.1:58760 localEndPoint: 127.0.0.1:58759
TpTrace Verbose: 0 : 19428, 7, 2022/09/12, 20:15:28.729, 3636327838121, vstest.console.dll, TestRequestSender.CheckVersionWithTestHost: onMessageReceived received message: (ProtocolVersion) -> 6
TpTrace Verbose: 0 : 19428, 7, 2022/09/12, 20:15:28.730, 3636327841557, vstest.console.dll, MulticastDelegateUtilities.SafeInvoke: LengthPrefixCommunicationChannel: MessageReceived: Invoking callback 1/1 for Microsoft.VisualStudio.TestPlatform.CommunicationUtilities.TestRequestSender+<>c__DisplayClass25_0.<CheckVersionWithTestHost>b__0, took 0 ms.
TpTrace Verbose: 0 : 19428, 7, 2022/09/12, 20:15:28.730, 3636327842276, vstest.console.dll, TcpClientExtensions.MessageLoopAsync: Polling on remoteEndPoint: 127.0.0.1:58760 localEndPoint: 127.0.0.1:58759
TpTrace Verbose: 0 : 19428, 5, 2022/09/12, 20:15:28.730, 3636327842512, vstest.console.dll, TestPluginCache.GetExtensionPaths: Filtered extension paths: 
TpTrace Verbose: 0 : 19428, 5, 2022/09/12, 20:15:28.730, 3636327843382, vstest.console.dll, TestPluginCache.GetExtensionPaths: Added default extension paths: C:\Program Files\dotnet\sdk\6.0.303\Extensions\DumpMinitool.exe
C:\Program Files\dotnet\sdk\6.0.303\Extensions\DumpMinitool.x86.exe
C:\Program Files\dotnet\sdk\6.0.303\Extensions\Microsoft.Diagnostics.NETCore.Client.dll
C:\Program Files\dotnet\sdk\6.0.303\Extensions\Microsoft.TestPlatform.Extensions.BlameDataCollector.dll
C:\Program Files\dotnet\sdk\6.0.303\Extensions\Microsoft.TestPlatform.Extensions.EventLogCollector.dll
C:\Program Files\dotnet\sdk\6.0.303\Extensions\Microsoft.TestPlatform.TestHostRuntimeProvider.dll
C:\Program Files\dotnet\sdk\6.0.303\Extensions\Microsoft.VisualStudio.TestPlatform.Extensions.Html.TestLogger.dll
C:\Program Files\dotnet\sdk\6.0.303\Extensions\Microsoft.VisualStudio.TestPlatform.Extensions.Trx.TestLogger.dll
TpTrace Verbose: 0 : 19428, 5, 2022/09/12, 20:15:28.730, 3636327843823, vstest.console.dll, TestPluginCache.GetExtensionPaths: Added unfilterableExtensionPaths: 
TpTrace Verbose: 0 : 19428, 5, 2022/09/12, 20:15:28.733, 3636327870617, vstest.console.dll, TestRequestSender.InitializeExecution: Sending initialize execution with message: {"Version":6,"MessageType":"TestExecution.Initialize","Payload":["C:\\Users\\SteevesSaillant\\source\\repos\\XUnit_CSharp_Example\\SimpleCRMTests\\bin\\Debug\\netcoreapp3.1\\fine-code-coverage\\build-output\\xunit.runner.visualstudio.dotnetcore.testadapter.dll"]}
TpTrace Warning: 0 : 19428, 5, 2022/09/12, 20:15:28.733, 3636327874545, vstest.console.dll, InferRunSettingsHelper.MakeRunsettingsCompatible: Removing the following settings: TargetPlatform from RunSettings file. To use those settings please move to latest version of Microsoft.NET.Test.Sdk
TpTrace Verbose: 0 : 19428, 7, 2022/09/12, 20:15:28.735, 3636327892120, vstest.console.dll, TcpClientExtensions.MessageLoopAsync: NotifyDataAvailable remoteEndPoint: 127.0.0.1:58760 localEndPoint: 127.0.0.1:58759
TpTrace Verbose: 0 : 19428, 7, 2022/09/12, 20:15:28.735, 3636327893804, vstest.console.dll, TestRequestSender.OnExecutionMessageReceived: Received message: {"Version":6,"MessageType":"TestSession.Message","Payload":{"MessageLevel":0,"Message":"Logging TestHost Diagnostics in file: C:\\Users\\SteevesSaillant\\source\\repos\\XUnit_CSharp_Example\\SimpleCRMTests\\bin\\Debug\\netcoreapp3.1\\fine-code-coverage\\coverage-tool-output\\diagnostics.host.22-09-12_20-15-28_44799_5.log"}}
TpTrace Verbose: 0 : 19428, 7, 2022/09/12, 20:15:28.737, 3636327910821, vstest.console.dll, TestRunRequest:SendTestRunMessage: Starting.
TpTrace Verbose: 0 : 19428, 7, 2022/09/12, 20:15:28.737, 3636327911804, vstest.console.dll, MulticastDelegateUtilities.SafeInvoke: TestRun.LogMessages: Invoking callback 1/1 for Microsoft.VisualStudio.TestPlatform.CommandLine.TestRunResultAggregator.TestRunMessageHandler, took 0 ms.
TpTrace Verbose: 0 : 19428, 4, 2022/09/12, 20:15:28.737, 3636327912020, vstest.console.dll, MulticastDelegateUtilities.SafeInvoke: InternalTestLoggerEvents.SendTestRunMessage: Invoking callback 1/1 for Microsoft.VisualStudio.TestPlatform.CommandLine.Internal.ConsoleLogger.TestMessageHandler, took 0 ms.
TpTrace Information: 0 : 19428, 7, 2022/09/12, 20:15:28.737, 3636327912164, vstest.console.dll, TestRunRequest:SendTestRunMessage: Completed.
TpTrace Verbose: 0 : 19428, 7, 2022/09/12, 20:15:28.737, 3636327913383, vstest.console.dll, MulticastDelegateUtilities.SafeInvoke: LengthPrefixCommunicationChannel: MessageReceived: Invoking callback 1/1 for Microsoft.VisualStudio.TestPlatform.CommunicationUtilities.TestRequestSender+<>c__DisplayClass30_0.<StartTestRun>b__1, took 1 ms.
TpTrace Verbose: 0 : 19428, 7, 2022/09/12, 20:15:28.737, 3636327913755, vstest.console.dll, TcpClientExtensions.MessageLoopAsync: Polling on remoteEndPoint: 127.0.0.1:58760 localEndPoint: 127.0.0.1:58759
TpTrace Verbose: 0 : 19428, 5, 2022/09/12, 20:15:28.740, 3636327944211, vstest.console.dll, TestRequestSender.StartTestRun: Sending test run with message: {"Version":6,"MessageType":"TestExecution.StartWithSources","Payload":{"AdapterSourceMap":{"_none_":["C:\\Users\\SteevesSaillant\\source\\repos\\XUnit_CSharp_Example\\SimpleCRMTests\\bin\\Debug\\netcoreapp3.1\\fine-code-coverage\\build-output\\SimpleCRMTests.dll"]},"RunSettings":"<RunSettings>\r\n  <RunConfiguration>\r\n    <ResultsDirectory>C:\\Users\\SteevesSaillant\\source\\repos\\XUnit_CSharp_Example\\SimpleCRMTests\\bin\\Debug\\netcoreapp3.1\\fine-code-coverage\\coverage-tool-output</ResultsDirectory>\r\n    <TargetFrameworkVersion>.NETCoreApp,Version=v3.1</TargetFrameworkVersion>\r\n    <DesignMode>False</DesignMode>\r\n    <CollectSourceInformation>False</CollectSourceInformation>\r\n  </RunConfiguration>\r\n  <LoggerRunSettings>\r\n    <Loggers>\r\n      <Logger friendlyName=\"blame\" enabled=\"True\" />\r\n      <Logger friendlyName=\"Console\" uri=\"logger://microsoft/TestPlatform/ConsoleLogger/v1\" assemblyQualifiedName=\"Microsoft.VisualStudio.TestPlatform.CommandLine.Internal.ConsoleLogger, vstest.console, Version=15.0.0.0, Culture=neutral, PublicKeyToken=b03f5f7f11d50a3a\" codeBase=\"C:\\Program Files\\dotnet\\sdk\\6.0.303\\vstest.console.dll\" enabled=\"True\" />\r\n    </Loggers>\r\n  </LoggerRunSettings>\r\n  <DataCollectionRunSettings>\r\n    <DataCollectors>\r\n      <DataCollector friendlyName=\"blame\" enabled=\"True\">\r\n        <Configuration>\r\n          <ResultsDirectory>C:\\Users\\SteevesSaillant\\source\\repos\\XUnit_CSharp_Example\\SimpleCRMTests\\bin\\Debug\\netcoreapp3.1\\fine-code-coverage\\coverage-tool-output</ResultsDirectory>\r\n        </Configuration>\r\n      </DataCollector>\r\n    </DataCollectors>\r\n  </DataCollectionRunSettings>\r\n</RunSettings>","TestExecutionContext":{"FrequencyOfRunStatsChangeEvent":10,"RunStatsChangeEventTimeout":"00:00:01.5000000","InIsolation":false,"KeepAlive":false,"AreTestCaseLevelEventsRequired":false,"IsDebug":false,"TestCaseFilter":null,"FilterOptions":null},"Package":null}}
TpTrace Verbose: 0 : 19428, 7, 2022/09/12, 20:15:28.851, 3636329051957, vstest.console.dll, TcpClientExtensions.MessageLoopAsync: NotifyDataAvailable remoteEndPoint: 127.0.0.1:58760 localEndPoint: 127.0.0.1:58759
TpTrace Verbose: 0 : 19428, 7, 2022/09/12, 20:15:28.851, 3636329053428, vstest.console.dll, TestRequestSender.OnExecutionMessageReceived: Received message: {"Version":6,"MessageType":"TestSession.Message","Payload":{"MessageLevel":0,"Message":"[xUnit.net 00:00:00.00] xUnit.net VSTest Adapter v2.4.5+1caef2f33e (64-bit .NET Core 3.1.28)"}}
TpTrace Verbose: 0 : 19428, 7, 2022/09/12, 20:15:28.851, 3636329055583, vstest.console.dll, TestRunRequest:SendTestRunMessage: Starting.
TpTrace Verbose: 0 : 19428, 7, 2022/09/12, 20:15:28.851, 3636329056070, vstest.console.dll, MulticastDelegateUtilities.SafeInvoke: TestRun.LogMessages: Invoking callback 1/1 for Microsoft.VisualStudio.TestPlatform.CommandLine.TestRunResultAggregator.TestRunMessageHandler, took 0 ms.
TpTrace Information: 0 : 19428, 7, 2022/09/12, 20:15:28.851, 3636329056256, vstest.console.dll, TestRunRequest:SendTestRunMessage: Completed.
TpTrace Verbose: 0 : 19428, 4, 2022/09/12, 20:15:28.851, 3636329056454, vstest.console.dll, MulticastDelegateUtilities.SafeInvoke: InternalTestLoggerEvents.SendTestRunMessage: Invoking callback 1/1 for Microsoft.VisualStudio.TestPlatform.CommandLine.Internal.ConsoleLogger.TestMessageHandler, took 0 ms.
TpTrace Verbose: 0 : 19428, 7, 2022/09/12, 20:15:28.851, 3636329056517, vstest.console.dll, MulticastDelegateUtilities.SafeInvoke: LengthPrefixCommunicationChannel: MessageReceived: Invoking callback 1/1 for Microsoft.VisualStudio.TestPlatform.CommunicationUtilities.TestRequestSender+<>c__DisplayClass30_0.<StartTestRun>b__1, took 0 ms.
TpTrace Verbose: 0 : 19428, 7, 2022/09/12, 20:15:28.851, 3636329057746, vstest.console.dll, TcpClientExtensions.MessageLoopAsync: Polling on remoteEndPoint: 127.0.0.1:58760 localEndPoint: 127.0.0.1:58759
TpTrace Verbose: 0 : 19428, 7, 2022/09/12, 20:15:29.343, 3636333969813, vstest.console.dll, TcpClientExtensions.MessageLoopAsync: NotifyDataAvailable remoteEndPoint: 127.0.0.1:58760 localEndPoint: 127.0.0.1:58759
TpTrace Verbose: 0 : 19428, 7, 2022/09/12, 20:15:29.343, 3636333971070, vstest.console.dll, TestRequestSender.OnExecutionMessageReceived: Received message: {"Version":6,"MessageType":"TestSession.Message","Payload":{"MessageLevel":0,"Message":"[xUnit.net 00:00:00.49]   Discovering: SimpleCRMTests"}}
TpTrace Verbose: 0 : 19428, 7, 2022/09/12, 20:15:29.343, 3636333973590, vstest.console.dll, TestRunRequest:SendTestRunMessage: Starting.
TpTrace Verbose: 0 : 19428, 7, 2022/09/12, 20:15:29.343, 3636333974377, vstest.console.dll, MulticastDelegateUtilities.SafeInvoke: TestRun.LogMessages: Invoking callback 1/1 for Microsoft.VisualStudio.TestPlatform.CommandLine.TestRunResultAggregator.TestRunMessageHandler, took 0 ms.
TpTrace Information: 0 : 19428, 7, 2022/09/12, 20:15:29.343, 3636333974679, vstest.console.dll, TestRunRequest:SendTestRunMessage: Completed.
TpTrace Verbose: 0 : 19428, 4, 2022/09/12, 20:15:29.343, 3636333974634, vstest.console.dll, MulticastDelegateUtilities.SafeInvoke: InternalTestLoggerEvents.SendTestRunMessage: Invoking callback 1/1 for Microsoft.VisualStudio.TestPlatform.CommandLine.Internal.ConsoleLogger.TestMessageHandler, took 0 ms.
TpTrace Verbose: 0 : 19428, 7, 2022/09/12, 20:15:29.343, 3636333975013, vstest.console.dll, MulticastDelegateUtilities.SafeInvoke: LengthPrefixCommunicationChannel: MessageReceived: Invoking callback 1/1 for Microsoft.VisualStudio.TestPlatform.CommunicationUtilities.TestRequestSender+<>c__DisplayClass30_0.<StartTestRun>b__1, took 0 ms.
TpTrace Verbose: 0 : 19428, 7, 2022/09/12, 20:15:29.343, 3636333975845, vstest.console.dll, TcpClientExtensions.MessageLoopAsync: Polling on remoteEndPoint: 127.0.0.1:58760 localEndPoint: 127.0.0.1:58759
TpTrace Verbose: 0 : 19428, 7, 2022/09/12, 20:15:29.368, 3636334223718, vstest.console.dll, TcpClientExtensions.MessageLoopAsync: NotifyDataAvailable remoteEndPoint: 127.0.0.1:58760 localEndPoint: 127.0.0.1:58759
TpTrace Verbose: 0 : 19428, 7, 2022/09/12, 20:15:29.368, 3636334224932, vstest.console.dll, TestRequestSender.OnExecutionMessageReceived: Received message: {"Version":6,"MessageType":"TestSession.Message","Payload":{"MessageLevel":0,"Message":"[xUnit.net 00:00:00.51]   Discovered:  SimpleCRMTests"}}
TpTrace Verbose: 0 : 19428, 7, 2022/09/12, 20:15:29.368, 3636334226386, vstest.console.dll, TestRunRequest:SendTestRunMessage: Starting.
TpTrace Verbose: 0 : 19428, 7, 2022/09/12, 20:15:29.368, 3636334226825, vstest.console.dll, MulticastDelegateUtilities.SafeInvoke: TestRun.LogMessages: Invoking callback 1/1 for Microsoft.VisualStudio.TestPlatform.CommandLine.TestRunResultAggregator.TestRunMessageHandler, took 0 ms.
TpTrace Information: 0 : 19428, 7, 2022/09/12, 20:15:29.368, 3636334226999, vstest.console.dll, TestRunRequest:SendTestRunMessage: Completed.
TpTrace Verbose: 0 : 19428, 4, 2022/09/12, 20:15:29.368, 3636334227122, vstest.console.dll, MulticastDelegateUtilities.SafeInvoke: InternalTestLoggerEvents.SendTestRunMessage: Invoking callback 1/1 for Microsoft.VisualStudio.TestPlatform.CommandLine.Internal.ConsoleLogger.TestMessageHandler, took 0 ms.
TpTrace Verbose: 0 : 19428, 7, 2022/09/12, 20:15:29.368, 3636334227171, vstest.console.dll, MulticastDelegateUtilities.SafeInvoke: LengthPrefixCommunicationChannel: MessageReceived: Invoking callback 1/1 for Microsoft.VisualStudio.TestPlatform.CommunicationUtilities.TestRequestSender+<>c__DisplayClass30_0.<StartTestRun>b__1, took 0 ms.
TpTrace Verbose: 0 : 19428, 7, 2022/09/12, 20:15:29.368, 3636334227870, vstest.console.dll, TcpClientExtensions.MessageLoopAsync: Polling on remoteEndPoint: 127.0.0.1:58760 localEndPoint: 127.0.0.1:58759
TpTrace Verbose: 0 : 19428, 7, 2022/09/12, 20:15:29.370, 3636334239613, vstest.console.dll, TcpClientExtensions.MessageLoopAsync: NotifyDataAvailable remoteEndPoint: 127.0.0.1:58760 localEndPoint: 127.0.0.1:58759
TpTrace Verbose: 0 : 19428, 7, 2022/09/12, 20:15:29.370, 3636334240517, vstest.console.dll, TestRequestSender.OnExecutionMessageReceived: Received message: {"Version":6,"MessageType":"TestSession.Message","Payload":{"MessageLevel":0,"Message":"[xUnit.net 00:00:00.52]   Starting:    SimpleCRMTests"}}
TpTrace Verbose: 0 : 19428, 7, 2022/09/12, 20:15:29.370, 3636334242000, vstest.console.dll, TestRunRequest:SendTestRunMessage: Starting.
TpTrace Verbose: 0 : 19428, 7, 2022/09/12, 20:15:29.370, 3636334242451, vstest.console.dll, MulticastDelegateUtilities.SafeInvoke: TestRun.LogMessages: Invoking callback 1/1 for Microsoft.VisualStudio.TestPlatform.CommandLine.TestRunResultAggregator.TestRunMessageHandler, took 0 ms.
TpTrace Information: 0 : 19428, 7, 2022/09/12, 20:15:29.370, 3636334242679, vstest.console.dll, TestRunRequest:SendTestRunMessage: Completed.
TpTrace Verbose: 0 : 19428, 4, 2022/09/12, 20:15:29.370, 3636334242651, vstest.console.dll, MulticastDelegateUtilities.SafeInvoke: InternalTestLoggerEvents.SendTestRunMessage: Invoking callback 1/1 for Microsoft.VisualStudio.TestPlatform.CommandLine.Internal.ConsoleLogger.TestMessageHandler, took 0 ms.
TpTrace Verbose: 0 : 19428, 7, 2022/09/12, 20:15:29.370, 3636334242907, vstest.console.dll, MulticastDelegateUtilities.SafeInvoke: LengthPrefixCommunicationChannel: MessageReceived: Invoking callback 1/1 for Microsoft.VisualStudio.TestPlatform.CommunicationUtilities.TestRequestSender+<>c__DisplayClass30_0.<StartTestRun>b__1, took 0 ms.
TpTrace Verbose: 0 : 19428, 7, 2022/09/12, 20:15:29.370, 3636334243474, vstest.console.dll, TcpClientExtensions.MessageLoopAsync: Polling on remoteEndPoint: 127.0.0.1:58760 localEndPoint: 127.0.0.1:58759
TpTrace Verbose: 0 : 19428, 7, 2022/09/12, 20:15:29.546, 3636336001125, vstest.console.dll, TcpClientExtensions.MessageLoopAsync: NotifyDataAvailable remoteEndPoint: 127.0.0.1:58760 localEndPoint: 127.0.0.1:58759
TpTrace Verbose: 0 : 19428, 7, 2022/09/12, 20:15:29.546, 3636336003384, vstest.console.dll, TestRequestSender.OnExecutionMessageReceived: Received message: {"Version":6,"MessageType":"TestExecution.StatsChange","Payload":{"NewTestResults":[{"TestCase":{"Id":"094d319b-7199-a27d-85e3-ed270950b37e","FullyQualifiedName":"SimpleCRM.CustomerOperationsFeature.DeleteCustomerFromCRMFailsWhenNotFound","DisplayName":"SimpleCRM.CustomerOperationsFeature.DeleteCustomerFromCRMFailsWhenNotFound","ExecutorUri":"executor://xunit/VsTestRunner2/netcoreapp","Source":"C:\\Users\\SteevesSaillant\\source\\repos\\XUnit_CSharp_Example\\SimpleCRMTests\\bin\\Debug\\netcoreapp3.1\\fine-code-coverage\\build-output\\SimpleCRMTests.dll","CodeFilePath":null,"LineNumber":0,"Properties":[]},"Attachments":[],"Outcome":1,"ErrorMessage":null,"ErrorStackTrace":null,"DisplayName":"SimpleCRM.CustomerOperationsFeature.DeleteCustomerFromCRMFailsWhenNotFound() [01] Given we have non-existing customer","Messages":[],"ComputerName":"CAW-PF3F2WK3","Duration":"00:00:00.0603665","StartTime":"2022-09-13T00:15:29.4959978+00:00","EndTime":"2022-09-13T00:15:29.4960532+00:00","Properties":[]},{"TestCase":{"Id":"094d319b-7199-a27d-85e3-ed270950b37e","FullyQualifiedName":"SimpleCRM.CustomerOperationsFeature.DeleteCustomerFromCRMFailsWhenNotFound","DisplayName":"SimpleCRM.CustomerOperationsFeature.DeleteCustomerFromCRMFailsWhenNotFound","ExecutorUri":"executor://xunit/VsTestRunner2/netcoreapp","Source":"C:\\Users\\SteevesSaillant\\source\\repos\\XUnit_CSharp_Example\\SimpleCRMTests\\bin\\Debug\\netcoreapp3.1\\fine-code-coverage\\build-output\\SimpleCRMTests.dll","CodeFilePath":null,"LineNumber":0,"Properties":[]},"Attachments":[],"Outcome":1,"ErrorMessage":null,"ErrorStackTrace":null,"DisplayName":"SimpleCRM.CustomerOperationsFeature.DeleteCustomerFromCRMFailsWhenNotFound() [02] When this customer is deleted","Messages":[],"ComputerName":"CAW-PF3F2WK3","Duration":"00:00:00.0041896","StartTime":"2022-09-13T00:15:29.5112947+00:00","EndTime":"2022-09-13T00:15:29.5112963+00:00","Properties":[]},{"TestCase":{"Id":"094d319b-7199-a27d-85e3-ed270950b37e","FullyQualifiedName":"SimpleCRM.CustomerOperationsFeature.DeleteCustomerFromCRMFailsWhenNotFound","DisplayName":"SimpleCRM.CustomerOperationsFeature.DeleteCustomerFromCRMFailsWhenNotFound","ExecutorUri":"executor://xunit/VsTestRunner2/netcoreapp","Source":"C:\\Users\\SteevesSaillant\\source\\repos\\XUnit_CSharp_Example\\SimpleCRMTests\\bin\\Debug\\netcoreapp3.1\\fine-code-coverage\\build-output\\SimpleCRMTests.dll","CodeFilePath":null,"LineNumber":0,"Properties":[]},"Attachments":[],"Outcome":1,"ErrorMessage":null,"ErrorStackTrace":null,"DisplayName":"SimpleCRM.CustomerOperationsFeature.DeleteCustomerFromCRMFailsWhenNotFound() [03] Then the non-existing customer cannot deleted","Messages":[],"ComputerName":"CAW-PF3F2WK3","Duration":"00:00:00.0045371","StartTime":"2022-09-13T00:15:29.5115721+00:00","EndTime":"2022-09-13T00:15:29.5115724+00:00","Properties":[]},{"TestCase":{"Id":"006cf638-bdf8-2d8a-8080-4e356cfe3035","FullyQualifiedName":"SimpleCRM.CustomerOperationsFeature.DeleteCustomerFromCRM","DisplayName":"SimpleCRM.CustomerOperationsFeature.DeleteCustomerFromCRM","ExecutorUri":"executor://xunit/VsTestRunner2/netcoreapp","Source":"C:\\Users\\SteevesSaillant\\source\\repos\\XUnit_CSharp_Example\\SimpleCRMTests\\bin\\Debug\\netcoreapp3.1\\fine-code-coverage\\build-output\\SimpleCRMTests.dll","CodeFilePath":null,"LineNumber":0,"Properties":[]},"Attachments":[],"Outcome":1,"ErrorMessage":null,"ErrorStackTrace":null,"DisplayName":"SimpleCRM.CustomerOperationsFeature.DeleteCustomerFromCRM() [01] Given we have an existing customer","Messages":[],"ComputerName":"CAW-PF3F2WK3","Duration":"00:00:00.0022107","StartTime":"2022-09-13T00:15:29.5129547+00:00","EndTime":"2022-09-13T00:15:29.5129552+00:00","Properties":[]},{"TestCase":{"Id":"006cf638-bdf8-2d8a-8080-4e356cfe3035","FullyQualifiedName":"SimpleCRM.CustomerOperationsFeature.DeleteCustomerFromCRM","DisplayName":"SimpleCRM.CustomerOperationsFeature.DeleteCustomerFromCRM","ExecutorUri":"executor://xunit/VsTestRunner2/netcoreapp","Source":"C:\\Users\\SteevesSaillant\\source\\repos\\XUnit_CSharp_Example\\SimpleCRMTests\\bin\\Debug\\netcoreapp3.1\\fine-code-coverage\\build-output\\SimpleCRMTests.dll","CodeFilePath":null,"LineNumber":0,"Properties":[]},"Attachments":[],"Outcome":1,"ErrorMessage":null,"ErrorStackTrace":null,"DisplayName":"SimpleCRM.CustomerOperationsFeature.DeleteCustomerFromCRM() [02] When this customer is deleted","Messages":[],"ComputerName":"CAW-PF3F2WK3","Duration":"00:00:00.0008153","StartTime":"2022-09-13T00:15:29.5136792+00:00","EndTime":"2022-09-13T00:15:29.5136795+00:00","Properties":[]},{"TestCase":{"Id":"006cf638-bdf8-2d8a-8080-4e356cfe3035","FullyQualifiedName":"SimpleCRM.CustomerOperationsFeature.DeleteCustomerFromCRM","DisplayName":"SimpleCRM.CustomerOperationsFeature.DeleteCustomerFromCRM","ExecutorUri":"executor://xunit/VsTestRunner2/netcoreapp","Source":"C:\\Users\\SteevesSaillant\\source\\repos\\XUnit_CSharp_Example\\SimpleCRMTests\\bin\\Debug\\netcoreapp3.1\\fine-code-coverage\\build-output\\SimpleCRMTests.dll","CodeFilePath":null,"LineNumber":0,"Properties":[]},"Attachments":[],"Outcome":1,"ErrorMessage":null,"ErrorStackTrace":null,"DisplayName":"SimpleCRM.CustomerOperationsFeature.DeleteCustomerFromCRM() [03] Then the customer is deleted","Messages":[],"ComputerName":"CAW-PF3F2WK3","Duration":"00:00:00.0047129","StartTime":"2022-09-13T00:15:29.5137667+00:00","EndTime":"2022-09-13T00:15:29.5137669+00:00","Properties":[]},{"TestCase":{"Id":"5359fc35-19e3-03a7-e4ff-d05eb4cd6575","FullyQualifiedName":"SimpleCRM.CustomerOperationsFeature.Controller_Throws_Argument_Null_Exception_When_Repo_Is_Null","DisplayName":"SimpleCRM.CustomerOperationsFeature.Controller_Throws_Argument_Null_Exception_When_Repo_Is_Null","ExecutorUri":"executor://xunit/VsTestRunner2/netcoreapp","Source":"C:\\Users\\SteevesSaillant\\source\\repos\\XUnit_CSharp_Example\\SimpleCRMTests\\bin\\Debug\\netcoreapp3.1\\fine-code-coverage\\build-output\\SimpleCRMTests.dll","CodeFilePath":null,"LineNumber":0,"Properties":[]},"Attachments":[],"Outcome":1,"ErrorMessage":null,"ErrorStackTrace":null,"DisplayName":"SimpleCRM.CustomerOperationsFeature.Controller_Throws_Argument_Null_Exception_When_Repo_Is_Null","Messages":[],"ComputerName":"CAW-PF3F2WK3","Duration":"00:00:00.0013752","StartTime":"2022-09-13T00:15:29.5201003+00:00","EndTime":"2022-09-13T00:15:29.5201026+00:00","Properties":[]},{"TestCase":{"Id":"4b269379-0a64-7b43-8aee-a5d4f4073db1","FullyQualifiedName":"SimpleCRM.CustomerOperationsFeature.PostCustomerToCRM","DisplayName":"SimpleCRM.CustomerOperationsFeature.PostCustomerToCRM","ExecutorUri":"executor://xunit/VsTestRunner2/netcoreapp","Source":"C:\\Users\\SteevesSaillant\\source\\repos\\XUnit_CSharp_Example\\SimpleCRMTests\\bin\\Debug\\netcoreapp3.1\\fine-code-coverage\\build-output\\SimpleCRMTests.dll","CodeFilePath":null,"LineNumber":0,"Properties":[]},"Attachments":[],"Outcome":1,"ErrorMessage":null,"ErrorStackTrace":null,"DisplayName":"SimpleCRM.CustomerOperationsFeature.PostCustomerToCRM() [01] Given we have a new customer","Messages":[],"ComputerName":"CAW-PF3F2WK3","Duration":"00:00:00.0010509","StartTime":"2022-09-13T00:15:29.52199+00:00","EndTime":"2022-09-13T00:15:29.5219908+00:00","Properties":[]},{"TestCase":{"Id":"4b269379-0a64-7b43-8aee-a5d4f4073db1","FullyQualifiedName":"SimpleCRM.CustomerOperationsFeature.PostCustomerToCRM","DisplayName":"SimpleCRM.CustomerOperationsFeature.PostCustomerToCRM","ExecutorUri":"executor://xunit/VsTestRunner2/netcoreapp","Source":"C:\\Users\\SteevesSaillant\\source\\repos\\XUnit_CSharp_Example\\SimpleCRMTests\\bin\\Debug\\netcoreapp3.1\\fine-code-coverage\\build-output\\SimpleCRMTests.dll","CodeFilePath":null,"LineNumber":0,"Properties":[]},"Attachments":[],"Outcome":1,"ErrorMessage":null,"ErrorStackTrace":null,"DisplayName":"SimpleCRM.CustomerOperationsFeature.PostCustomerToCRM() [02] When this customer is added","Messages":[],"ComputerName":"CAW-PF3F2WK3","Duration":"00:00:00.0002669","StartTime":"2022-09-13T00:15:29.5228439+00:00","EndTime":"2022-09-13T00:15:29.5228443+00:00","Properties":[]},{"TestCase":{"Id":"4b269379-0a64-7b43-8aee-a5d4f4073db1","FullyQualifiedName":"SimpleCRM.CustomerOperationsFeature.PostCustomerToCRM","DisplayName":"SimpleCRM.CustomerOperationsFeature.PostCustomerToCRM","ExecutorUri":"executor://xunit/VsTestRunner2/netcoreapp","Source":"C:\\Users\\SteevesSaillant\\source\\repos\\XUnit_CSharp_Example\\SimpleCRMTests\\bin\\Debug\\netcoreapp3.1\\fine-code-coverage\\build-output\\SimpleCRMTests.dll","CodeFilePath":null,"LineNumber":0,"Properties":[]},"Attachments":[],"Outcome":1,"ErrorMessage":null,"ErrorStackTrace":null,"DisplayName":"SimpleCRM.CustomerOperationsFeature.PostCustomerToCRM() [03] Then the customer is added","Messages":[],"ComputerName":"CAW-PF3F2WK3","Duration":"00:00:00.0008854","StartTime":"2022-09-13T00:15:29.5229429+00:00","EndTime":"2022-09-13T00:15:29.5229431+00:00","Properties":[]}],"TestRunStatistics":{"ExecutedTests":10,"Stats":{"Passed":10}},"ActiveTests":[]}}
TpTrace Verbose: 0 : 19428, 7, 2022/09/12, 20:15:29.567, 3636336213721, vstest.console.dll, TestRunRequest:SendTestRunStatsChange: Starting.
TpTrace Verbose: 0 : 19428, 7, 2022/09/12, 20:15:29.567, 3636336215911, vstest.console.dll, MulticastDelegateUtilities.SafeInvoke: TestRun.RunStatsChanged: Invoking callbacks was skipped because there are no subscribers.
TpTrace Information: 0 : 19428, 7, 2022/09/12, 20:15:29.567, 3636336216257, vstest.console.dll, TestRunRequest:SendTestRunStatsChange: Completed.
TpTrace Verbose: 0 : 19428, 7, 2022/09/12, 20:15:29.567, 3636336216522, vstest.console.dll, MulticastDelegateUtilities.SafeInvoke: LengthPrefixCommunicationChannel: MessageReceived: Invoking callback 1/1 for Microsoft.VisualStudio.TestPlatform.CommunicationUtilities.TestRequestSender+<>c__DisplayClass30_0.<StartTestRun>b__1, took 21 ms.
TpTrace Verbose: 0 : 19428, 7, 2022/09/12, 20:15:29.567, 3636336216845, vstest.console.dll, TcpClientExtensions.MessageLoopAsync: Polling on remoteEndPoint: 127.0.0.1:58760 localEndPoint: 127.0.0.1:58759
TpTrace Verbose: 0 : 19428, 7, 2022/09/12, 20:15:29.567, 3636336217226, vstest.console.dll, TcpClientExtensions.MessageLoopAsync: NotifyDataAvailable remoteEndPoint: 127.0.0.1:58760 localEndPoint: 127.0.0.1:58759
TpTrace Verbose: 0 : 19428, 7, 2022/09/12, 20:15:29.567, 3636336217763, vstest.console.dll, TestRequestSender.OnExecutionMessageReceived: Received message: {"Version":6,"MessageType":"TestSession.Message","Payload":{"MessageLevel":0,"Message":"[xUnit.net 00:00:00.69]   Finished:    SimpleCRMTests"}}
TpTrace Verbose: 0 : 19428, 7, 2022/09/12, 20:15:29.567, 3636336218825, vstest.console.dll, TestRunRequest:SendTestRunMessage: Starting.
TpTrace Verbose: 0 : 19428, 7, 2022/09/12, 20:15:29.568, 3636336219256, vstest.console.dll, MulticastDelegateUtilities.SafeInvoke: TestRun.LogMessages: Invoking callback 1/1 for Microsoft.VisualStudio.TestPlatform.CommandLine.TestRunResultAggregator.TestRunMessageHandler, took 0 ms.
TpTrace Information: 0 : 19428, 7, 2022/09/12, 20:15:29.568, 3636336219728, vstest.console.dll, TestRunRequest:SendTestRunMessage: Completed.
TpTrace Verbose: 0 : 19428, 7, 2022/09/12, 20:15:29.568, 3636336219978, vstest.console.dll, MulticastDelegateUtilities.SafeInvoke: LengthPrefixCommunicationChannel: MessageReceived: Invoking callback 1/1 for Microsoft.VisualStudio.TestPlatform.CommunicationUtilities.TestRequestSender+<>c__DisplayClass30_0.<StartTestRun>b__1, took 0 ms.
TpTrace Verbose: 0 : 19428, 7, 2022/09/12, 20:15:29.568, 3636336220212, vstest.console.dll, TcpClientExtensions.MessageLoopAsync: Polling on remoteEndPoint: 127.0.0.1:58760 localEndPoint: 127.0.0.1:58759
TpTrace Verbose: 0 : 19428, 7, 2022/09/12, 20:15:29.568, 3636336220517, vstest.console.dll, TcpClientExtensions.MessageLoopAsync: NotifyDataAvailable remoteEndPoint: 127.0.0.1:58760 localEndPoint: 127.0.0.1:58759
TpTrace Verbose: 0 : 19428, 7, 2022/09/12, 20:15:29.568, 3636336220960, vstest.console.dll, TestRequestSender.OnExecutionMessageReceived: Received message: {"Version":6,"MessageType":"TestExecution.Completed","Payload":{"TestRunCompleteArgs":{"TestRunStatistics":{"ExecutedTests":10,"Stats":{"Passed":10}},"IsCanceled":false,"IsAborted":false,"Error":null,"AttachmentSets":[],"InvokedDataCollectors":[],"ElapsedTimeInRunningTests":"00:00:00.7058716","Metrics":{},"DiscoveredExtensions":{"TestDiscoverers":["Xunit.Runner.VisualStudio.VsTestRunner, xunit.runner.visualstudio.dotnetcore.testadapter, Version=2.4.0.0, Culture=neutral, PublicKeyToken=8d05b1bb7a6fdb6c"],"TestExecutors":["executor://xunit/VsTestRunner2/netcoreapp"],"TestExecutors2":[],"TestSettingsProviders":[]}},"LastRunTests":{"NewTestResults":[],"TestRunStatistics":{"ExecutedTests":10,"Stats":{"Passed":10}},"ActiveTests":[]},"RunAttachments":[],"ExecutorUris":["executor://xunit/VsTestRunner2/netcoreapp"]}}
TpTrace Verbose: 0 : 19428, 7, 2022/09/12, 20:15:29.568, 3636336222014, vstest.console.dll, TestRequestSender.EndSession: Sending end session.
TpTrace Verbose: 0 : 19428, 7, 2022/09/12, 20:15:29.568, 3636336223712, vstest.console.dll, ProxyOperationManager.Close: waiting for test host to exit for 100 ms
TpTrace Verbose: 0 : 19428, 4, 2022/09/12, 20:15:29.573, 3636336276741, vstest.console.dll, MulticastDelegateUtilities.SafeInvoke: InternalTestLoggerEvents.SendTestResult: Invoking callback 1/1 for Microsoft.VisualStudio.TestPlatform.CommandLine.Internal.ConsoleLogger.TestResultHandler, took 6 ms.
TpTrace Verbose: 0 : 19428, 4, 2022/09/12, 20:15:29.573, 3636336277995, vstest.console.dll, MulticastDelegateUtilities.SafeInvoke: InternalTestLoggerEvents.SendTestResult: Invoking callback 1/1 for Microsoft.VisualStudio.TestPlatform.CommandLine.Internal.ConsoleLogger.TestResultHandler, took 0 ms.
TpTrace Verbose: 0 : 19428, 4, 2022/09/12, 20:15:29.573, 3636336278312, vstest.console.dll, MulticastDelegateUtilities.SafeInvoke: InternalTestLoggerEvents.SendTestResult: Invoking callback 1/1 for Microsoft.VisualStudio.TestPlatform.CommandLine.Internal.ConsoleLogger.TestResultHandler, took 0 ms.
TpTrace Verbose: 0 : 19428, 4, 2022/09/12, 20:15:29.573, 3636336278548, vstest.console.dll, MulticastDelegateUtilities.SafeInvoke: InternalTestLoggerEvents.SendTestResult: Invoking callback 1/1 for Microsoft.VisualStudio.TestPlatform.CommandLine.Internal.ConsoleLogger.TestResultHandler, took 0 ms.
TpTrace Verbose: 0 : 19428, 4, 2022/09/12, 20:15:29.573, 3636336278796, vstest.console.dll, MulticastDelegateUtilities.SafeInvoke: InternalTestLoggerEvents.SendTestResult: Invoking callback 1/1 for Microsoft.VisualStudio.TestPlatform.CommandLine.Internal.ConsoleLogger.TestResultHandler, took 0 ms.
TpTrace Verbose: 0 : 19428, 4, 2022/09/12, 20:15:29.573, 3636336279110, vstest.console.dll, MulticastDelegateUtilities.SafeInvoke: InternalTestLoggerEvents.SendTestResult: Invoking callback 1/1 for Microsoft.VisualStudio.TestPlatform.CommandLine.Internal.ConsoleLogger.TestResultHandler, took 0 ms.
TpTrace Verbose: 0 : 19428, 4, 2022/09/12, 20:15:29.575, 3636336295414, vstest.console.dll, MulticastDelegateUtilities.SafeInvoke: InternalTestLoggerEvents.SendTestResult: Invoking callback 1/1 for Microsoft.VisualStudio.TestPlatform.CommandLine.Internal.ConsoleLogger.TestResultHandler, took 1 ms.
TpTrace Verbose: 0 : 19428, 4, 2022/09/12, 20:15:29.575, 3636336296377, vstest.console.dll, MulticastDelegateUtilities.SafeInvoke: InternalTestLoggerEvents.SendTestResult: Invoking callback 1/1 for Microsoft.VisualStudio.TestPlatform.CommandLine.Internal.ConsoleLogger.TestResultHandler, took 0 ms.
TpTrace Verbose: 0 : 19428, 4, 2022/09/12, 20:15:29.575, 3636336296783, vstest.console.dll, MulticastDelegateUtilities.SafeInvoke: InternalTestLoggerEvents.SendTestResult: Invoking callback 1/1 for Microsoft.VisualStudio.TestPlatform.CommandLine.Internal.ConsoleLogger.TestResultHandler, took 0 ms.
TpTrace Verbose: 0 : 19428, 4, 2022/09/12, 20:15:29.575, 3636336297042, vstest.console.dll, MulticastDelegateUtilities.SafeInvoke: InternalTestLoggerEvents.SendTestResult: Invoking callback 1/1 for Microsoft.VisualStudio.TestPlatform.CommandLine.Internal.ConsoleLogger.TestResultHandler, took 0 ms.
TpTrace Verbose: 0 : 19428, 4, 2022/09/12, 20:15:29.575, 3636336297220, vstest.console.dll, MulticastDelegateUtilities.SafeInvoke: InternalTestLoggerEvents.SendTestRunMessage: Invoking callback 1/1 for Microsoft.VisualStudio.TestPlatform.CommandLine.Internal.ConsoleLogger.TestMessageHandler, took 0 ms.
TpTrace Warning: 0 : 19428, 13, 2022/09/12, 20:15:29.580, 3636336346891, vstest.console.dll, TestHostManagerCallbacks.ErrorReceivedCallback Test host standard error line: 
TpTrace Verbose: 0 : 19428, 13, 2022/09/12, 20:15:29.593, 3636336471132, vstest.console.dll, TestHostProvider.ExitCallBack: Host exited starting callback.
TpTrace Information: 0 : 19428, 13, 2022/09/12, 20:15:29.593, 3636336475065, vstest.console.dll, TestHostManagerCallbacks.ExitCallBack: Testhost processId: 2964 exited with exitcode: 0 error: ''
TpTrace Verbose: 0 : 19428, 13, 2022/09/12, 20:15:29.593, 3636336475470, vstest.console.dll, DotnetTestHostManager.OnHostExited: invoking OnHostExited callback
TpTrace Verbose: 0 : 19428, 13, 2022/09/12, 20:15:29.593, 3636336475905, vstest.console.dll, CrossPlatEngine.TestHostManagerHostExited: calling on client process exit callback.
TpTrace Information: 0 : 19428, 13, 2022/09/12, 20:15:29.593, 3636336476262, vstest.console.dll, TestRequestSender.OnClientProcessExit: Test host process exited. Standard error: 
TpTrace Information: 0 : 19428, 13, 2022/09/12, 20:15:29.593, 3636336476512, vstest.console.dll, SocketServer.Stop: Stop server endPoint: 127.0.0.1:58759
TpTrace Information: 0 : 19428, 7, 2022/09/12, 20:15:29.593, 3636336476567, vstest.console.dll, SocketServer.Stop: Stop server endPoint: 127.0.0.1:58759
TpTrace Information: 0 : 19428, 13, 2022/09/12, 20:15:29.593, 3636336476648, vstest.console.dll, SocketServer.Stop: Cancellation requested. Stopping message loop.
TpTrace Information: 0 : 19428, 7, 2022/09/12, 20:15:29.593, 3636336477149, vstest.console.dll, SocketServer.Stop: Cancellation requested. Stopping message loop.
TpTrace Information: 0 : 19428, 7, 2022/09/12, 20:15:29.593, 3636336477682, vstest.console.dll, Closing the connection
TpTrace Verbose: 0 : 19428, 13, 2022/09/12, 20:15:29.593, 3636336477917, vstest.console.dll, MulticastDelegateUtilities.SafeInvoke: HostProviderEvents.OnHostExited: Invoking callback 1/1 for Microsoft.VisualStudio.TestPlatform.CrossPlatEngine.Client.ProxyOperationManager.TestHostManagerHostExited, took 0 ms.
TpTrace Verbose: 0 : 19428, 7, 2022/09/12, 20:15:29.594, 3636336479975, vstest.console.dll, ProxyDataCollectionManager.InvokeDataCollectionServiceAction: Starting.
TpTrace Information: 0 : 19428, 7, 2022/09/12, 20:15:29.594, 3636336480261, vstest.console.dll, ProxyDataCollectionManager.AfterTestRunEnd: Get attachment set and invoked data collectors processId: 30044 port: 58755
TpTrace Verbose: 0 : 19428, 7, 2022/09/12, 20:15:29.594, 3636336480524, vstest.console.dll, DataCollectionRequestSender.SendAfterTestRunStartAndGetResult: Send AfterTestRunEnd message with isCancelled: False
TpTrace Verbose: 0 : 19428, 7, 2022/09/12, 20:15:29.598, 3636336527670, vstest.console.dll, DataCollectionRequestSender.SendAfterTestRunStartAndGetResult: Received message: (DataCollection.AfterTestRunEndResult) -> {
  "AttachmentSets": [],
  "InvokedDataCollectors": [
    {
      "Uri": "datacollector://Microsoft/TestPlatform/Extensions/Blame/v1",
      "FriendlyName": "Blame",
      "AssemblyQualifiedName": "Microsoft.TestPlatform.Extensions.BlameDataCollector.BlameCollector, Microsoft.TestPlatform.Extensions.BlameDataCollector, Version=15.0.0.0, Culture=neutral, PublicKeyToken=b03f5f7f11d50a3a",
      "FilePath": "C:\\Program Files\\dotnet\\sdk\\6.0.303\\Extensions\\Microsoft.TestPlatform.Extensions.BlameDataCollector.dll",
      "HasAttachmentProcessor": false
    }
  ],
  "Metrics": {}
}
TpTrace Warning: 0 : 19428, 10, 2022/09/12, 20:15:29.602, 3636336562970, vstest.console.dll, DataCollectionLauncher.ErrorReceivedCallback datacollector standard error line: 
TpTrace Information: 0 : 19428, 7, 2022/09/12, 20:15:29.602, 3636336567185, vstest.console.dll, ProxyDataCollectionManager.InvokeDataCollectionServiceAction: Completed.
TpTrace Information: 0 : 19428, 10, 2022/09/12, 20:15:29.606, 3636336601491, vstest.console.dll, DataCollectionLauncher.ExitCallBack: Data collector exited with exitcode: 0 error: ''
TpTrace Verbose: 0 : 19428, 7, 2022/09/12, 20:15:29.618, 3636336727389, vstest.console.dll, TestRunRequest:SendTestRunStatsChange: Starting.
TpTrace Verbose: 0 : 19428, 7, 2022/09/12, 20:15:29.618, 3636336728140, vstest.console.dll, MulticastDelegateUtilities.SafeInvoke: TestRun.RunStatsChanged: Invoking callbacks was skipped because there are no subscribers.
TpTrace Information: 0 : 19428, 7, 2022/09/12, 20:15:29.618, 3636336728301, vstest.console.dll, TestRunRequest:SendTestRunStatsChange: Completed.
TpTrace Verbose: 0 : 19428, 7, 2022/09/12, 20:15:29.619, 3636336729943, vstest.console.dll, ParallelProxyExecutionManager: HandlePartialRunComplete: Total completed clients = 1, Run complete = True, Run canceled: False.
TpTrace Verbose: 0 : 19428, 4, 2022/09/12, 20:15:29.626, 3636336804106, vstest.console.dll, MulticastDelegateUtilities.SafeInvoke: InternalTestLoggerEvents.SendTestRunComplete: Invoking callback 1/2 for Microsoft.TestPlatform.Extensions.BlameDataCollector.BlameLogger.TestRunCompleteHandler, took 0 ms.
TpTrace Verbose: 0 : 19428, 4, 2022/09/12, 20:15:29.630, 3636336843886, vstest.console.dll, MulticastDelegateUtilities.SafeInvoke: InternalTestLoggerEvents.SendTestRunComplete: Invoking callback 2/2 for Microsoft.VisualStudio.TestPlatform.CommandLine.Internal.ConsoleLogger.TestRunCompleteHandler, took 3 ms.
TpTrace Verbose: 0 : 19428, 7, 2022/09/12, 20:15:29.630, 3636336846058, vstest.console.dll, TestRunRequest:TestRunComplete: Starting. IsAborted:False IsCanceled:False.
TpTrace Verbose: 0 : 19428, 7, 2022/09/12, 20:15:29.631, 3636336851733, vstest.console.dll, TestLoggerManager.HandleTestRunComplete: Ignoring as the object is disposed.
TpTrace Verbose: 0 : 19428, 7, 2022/09/12, 20:15:29.631, 3636336853168, vstest.console.dll, MulticastDelegateUtilities.SafeInvoke: TestRun.TestRunComplete: Invoking callback 1/2 for Microsoft.VisualStudio.TestPlatform.CommandLine.TestRunResultAggregator.TestRunCompletionHandler, took 0 ms.
TpTrace Verbose: 0 : 19428, 7, 2022/09/12, 20:15:29.631, 3636336853652, vstest.console.dll, MulticastDelegateUtilities.SafeInvoke: TestRun.TestRunComplete: Invoking callback 2/2 for Microsoft.VisualStudio.TestPlatform.CommandLine.Processors.RunTestsArgumentExecutor+TestRunRequestEventsRegistrar.TestRunRequest_OnRunCompletion, took 0 ms.
TpTrace Information: 0 : 19428, 7, 2022/09/12, 20:15:29.631, 3636336854220, vstest.console.dll, TestRunRequest:TestRunComplete: Completed.
TpTrace Verbose: 0 : 19428, 7, 2022/09/12, 20:15:29.631, 3636336854444, vstest.console.dll, TestRequestSender.SetOperationComplete: Setting operation complete.
TpTrace Verbose: 0 : 19428, 1, 2022/09/12, 20:15:29.631, 3636336854458, vstest.console.dll, TestRunRequest.Dispose: Starting.
TpTrace Information: 0 : 19428, 7, 2022/09/12, 20:15:29.631, 3636336854591, vstest.console.dll, SocketServer.Stop: Stop server endPoint: 127.0.0.1:58759
TpTrace Information: 0 : 19428, 1, 2022/09/12, 20:15:29.631, 3636336855026, vstest.console.dll, TestRunRequest.Dispose: Completed.
TpTrace Information: 0 : 19428, 7, 2022/09/12, 20:15:29.631, 3636336855102, vstest.console.dll, SocketServer.Stop: Cancellation requested. Stopping message loop.
TpTrace Information: 0 : 19428, 1, 2022/09/12, 20:15:29.631, 3636336855457, vstest.console.dll, TestRequestManager.RunTests: run tests completed.
TpTrace Verbose: 0 : 19428, 7, 2022/09/12, 20:15:29.631, 3636336857185, vstest.console.dll, MulticastDelegateUtilities.SafeInvoke: LengthPrefixCommunicationChannel: MessageReceived: Invoking callback 1/1 for Microsoft.VisualStudio.TestPlatform.CommunicationUtilities.TestRequestSender+<>c__DisplayClass30_0.<StartTestRun>b__1, took 63 ms.
TpTrace Information: 0 : 19428, 7, 2022/09/12, 20:15:29.631, 3636336857516, vstest.console.dll, SocketServer.PrivateStop: Stopping server endPoint: 127.0.0.1:58759 error: 
TpTrace Information: 0 : 19428, 1, 2022/09/12, 20:15:29.631, 3636336857774, vstest.console.dll, RunTestsArgumentProcessor:Execute: Test run is completed.
TpTrace Verbose: 0 : 19428, 1, 2022/09/12, 20:15:29.632, 3636336859295, vstest.console.dll, Executor.Execute: Exiting with exit code of 0
TpTrace Verbose: 0 : 19428, 7, 2022/09/12, 20:15:29.632, 3636336860834, vstest.console.dll, LengthPrefixCommunicationChannel.Dispose: Dispose reader and writer.
TpTrace Information: 0 : 19428, 7, 2022/09/12, 20:15:29.632, 3636336861489, vstest.console.dll, SocketServer.Stop: Raise disconnected event endPoint: 127.0.0.1:58759 error: 
TpTrace Verbose: 0 : 19428, 7, 2022/09/12, 20:15:29.632, 3636336862023, vstest.console.dll, TestRequestSender: OnTestRunAbort: Operation is already complete. Skip error message.
TpTrace Verbose: 0 : 19428, 7, 2022/09/12, 20:15:29.632, 3636336862332, vstest.console.dll, MulticastDelegateUtilities.SafeInvoke: SocketServer: ClientDisconnected: Invoking callback 1/1 for Microsoft.VisualStudio.TestPlatform.CommunicationUtilities.TestRequestSender.<InitializeCommunication>b__23_1, took 0 ms.
TpTrace Verbose: 0 : 19428, 7, 2022/09/12, 20:15:29.632, 3636336862554, vstest.console.dll, TcpClientExtensions.MessageLoopAsync: exiting MessageLoopAsync remoteEndPoint: 127.0.0.1:58760 localEndPoint: 127.0.0.1:58759
