TpTrace Verbose: 0 : 27276, 1, 2022/09/14, 18:14:29.048, 654263336443, vstest.console.dll, Version: 17.2.0-release-20220408-11 Current process architecture: X64
TpTrace Information: 0 : 27276, 1, 2022/09/14, 18:14:29.055, 654263404620, vstest.console.dll, FilePatternParser: The given file C:\Users\SteevesSaillant\source\repos\XUnit_CSharp_Example\CRMTests\bin\Debug\netcoreapp3.1\fine-code-coverage\build-output\CRMTests.dll is a full path.
TpTrace Verbose: 0 : 27276, 1, 2022/09/14, 18:14:29.059, 654263446744, vstest.console.dll, TestPluginCache.DiscoverTestExtensions: finding test extensions in assemblies ends with: RuntimeProvider.dll TPluginInfo: Microsoft.VisualStudio.TestPlatform.Common.ExtensionFramework.Utilities.TestRuntimePluginInformation TExtension: Microsoft.VisualStudio.TestPlatform.ObjectModel.Host.ITestRuntimeProvider
TpTrace Verbose: 0 : 27276, 1, 2022/09/14, 18:14:29.060, 654263451052, vstest.console.dll, TestPluginCache.GetExtensionPaths: Filtered extension paths: 
TpTrace Verbose: 0 : 27276, 1, 2022/09/14, 18:14:29.060, 654263452043, vstest.console.dll, TestPluginCache.GetExtensionPaths: Added default extension paths: C:\Program Files\dotnet\sdk\6.0.303\Extensions\DumpMinitool.exe
C:\Program Files\dotnet\sdk\6.0.303\Extensions\DumpMinitool.x86.exe
C:\Program Files\dotnet\sdk\6.0.303\Extensions\Microsoft.Diagnostics.NETCore.Client.dll
C:\Program Files\dotnet\sdk\6.0.303\Extensions\Microsoft.TestPlatform.Extensions.BlameDataCollector.dll
C:\Program Files\dotnet\sdk\6.0.303\Extensions\Microsoft.TestPlatform.Extensions.EventLogCollector.dll
C:\Program Files\dotnet\sdk\6.0.303\Extensions\Microsoft.TestPlatform.TestHostRuntimeProvider.dll
C:\Program Files\dotnet\sdk\6.0.303\Extensions\Microsoft.VisualStudio.TestPlatform.Extensions.Html.TestLogger.dll
C:\Program Files\dotnet\sdk\6.0.303\Extensions\Microsoft.VisualStudio.TestPlatform.Extensions.Trx.TestLogger.dll
TpTrace Verbose: 0 : 27276, 1, 2022/09/14, 18:14:29.060, 654263452405, vstest.console.dll, TestPluginCache.GetExtensionPaths: Added unfilterableExtensionPaths: 
TpTrace Information: 0 : 27276, 1, 2022/09/14, 18:14:29.061, 654263459613, vstest.console.dll, AssemblyResolver.ctor: Creating AssemblyResolver with searchDirectories C:\Program Files\dotnet\sdk\6.0.303\Extensions,C:\Program Files\dotnet\sdk\6.0.303
TpTrace Verbose: 0 : 27276, 1, 2022/09/14, 18:14:29.061, 654263468161, vstest.console.dll, TestPluginCache.DiscoverTestExtensions: Discovering the extensions using extension path.
TpTrace Verbose: 0 : 27276, 1, 2022/09/14, 18:14:29.062, 654263469240, vstest.console.dll, TestPluginCache.GetExtensionPaths: Filtered extension paths: 
TpTrace Verbose: 0 : 27276, 1, 2022/09/14, 18:14:29.062, 654263469543, vstest.console.dll, TestPluginCache.GetExtensionPaths: Added default extension paths: C:\Program Files\dotnet\sdk\6.0.303\Extensions\DumpMinitool.exe
C:\Program Files\dotnet\sdk\6.0.303\Extensions\DumpMinitool.x86.exe
C:\Program Files\dotnet\sdk\6.0.303\Extensions\Microsoft.Diagnostics.NETCore.Client.dll
C:\Program Files\dotnet\sdk\6.0.303\Extensions\Microsoft.TestPlatform.Extensions.BlameDataCollector.dll
C:\Program Files\dotnet\sdk\6.0.303\Extensions\Microsoft.TestPlatform.Extensions.EventLogCollector.dll
C:\Program Files\dotnet\sdk\6.0.303\Extensions\Microsoft.TestPlatform.TestHostRuntimeProvider.dll
C:\Program Files\dotnet\sdk\6.0.303\Extensions\Microsoft.VisualStudio.TestPlatform.Extensions.Html.TestLogger.dll
C:\Program Files\dotnet\sdk\6.0.303\Extensions\Microsoft.VisualStudio.TestPlatform.Extensions.Trx.TestLogger.dll
TpTrace Verbose: 0 : 27276, 1, 2022/09/14, 18:14:29.062, 654263469743, vstest.console.dll, TestPluginCache.GetExtensionPaths: Added unfilterableExtensionPaths: 
TpTrace Verbose: 0 : 27276, 1, 2022/09/14, 18:14:29.062, 654263470194, vstest.console.dll, TestPluginCache.DiscoverTestExtensions: Discovering the extensions using allExtensionPaths: C:\Program Files\dotnet\sdk\6.0.303\Extensions\DumpMinitool.exe
C:\Program Files\dotnet\sdk\6.0.303\Extensions\DumpMinitool.x86.exe
C:\Program Files\dotnet\sdk\6.0.303\Extensions\Microsoft.Diagnostics.NETCore.Client.dll
C:\Program Files\dotnet\sdk\6.0.303\Extensions\Microsoft.TestPlatform.Extensions.BlameDataCollector.dll
C:\Program Files\dotnet\sdk\6.0.303\Extensions\Microsoft.TestPlatform.Extensions.EventLogCollector.dll
C:\Program Files\dotnet\sdk\6.0.303\Extensions\Microsoft.TestPlatform.TestHostRuntimeProvider.dll
C:\Program Files\dotnet\sdk\6.0.303\Extensions\Microsoft.VisualStudio.TestPlatform.Extensions.Html.TestLogger.dll
C:\Program Files\dotnet\sdk\6.0.303\Extensions\Microsoft.VisualStudio.TestPlatform.Extensions.Trx.TestLogger.dll
TpTrace Information: 0 : 27276, 1, 2022/09/14, 18:14:29.062, 654263471433, vstest.console.dll, AssemblyResolver.AddSearchDirectories: Adding more searchDirectories C:\Program Files\dotnet\sdk\6.0.303\Extensions,C:\Program Files\dotnet\sdk\6.0.303
TpTrace Information: 0 : 27276, 1, 2022/09/14, 18:14:29.062, 654263471816, vstest.console.dll, AssemblyResolver.AddSearchDirectories: Adding more searchDirectories C:\Program Files\dotnet\sdk\6.0.303\Extensions,C:\Program Files\dotnet\sdk\6.0.303
TpTrace Information: 0 : 27276, 1, 2022/09/14, 18:14:29.062, 654263472011, vstest.console.dll, AssemblyResolver.AddSearchDirectories: Adding more searchDirectories C:\Program Files\dotnet\sdk\6.0.303\Extensions,C:\Program Files\dotnet\sdk\6.0.303
TpTrace Information: 0 : 27276, 1, 2022/09/14, 18:14:29.062, 654263472213, vstest.console.dll, AssemblyResolver.AddSearchDirectories: Adding more searchDirectories C:\Program Files\dotnet\sdk\6.0.303\Extensions,C:\Program Files\dotnet\sdk\6.0.303
TpTrace Information: 0 : 27276, 1, 2022/09/14, 18:14:29.062, 654263472390, vstest.console.dll, AssemblyResolver.AddSearchDirectories: Adding more searchDirectories C:\Program Files\dotnet\sdk\6.0.303\Extensions,C:\Program Files\dotnet\sdk\6.0.303
TpTrace Information: 0 : 27276, 1, 2022/09/14, 18:14:29.062, 654263472562, vstest.console.dll, AssemblyResolver.AddSearchDirectories: Adding more searchDirectories C:\Program Files\dotnet\sdk\6.0.303\Extensions,C:\Program Files\dotnet\sdk\6.0.303
TpTrace Information: 0 : 27276, 1, 2022/09/14, 18:14:29.062, 654263472733, vstest.console.dll, AssemblyResolver.AddSearchDirectories: Adding more searchDirectories C:\Program Files\dotnet\sdk\6.0.303\Extensions,C:\Program Files\dotnet\sdk\6.0.303
TpTrace Information: 0 : 27276, 1, 2022/09/14, 18:14:29.062, 654263472932, vstest.console.dll, AssemblyResolver.AddSearchDirectories: Adding more searchDirectories C:\Program Files\dotnet\sdk\6.0.303\Extensions,C:\Program Files\dotnet\sdk\6.0.303
TpTrace Information: 0 : 27276, 1, 2022/09/14, 18:14:29.062, 654263475319, vstest.console.dll, AssemblyResolver.OnResolve: DumpMinitool: Resolving assembly.
TpTrace Information: 0 : 27276, 1, 2022/09/14, 18:14:29.062, 654263475796, vstest.console.dll, AssemblyResolver.OnResolve: DumpMinitool: Searching in: 'C:\Program Files\dotnet\sdk\6.0.303\Extensions'.
TpTrace Information: 0 : 27276, 1, 2022/09/14, 18:14:29.062, 654263476493, vstest.console.dll, AssemblyResolver.OnResolve: DumpMinitool: Assembly path does not exist: 'C:\Program Files\dotnet\sdk\6.0.303\Extensions\DumpMinitool.dll', returning.
TpTrace Information: 0 : 27276, 1, 2022/09/14, 18:14:29.062, 654263478683, vstest.console.dll, AssemblyResolver.OnResolve: DumpMinitool: Loading assembly 'C:\Program Files\dotnet\sdk\6.0.303\Extensions\DumpMinitool.exe'.
TpTrace Information: 0 : 27276, 1, 2022/09/14, 18:14:29.063, 654263481649, vstest.console.dll, AssemblyResolver.OnResolve: Resolved assembly: DumpMinitool, from path: C:\Program Files\dotnet\sdk\6.0.303\Extensions\DumpMinitool.exe
TpTrace Verbose: 0 : 27276, 1, 2022/09/14, 18:14:29.066, 654263514155, vstest.console.dll, MetadataReaderExtensionsHelper: Discovering extensions inside assembly 'DumpMinitool, Version=15.0.0.0, Culture=neutral, PublicKeyToken=b03f5f7f11d50a3a' file path 'C:\Program Files\dotnet\sdk\6.0.303\Extensions\DumpMinitool.exe'
TpTrace Information: 0 : 27276, 1, 2022/09/14, 18:14:29.070, 654263557070, vstest.console.dll, AssemblyResolver.OnResolve: DumpMinitool.x86: Resolving assembly.
TpTrace Information: 0 : 27276, 1, 2022/09/14, 18:14:29.070, 654263557887, vstest.console.dll, AssemblyResolver.OnResolve: DumpMinitool.x86: Searching in: 'C:\Program Files\dotnet\sdk\6.0.303\Extensions'.
TpTrace Information: 0 : 27276, 1, 2022/09/14, 18:14:29.070, 654263558559, vstest.console.dll, AssemblyResolver.OnResolve: DumpMinitool.x86: Assembly path does not exist: 'C:\Program Files\dotnet\sdk\6.0.303\Extensions\DumpMinitool.x86.dll', returning.
TpTrace Information: 0 : 27276, 1, 2022/09/14, 18:14:29.071, 654263560019, vstest.console.dll, AssemblyResolver.OnResolve: DumpMinitool.x86: Loading assembly 'C:\Program Files\dotnet\sdk\6.0.303\Extensions\DumpMinitool.x86.exe'.
TpTrace Information: 0 : 27276, 1, 2022/09/14, 18:14:29.071, 654263562352, vstest.console.dll, AssemblyResolver.OnResolve: Resolved assembly: DumpMinitool.x86, from path: C:\Program Files\dotnet\sdk\6.0.303\Extensions\DumpMinitool.x86.exe
TpTrace Verbose: 0 : 27276, 1, 2022/09/14, 18:14:29.071, 654263562874, vstest.console.dll, MetadataReaderExtensionsHelper: Discovering extensions inside assembly 'DumpMinitool.x86, Version=15.0.0.0, Culture=neutral, PublicKeyToken=b03f5f7f11d50a3a' file path 'C:\Program Files\dotnet\sdk\6.0.303\Extensions\DumpMinitool.x86.exe'
TpTrace Information: 0 : 27276, 1, 2022/09/14, 18:14:29.071, 654263566269, vstest.console.dll, AssemblyResolver.OnResolve: Microsoft.Diagnostics.NETCore.Client: Resolving assembly.
TpTrace Information: 0 : 27276, 1, 2022/09/14, 18:14:29.071, 654263566638, vstest.console.dll, AssemblyResolver.OnResolve: Microsoft.Diagnostics.NETCore.Client: Searching in: 'C:\Program Files\dotnet\sdk\6.0.303\Extensions'.
TpTrace Information: 0 : 27276, 1, 2022/09/14, 18:14:29.071, 654263568074, vstest.console.dll, AssemblyResolver.OnResolve: Microsoft.Diagnostics.NETCore.Client: Loading assembly 'C:\Program Files\dotnet\sdk\6.0.303\Extensions\Microsoft.Diagnostics.NETCore.Client.dll'.
TpTrace Information: 0 : 27276, 1, 2022/09/14, 18:14:29.072, 654263570707, vstest.console.dll, AssemblyResolver.OnResolve: Resolved assembly: Microsoft.Diagnostics.NETCore.Client, from path: C:\Program Files\dotnet\sdk\6.0.303\Extensions\Microsoft.Diagnostics.NETCore.Client.dll
TpTrace Verbose: 0 : 27276, 1, 2022/09/14, 18:14:29.072, 654263571173, vstest.console.dll, MetadataReaderExtensionsHelper: Discovering extensions inside assembly 'Microsoft.Diagnostics.NETCore.Client, Version=0.2.5.801, Culture=neutral, PublicKeyToken=31bf3856ad364e35' file path 'C:\Program Files\dotnet\sdk\6.0.303\Extensions\Microsoft.Diagnostics.NETCore.Client.dll'
TpTrace Information: 0 : 27276, 1, 2022/09/14, 18:14:29.076, 654263611444, vstest.console.dll, AssemblyResolver.OnResolve: Microsoft.Bcl.AsyncInterfaces: Resolving assembly.
TpTrace Information: 0 : 27276, 1, 2022/09/14, 18:14:29.076, 654263612137, vstest.console.dll, AssemblyResolver.OnResolve: Microsoft.Bcl.AsyncInterfaces: Searching in: 'C:\Program Files\dotnet\sdk\6.0.303\Extensions'.
TpTrace Information: 0 : 27276, 1, 2022/09/14, 18:14:29.076, 654263612793, vstest.console.dll, AssemblyResolver.OnResolve: Microsoft.Bcl.AsyncInterfaces: Assembly path does not exist: 'C:\Program Files\dotnet\sdk\6.0.303\Extensions\Microsoft.Bcl.AsyncInterfaces.dll', returning.
TpTrace Information: 0 : 27276, 1, 2022/09/14, 18:14:29.076, 654263613140, vstest.console.dll, AssemblyResolver.OnResolve: Microsoft.Bcl.AsyncInterfaces: Assembly path does not exist: 'C:\Program Files\dotnet\sdk\6.0.303\Extensions\Microsoft.Bcl.AsyncInterfaces.exe', returning.
TpTrace Information: 0 : 27276, 1, 2022/09/14, 18:14:29.076, 654263613317, vstest.console.dll, AssemblyResolver.OnResolve: Microsoft.Bcl.AsyncInterfaces: Searching in: 'C:\Program Files\dotnet\sdk\6.0.303'.
TpTrace Information: 0 : 27276, 1, 2022/09/14, 18:14:29.076, 654263613705, vstest.console.dll, AssemblyResolver.OnResolve: Microsoft.Bcl.AsyncInterfaces: Assembly path does not exist: 'C:\Program Files\dotnet\sdk\6.0.303\Microsoft.Bcl.AsyncInterfaces.dll', returning.
TpTrace Information: 0 : 27276, 1, 2022/09/14, 18:14:29.076, 654263614021, vstest.console.dll, AssemblyResolver.OnResolve: Microsoft.Bcl.AsyncInterfaces: Assembly path does not exist: 'C:\Program Files\dotnet\sdk\6.0.303\Microsoft.Bcl.AsyncInterfaces.exe', returning.
TpTrace Information: 0 : 27276, 1, 2022/09/14, 18:14:29.076, 654263614251, vstest.console.dll, AssemblyResolver.OnResolve: Microsoft.Bcl.AsyncInterfaces: Failed to load assembly.
TpTrace Verbose: 0 : 27276, 1, 2022/09/14, 18:14:29.076, 654263614742, vstest.console.dll, CurrentDomainAssemblyResolve: Resolving assembly 'Microsoft.Bcl.AsyncInterfaces'.
TpTrace Information: 0 : 27276, 1, 2022/09/14, 18:14:29.076, 654263615174, vstest.console.dll, AssemblyResolver.OnResolve: Microsoft.Bcl.AsyncInterfaces: Resolving assembly.
TpTrace Information: 0 : 27276, 1, 2022/09/14, 18:14:29.076, 654263615468, vstest.console.dll, AssemblyResolver.OnResolve: Microsoft.Bcl.AsyncInterfaces: Resolved from cache.
TpTrace Verbose: 0 : 27276, 1, 2022/09/14, 18:14:29.076, 654263615653, vstest.console.dll, CurrentDomainAssemblyResolve: Resolving assembly 'Microsoft.Bcl.AsyncInterfaces'.
TpTrace Verbose: 0 : 27276, 1, 2022/09/14, 18:14:29.076, 654263615890, vstest.console.dll, CurrentDomainAssemblyResolve: Failed to resolve assembly 'Microsoft.Bcl.AsyncInterfaces'.
TpTrace Verbose: 0 : 27276, 1, 2022/09/14, 18:14:29.076, 654263618869, vstest.console.dll, CurrentDomainAssemblyResolve: Failed to resolve assembly 'Microsoft.Bcl.AsyncInterfaces'.
TpTrace Warning: 0 : 27276, 1, 2022/09/14, 18:14:29.084, 654263692573, vstest.console.dll, TestPluginDiscoverer: Failed to get types from assembly 'Microsoft.Diagnostics.NETCore.Client, Version=0.2.5.801, Culture=neutral, PublicKeyToken=31bf3856ad364e35'. Error: System.Reflection.ReflectionTypeLoadException: Unable to load one or more of the requested types.
Could not load file or assembly 'Microsoft.Bcl.AsyncInterfaces, Version=1.0.0.0, Culture=neutral, PublicKeyToken=cc7b13ffcd2ddd51'. The system cannot find the file specified.
   at System.Reflection.RuntimeModule.GetTypes(RuntimeModule module)
   at System.Reflection.Assembly.GetTypes()
   at Microsoft.VisualStudio.TestPlatform.Common.ExtensionFramework.TestPluginDiscoverer.GetTestExtensionsFromAssembly[TPluginInfo,TExtension](Assembly assembly, Dictionary`2 pluginInfos, String filePath)
System.IO.FileNotFoundException: Could not load file or assembly 'Microsoft.Bcl.AsyncInterfaces, Version=1.0.0.0, Culture=neutral, PublicKeyToken=cc7b13ffcd2ddd51'. The system cannot find the file specified.
File name: 'Microsoft.Bcl.AsyncInterfaces, Version=1.0.0.0, Culture=neutral, PublicKeyToken=cc7b13ffcd2ddd51'
 ---> System.IO.FileNotFoundException: Could not load file or assembly 'Microsoft.Bcl.AsyncInterfaces, Culture=neutral, PublicKeyToken=null'. The system cannot find the file specified.
File name: 'Microsoft.Bcl.AsyncInterfaces, Culture=neutral, PublicKeyToken=null'
   at System.Reflection.RuntimeAssembly.InternalLoad(ObjectHandleOnStack assemblyName, ObjectHandleOnStack requestingAssembly, StackCrawlMarkHandle stackMark, Boolean throwOnFileNotFound, ObjectHandleOnStack assemblyLoadContext, ObjectHandleOnStack retAssembly)
   at System.Reflection.RuntimeAssembly.InternalLoad(AssemblyName assemblyName, RuntimeAssembly requestingAssembly, StackCrawlMark& stackMark, Boolean throwOnFileNotFound, AssemblyLoadContext assemblyLoadContext)
   at System.Reflection.Assembly.Load(AssemblyName assemblyRef)
   at Microsoft.VisualStudio.TestPlatform.Common.ExtensionFramework.TestPluginCache.CurrentDomainAssemblyResolve(Object sender, AssemblyResolveEventArgs args)
   at Microsoft.VisualStudio.TestPlatform.PlatformAbstractions.PlatformAssemblyResolver.AssemblyResolverEvent(Object sender, Object eventArgs)
   at System.Runtime.Loader.AssemblyLoadContext.GetFirstResolvedAssemblyFromResolvingEvent(AssemblyName assemblyName)
   at System.Runtime.Loader.AssemblyLoadContext.ResolveUsingEvent(AssemblyName assemblyName)
   at System.Runtime.Loader.AssemblyLoadContext.ResolveUsingResolvingEvent(IntPtr gchManagedAssemblyLoadContext, AssemblyName assemblyName)
TpTrace Warning: 0 : 27276, 1, 2022/09/14, 18:14:29.084, 654263695399, vstest.console.dll, LoaderExceptions: System.IO.FileNotFoundException: Could not load file or assembly 'Microsoft.Bcl.AsyncInterfaces, Version=1.0.0.0, Culture=neutral, PublicKeyToken=cc7b13ffcd2ddd51'. The system cannot find the file specified.
File name: 'Microsoft.Bcl.AsyncInterfaces, Version=1.0.0.0, Culture=neutral, PublicKeyToken=cc7b13ffcd2ddd51'
 ---> System.IO.FileNotFoundException: Could not load file or assembly 'Microsoft.Bcl.AsyncInterfaces, Culture=neutral, PublicKeyToken=null'. The system cannot find the file specified.
File name: 'Microsoft.Bcl.AsyncInterfaces, Culture=neutral, PublicKeyToken=null'
   at System.Reflection.RuntimeAssembly.InternalLoad(ObjectHandleOnStack assemblyName, ObjectHandleOnStack requestingAssembly, StackCrawlMarkHandle stackMark, Boolean throwOnFileNotFound, ObjectHandleOnStack assemblyLoadContext, ObjectHandleOnStack retAssembly)
   at System.Reflection.RuntimeAssembly.InternalLoad(AssemblyName assemblyName, RuntimeAssembly requestingAssembly, StackCrawlMark& stackMark, Boolean throwOnFileNotFound, AssemblyLoadContext assemblyLoadContext)
   at System.Reflection.Assembly.Load(AssemblyName assemblyRef)
   at Microsoft.VisualStudio.TestPlatform.Common.ExtensionFramework.TestPluginCache.CurrentDomainAssemblyResolve(Object sender, AssemblyResolveEventArgs args)
   at Microsoft.VisualStudio.TestPlatform.PlatformAbstractions.PlatformAssemblyResolver.AssemblyResolverEvent(Object sender, Object eventArgs)
   at System.Runtime.Loader.AssemblyLoadContext.GetFirstResolvedAssemblyFromResolvingEvent(AssemblyName assemblyName)
   at System.Runtime.Loader.AssemblyLoadContext.ResolveUsingEvent(AssemblyName assemblyName)
   at System.Runtime.Loader.AssemblyLoadContext.ResolveUsingResolvingEvent(IntPtr gchManagedAssemblyLoadContext, AssemblyName assemblyName)
TpTrace Information: 0 : 27276, 1, 2022/09/14, 18:14:29.084, 654263696445, vstest.console.dll, AssemblyResolver.OnResolve: Microsoft.TestPlatform.Extensions.BlameDataCollector: Resolving assembly.
TpTrace Information: 0 : 27276, 1, 2022/09/14, 18:14:29.084, 654263696715, vstest.console.dll, AssemblyResolver.OnResolve: Microsoft.TestPlatform.Extensions.BlameDataCollector: Searching in: 'C:\Program Files\dotnet\sdk\6.0.303\Extensions'.
TpTrace Information: 0 : 27276, 1, 2022/09/14, 18:14:29.084, 654263698481, vstest.console.dll, AssemblyResolver.OnResolve: Microsoft.TestPlatform.Extensions.BlameDataCollector: Loading assembly 'C:\Program Files\dotnet\sdk\6.0.303\Extensions\Microsoft.TestPlatform.Extensions.BlameDataCollector.dll'.
TpTrace Information: 0 : 27276, 1, 2022/09/14, 18:14:29.085, 654263701766, vstest.console.dll, AssemblyResolver.OnResolve: Resolved assembly: Microsoft.TestPlatform.Extensions.BlameDataCollector, from path: C:\Program Files\dotnet\sdk\6.0.303\Extensions\Microsoft.TestPlatform.Extensions.BlameDataCollector.dll
TpTrace Verbose: 0 : 27276, 1, 2022/09/14, 18:14:29.085, 654263702300, vstest.console.dll, MetadataReaderExtensionsHelper: Discovering extensions inside assembly 'Microsoft.TestPlatform.Extensions.BlameDataCollector, Version=15.0.0.0, Culture=neutral, PublicKeyToken=b03f5f7f11d50a3a' file path 'C:\Program Files\dotnet\sdk\6.0.303\Extensions\Microsoft.TestPlatform.Extensions.BlameDataCollector.dll'
TpTrace Information: 0 : 27276, 1, 2022/09/14, 18:14:29.086, 654263709805, vstest.console.dll, AssemblyResolver.OnResolve: Microsoft.TestPlatform.Extensions.EventLogCollector: Resolving assembly.
TpTrace Information: 0 : 27276, 1, 2022/09/14, 18:14:29.086, 654263710214, vstest.console.dll, AssemblyResolver.OnResolve: Microsoft.TestPlatform.Extensions.EventLogCollector: Searching in: 'C:\Program Files\dotnet\sdk\6.0.303\Extensions'.
TpTrace Information: 0 : 27276, 1, 2022/09/14, 18:14:29.086, 654263711661, vstest.console.dll, AssemblyResolver.OnResolve: Microsoft.TestPlatform.Extensions.EventLogCollector: Loading assembly 'C:\Program Files\dotnet\sdk\6.0.303\Extensions\Microsoft.TestPlatform.Extensions.EventLogCollector.dll'.
TpTrace Information: 0 : 27276, 1, 2022/09/14, 18:14:29.086, 654263713986, vstest.console.dll, AssemblyResolver.OnResolve: Resolved assembly: Microsoft.TestPlatform.Extensions.EventLogCollector, from path: C:\Program Files\dotnet\sdk\6.0.303\Extensions\Microsoft.TestPlatform.Extensions.EventLogCollector.dll
TpTrace Verbose: 0 : 27276, 1, 2022/09/14, 18:14:29.086, 654263714486, vstest.console.dll, MetadataReaderExtensionsHelper: Discovering extensions inside assembly 'Microsoft.TestPlatform.Extensions.EventLogCollector, Version=15.0.0.0, Culture=neutral, PublicKeyToken=b03f5f7f11d50a3a' file path 'C:\Program Files\dotnet\sdk\6.0.303\Extensions\Microsoft.TestPlatform.Extensions.EventLogCollector.dll'
TpTrace Information: 0 : 27276, 1, 2022/09/14, 18:14:29.087, 654263721309, vstest.console.dll, AssemblyResolver.OnResolve: Microsoft.TestPlatform.TestHostRuntimeProvider: Resolving assembly.
TpTrace Information: 0 : 27276, 1, 2022/09/14, 18:14:29.087, 654263721762, vstest.console.dll, AssemblyResolver.OnResolve: Microsoft.TestPlatform.TestHostRuntimeProvider: Searching in: 'C:\Program Files\dotnet\sdk\6.0.303\Extensions'.
TpTrace Information: 0 : 27276, 1, 2022/09/14, 18:14:29.087, 654263723218, vstest.console.dll, AssemblyResolver.OnResolve: Microsoft.TestPlatform.TestHostRuntimeProvider: Loading assembly 'C:\Program Files\dotnet\sdk\6.0.303\Extensions\Microsoft.TestPlatform.TestHostRuntimeProvider.dll'.
TpTrace Information: 0 : 27276, 1, 2022/09/14, 18:14:29.087, 654263726123, vstest.console.dll, AssemblyResolver.OnResolve: Resolved assembly: Microsoft.TestPlatform.TestHostRuntimeProvider, from path: C:\Program Files\dotnet\sdk\6.0.303\Extensions\Microsoft.TestPlatform.TestHostRuntimeProvider.dll
TpTrace Verbose: 0 : 27276, 1, 2022/09/14, 18:14:29.087, 654263726684, vstest.console.dll, MetadataReaderExtensionsHelper: Discovering extensions inside assembly 'Microsoft.TestPlatform.TestHostRuntimeProvider, Version=15.0.0.0, Culture=neutral, PublicKeyToken=b03f5f7f11d50a3a' file path 'C:\Program Files\dotnet\sdk\6.0.303\Extensions\Microsoft.TestPlatform.TestHostRuntimeProvider.dll'
TpTrace Information: 0 : 27276, 1, 2022/09/14, 18:14:29.089, 654263739481, vstest.console.dll, GetTestExtensionFromType: Register extension with identifier data 'HostProvider://DefaultTestHost' and type 'Microsoft.VisualStudio.TestPlatform.CrossPlatEngine.Hosting.DefaultTestHostManager, Microsoft.TestPlatform.TestHostRuntimeProvider, Version=15.0.0.0, Culture=neutral, PublicKeyToken=b03f5f7f11d50a3a' inside file 'C:\Program Files\dotnet\sdk\6.0.303\Extensions\Microsoft.TestPlatform.TestHostRuntimeProvider.dll'
TpTrace Information: 0 : 27276, 1, 2022/09/14, 18:14:29.089, 654263740231, vstest.console.dll, GetTestExtensionFromType: Register extension with identifier data 'HostProvider://DotnetTestHost' and type 'Microsoft.VisualStudio.TestPlatform.CrossPlatEngine.Hosting.DotnetTestHostManager, Microsoft.TestPlatform.TestHostRuntimeProvider, Version=15.0.0.0, Culture=neutral, PublicKeyToken=b03f5f7f11d50a3a' inside file 'C:\Program Files\dotnet\sdk\6.0.303\Extensions\Microsoft.TestPlatform.TestHostRuntimeProvider.dll'
TpTrace Information: 0 : 27276, 1, 2022/09/14, 18:14:29.089, 654263740767, vstest.console.dll, AssemblyResolver.OnResolve: Microsoft.VisualStudio.TestPlatform.Extensions.Html.TestLogger: Resolving assembly.
TpTrace Information: 0 : 27276, 1, 2022/09/14, 18:14:29.089, 654263740983, vstest.console.dll, AssemblyResolver.OnResolve: Microsoft.VisualStudio.TestPlatform.Extensions.Html.TestLogger: Searching in: 'C:\Program Files\dotnet\sdk\6.0.303\Extensions'.
TpTrace Information: 0 : 27276, 1, 2022/09/14, 18:14:29.089, 654263742646, vstest.console.dll, AssemblyResolver.OnResolve: Microsoft.VisualStudio.TestPlatform.Extensions.Html.TestLogger: Loading assembly 'C:\Program Files\dotnet\sdk\6.0.303\Extensions\Microsoft.VisualStudio.TestPlatform.Extensions.Html.TestLogger.dll'.
TpTrace Information: 0 : 27276, 1, 2022/09/14, 18:14:29.089, 654263745209, vstest.console.dll, AssemblyResolver.OnResolve: Resolved assembly: Microsoft.VisualStudio.TestPlatform.Extensions.Html.TestLogger, from path: C:\Program Files\dotnet\sdk\6.0.303\Extensions\Microsoft.VisualStudio.TestPlatform.Extensions.Html.TestLogger.dll
TpTrace Verbose: 0 : 27276, 1, 2022/09/14, 18:14:29.089, 654263745712, vstest.console.dll, MetadataReaderExtensionsHelper: Discovering extensions inside assembly 'Microsoft.VisualStudio.TestPlatform.Extensions.Html.TestLogger, Version=15.0.0.0, Culture=neutral, PublicKeyToken=b03f5f7f11d50a3a' file path 'C:\Program Files\dotnet\sdk\6.0.303\Extensions\Microsoft.VisualStudio.TestPlatform.Extensions.Html.TestLogger.dll'
TpTrace Information: 0 : 27276, 1, 2022/09/14, 18:14:29.090, 654263749231, vstest.console.dll, AssemblyResolver.OnResolve: Microsoft.VisualStudio.TestPlatform.Extensions.Trx.TestLogger: Resolving assembly.
TpTrace Information: 0 : 27276, 1, 2022/09/14, 18:14:29.090, 654263749620, vstest.console.dll, AssemblyResolver.OnResolve: Microsoft.VisualStudio.TestPlatform.Extensions.Trx.TestLogger: Searching in: 'C:\Program Files\dotnet\sdk\6.0.303\Extensions'.
TpTrace Information: 0 : 27276, 1, 2022/09/14, 18:14:29.090, 654263752297, vstest.console.dll, AssemblyResolver.OnResolve: Microsoft.VisualStudio.TestPlatform.Extensions.Trx.TestLogger: Loading assembly 'C:\Program Files\dotnet\sdk\6.0.303\Extensions\Microsoft.VisualStudio.TestPlatform.Extensions.Trx.TestLogger.dll'.
TpTrace Information: 0 : 27276, 1, 2022/09/14, 18:14:29.090, 654263756507, vstest.console.dll, AssemblyResolver.OnResolve: Resolved assembly: Microsoft.VisualStudio.TestPlatform.Extensions.Trx.TestLogger, from path: C:\Program Files\dotnet\sdk\6.0.303\Extensions\Microsoft.VisualStudio.TestPlatform.Extensions.Trx.TestLogger.dll
TpTrace Verbose: 0 : 27276, 1, 2022/09/14, 18:14:29.090, 654263757251, vstest.console.dll, MetadataReaderExtensionsHelper: Discovering extensions inside assembly 'Microsoft.VisualStudio.TestPlatform.Extensions.Trx.TestLogger, Version=15.0.0.0, Culture=neutral, PublicKeyToken=b03f5f7f11d50a3a' file path 'C:\Program Files\dotnet\sdk\6.0.303\Extensions\Microsoft.VisualStudio.TestPlatform.Extensions.Trx.TestLogger.dll'
TpTrace Verbose: 0 : 27276, 1, 2022/09/14, 18:14:29.091, 654263765272, vstest.console.dll, TestPluginCache: Discovered the extensions using extension path ''.
TpTrace Verbose: 0 : 27276, 1, 2022/09/14, 18:14:29.091, 654263765874, vstest.console.dll, TestPluginCache: Discoverers are ''.
TpTrace Verbose: 0 : 27276, 1, 2022/09/14, 18:14:29.091, 654263766206, vstest.console.dll, TestPluginCache: Executors are ''.
TpTrace Verbose: 0 : 27276, 1, 2022/09/14, 18:14:29.091, 654263766559, vstest.console.dll, TestPluginCache: Executors2 are ''.
TpTrace Verbose: 0 : 27276, 1, 2022/09/14, 18:14:29.091, 654263766789, vstest.console.dll, TestPluginCache: Setting providers are ''.
TpTrace Verbose: 0 : 27276, 1, 2022/09/14, 18:14:29.091, 654263767004, vstest.console.dll, TestPluginCache: Loggers are ''.
TpTrace Verbose: 0 : 27276, 1, 2022/09/14, 18:14:29.091, 654263768511, vstest.console.dll, TestPluginCache: TestHosts are 'HostProvider://DefaultTestHost,HostProvider://DotnetTestHost'.
TpTrace Verbose: 0 : 27276, 1, 2022/09/14, 18:14:29.091, 654263768877, vstest.console.dll, TestPluginCache: DataCollectors are ''.
TpTrace Information: 0 : 27276, 1, 2022/09/14, 18:14:29.100, 654263850606, vstest.console.dll, RunTestsArgumentProcessor:Execute: Test run is starting.
TpTrace Verbose: 0 : 27276, 1, 2022/09/14, 18:14:29.100, 654263851440, vstest.console.dll, RunTestsArgumentProcessor:Execute: Queuing Test run.
TpTrace Information: 0 : 27276, 1, 2022/09/14, 18:14:29.100, 654263852909, vstest.console.dll, TestRequestManager.RunTests: run tests started.
TpTrace Information: 0 : 27276, 1, 2022/09/14, 18:14:29.101, 654263867135, vstest.console.dll, AssemblyMetadataProvider.GetFrameWork: Determined framework:'.NETCoreApp,Version=v3.1' for source: 'C:\Users\SteevesSaillant\source\repos\XUnit_CSharp_Example\CRMTests\bin\Debug\netcoreapp3.1\fine-code-coverage\build-output\CRMTests.dll'
TpTrace Information: 0 : 27276, 1, 2022/09/14, 18:14:29.101, 654263868191, vstest.console.dll, Determined framework for all sources: .NETCoreApp,Version=v3.1
TpTrace Verbose: 0 : 27276, 1, 2022/09/14, 18:14:29.102, 654263871117, vstest.console.dll, TestRequestManager.UpdateRunSettingsIfRequired: Default architecture: X64 IsDefaultTargetArchitecture: True, Current process architecture: X64 OperatingSystem: Windows.
TpTrace Information: 0 : 27276, 1, 2022/09/14, 18:14:29.102, 654263873456, vstest.console.dll, AssemblyMetadataProvider.GetArchitecture: Determined architecture:AnyCPU info for assembly: C:\Users\SteevesSaillant\source\repos\XUnit_CSharp_Example\CRMTests\bin\Debug\netcoreapp3.1\fine-code-coverage\build-output\CRMTests.dll
TpTrace Information: 0 : 27276, 1, 2022/09/14, 18:14:29.102, 654263873822, vstest.console.dll, Determined platform for source 'C:\Users\SteevesSaillant\source\repos\XUnit_CSharp_Example\CRMTests\bin\Debug\netcoreapp3.1\fine-code-coverage\build-output\CRMTests.dll' is 'AnyCPU'
TpTrace Information: 0 : 27276, 1, 2022/09/14, 18:14:29.103, 654263886396, vstest.console.dll, Determined platform for all sources: X64
TpTrace Information: 0 : 27276, 1, 2022/09/14, 18:14:29.103, 654263886858, vstest.console.dll, Infered platform 'X64'.
TpTrace Information: 0 : 27276, 1, 2022/09/14, 18:14:29.103, 654263887067, vstest.console.dll, Platform update to 'X64' required.
TpTrace Information: 0 : 27276, 1, 2022/09/14, 18:14:29.105, 654263904915, vstest.console.dll, Compatible sources list: 
TpTrace Information: 0 : 27276, 1, 2022/09/14, 18:14:29.105, 654263905430, vstest.console.dll, C:\Users\SteevesSaillant\source\repos\XUnit_CSharp_Example\CRMTests\bin\Debug\netcoreapp3.1\fine-code-coverage\build-output\CRMTests.dll
TpTrace Information: 0 : 27276, 1, 2022/09/14, 18:14:29.107, 654263922380, vstest.console.dll, InferRunSettingsHelper.IsTestSettingsEnabled: Unable to navigate to RunSettings/MSTest. Current node: RunSettings
TpTrace Information: 0 : 27276, 1, 2022/09/14, 18:14:29.107, 654263927471, vstest.console.dll, AssemblyResolver.OnResolve: Microsoft.VisualStudio.TestPlatform.Fakes: Resolving assembly.
TpTrace Information: 0 : 27276, 1, 2022/09/14, 18:14:29.107, 654263927904, vstest.console.dll, AssemblyResolver.OnResolve: Microsoft.VisualStudio.TestPlatform.Fakes: Searching in: 'C:\Program Files\dotnet\sdk\6.0.303\Extensions'.
TpTrace Information: 0 : 27276, 1, 2022/09/14, 18:14:29.107, 654263928743, vstest.console.dll, AssemblyResolver.OnResolve: Microsoft.VisualStudio.TestPlatform.Fakes: Assembly path does not exist: 'C:\Program Files\dotnet\sdk\6.0.303\Extensions\Microsoft.VisualStudio.TestPlatform.Fakes.dll', returning.
TpTrace Information: 0 : 27276, 1, 2022/09/14, 18:14:29.108, 654263929198, vstest.console.dll, AssemblyResolver.OnResolve: Microsoft.VisualStudio.TestPlatform.Fakes: Assembly path does not exist: 'C:\Program Files\dotnet\sdk\6.0.303\Extensions\Microsoft.VisualStudio.TestPlatform.Fakes.exe', returning.
TpTrace Information: 0 : 27276, 1, 2022/09/14, 18:14:29.108, 654263929374, vstest.console.dll, AssemblyResolver.OnResolve: Microsoft.VisualStudio.TestPlatform.Fakes: Searching in: 'C:\Program Files\dotnet\sdk\6.0.303'.
TpTrace Information: 0 : 27276, 1, 2022/09/14, 18:14:29.108, 654263929738, vstest.console.dll, AssemblyResolver.OnResolve: Microsoft.VisualStudio.TestPlatform.Fakes: Assembly path does not exist: 'C:\Program Files\dotnet\sdk\6.0.303\Microsoft.VisualStudio.TestPlatform.Fakes.dll', returning.
TpTrace Information: 0 : 27276, 1, 2022/09/14, 18:14:29.108, 654263930072, vstest.console.dll, AssemblyResolver.OnResolve: Microsoft.VisualStudio.TestPlatform.Fakes: Assembly path does not exist: 'C:\Program Files\dotnet\sdk\6.0.303\Microsoft.VisualStudio.TestPlatform.Fakes.exe', returning.
TpTrace Information: 0 : 27276, 1, 2022/09/14, 18:14:29.108, 654263930238, vstest.console.dll, AssemblyResolver.OnResolve: Microsoft.VisualStudio.TestPlatform.Fakes: Failed to load assembly.
TpTrace Information: 0 : 27276, 1, 2022/09/14, 18:14:29.108, 654263932157, vstest.console.dll, Failed to load assembly Microsoft.VisualStudio.TestPlatform.Fakes, Version=17.0.0.0, Culture=neutral. Reason:System.IO.FileNotFoundException: Could not load file or assembly 'Microsoft.VisualStudio.TestPlatform.Fakes, Version=17.0.0.0, Culture=neutral, PublicKeyToken=null'. The system cannot find the file specified.
File name: 'Microsoft.VisualStudio.TestPlatform.Fakes, Version=17.0.0.0, Culture=neutral, PublicKeyToken=null'
   at System.Reflection.RuntimeAssembly.InternalLoad(ObjectHandleOnStack assemblyName, ObjectHandleOnStack requestingAssembly, StackCrawlMarkHandle stackMark, Boolean throwOnFileNotFound, ObjectHandleOnStack assemblyLoadContext, ObjectHandleOnStack retAssembly)
   at System.Reflection.RuntimeAssembly.InternalLoad(AssemblyName assemblyName, RuntimeAssembly requestingAssembly, StackCrawlMark& stackMark, Boolean throwOnFileNotFound, AssemblyLoadContext assemblyLoadContext)
   at System.Reflection.Assembly.Load(AssemblyName assemblyRef)
   at Microsoft.VisualStudio.TestPlatform.Common.Utilities.FakesUtilities.LoadTestPlatformAssembly()
TpTrace Verbose: 0 : 27276, 1, 2022/09/14, 18:14:29.109, 654263941404, vstest.console.dll, TestPluginCache: Update extensions started. Skip filter = False
TpTrace Verbose: 0 : 27276, 1, 2022/09/14, 18:14:29.109, 654263943190, vstest.console.dll, TestPluginCache: Using directories for assembly resolution 'C:\Users\SteevesSaillant\source\repos\XUnit_CSharp_Example\CRMTests\bin\Debug\netcoreapp3.1\fine-code-coverage\build-output'.
TpTrace Verbose: 0 : 27276, 1, 2022/09/14, 18:14:29.109, 654263943516, vstest.console.dll, TestPluginCache: Updated the available extensions to 'C:\Users\SteevesSaillant\source\repos\XUnit_CSharp_Example\CRMTests\bin\Debug\netcoreapp3.1\fine-code-coverage\build-output\Microsoft.VisualStudio.TestPlatform.Extension.Xunit.Xml.TestLogger.dll'.
TpTrace Verbose: 0 : 27276, 1, 2022/09/14, 18:14:29.111, 654263966414, vstest.console.dll, TestPluginCache.DiscoverTestExtensions: finding test extensions in assemblies ends with: TestLogger.dll TPluginInfo: Microsoft.VisualStudio.TestPlatform.Common.ExtensionFramework.Utilities.TestLoggerPluginInformation TExtension: Microsoft.VisualStudio.TestPlatform.ObjectModel.Client.ITestLogger
TpTrace Verbose: 0 : 27276, 1, 2022/09/14, 18:14:29.111, 654263967500, vstest.console.dll, TestPluginCache.GetExtensionPaths: Filtered extension paths: C:\Users\SteevesSaillant\source\repos\XUnit_CSharp_Example\CRMTests\bin\Debug\netcoreapp3.1\fine-code-coverage\build-output\Microsoft.VisualStudio.TestPlatform.Extension.Xunit.Xml.TestLogger.dll
TpTrace Verbose: 0 : 27276, 1, 2022/09/14, 18:14:29.111, 654263968156, vstest.console.dll, TestPluginCache.GetExtensionPaths: Added default extension paths: C:\Program Files\dotnet\sdk\6.0.303\Extensions\DumpMinitool.exe
C:\Program Files\dotnet\sdk\6.0.303\Extensions\DumpMinitool.x86.exe
C:\Program Files\dotnet\sdk\6.0.303\Extensions\Microsoft.Diagnostics.NETCore.Client.dll
C:\Program Files\dotnet\sdk\6.0.303\Extensions\Microsoft.TestPlatform.Extensions.BlameDataCollector.dll
C:\Program Files\dotnet\sdk\6.0.303\Extensions\Microsoft.TestPlatform.Extensions.EventLogCollector.dll
C:\Program Files\dotnet\sdk\6.0.303\Extensions\Microsoft.TestPlatform.TestHostRuntimeProvider.dll
C:\Program Files\dotnet\sdk\6.0.303\Extensions\Microsoft.VisualStudio.TestPlatform.Extensions.Html.TestLogger.dll
C:\Program Files\dotnet\sdk\6.0.303\Extensions\Microsoft.VisualStudio.TestPlatform.Extensions.Trx.TestLogger.dll
TpTrace Verbose: 0 : 27276, 1, 2022/09/14, 18:14:29.111, 654263968618, vstest.console.dll, TestPluginCache.GetExtensionPaths: Added unfilterableExtensionPaths: 
TpTrace Information: 0 : 27276, 1, 2022/09/14, 18:14:29.112, 654263969896, vstest.console.dll, AssemblyResolver.AddSearchDirectories: Adding more searchDirectories C:\Users\SteevesSaillant\source\repos\XUnit_CSharp_Example\CRMTests\bin\Debug\netcoreapp3.1\fine-code-coverage\build-output,C:\Program Files\dotnet\sdk\6.0.303\Extensions,C:\Program Files\dotnet\sdk\6.0.303
TpTrace Verbose: 0 : 27276, 1, 2022/09/14, 18:14:29.112, 654263970429, vstest.console.dll, TestPluginCache.DiscoverTestExtensions: Discovering the extensions using extension path.
TpTrace Verbose: 0 : 27276, 1, 2022/09/14, 18:14:29.112, 654263971033, vstest.console.dll, TestPluginCache.GetExtensionPaths: Filtered extension paths: C:\Users\SteevesSaillant\source\repos\XUnit_CSharp_Example\CRMTests\bin\Debug\netcoreapp3.1\fine-code-coverage\build-output\Microsoft.VisualStudio.TestPlatform.Extension.Xunit.Xml.TestLogger.dll
TpTrace Verbose: 0 : 27276, 1, 2022/09/14, 18:14:29.112, 654263971486, vstest.console.dll, TestPluginCache.GetExtensionPaths: Added default extension paths: C:\Program Files\dotnet\sdk\6.0.303\Extensions\DumpMinitool.exe
C:\Program Files\dotnet\sdk\6.0.303\Extensions\DumpMinitool.x86.exe
C:\Program Files\dotnet\sdk\6.0.303\Extensions\Microsoft.Diagnostics.NETCore.Client.dll
C:\Program Files\dotnet\sdk\6.0.303\Extensions\Microsoft.TestPlatform.Extensions.BlameDataCollector.dll
C:\Program Files\dotnet\sdk\6.0.303\Extensions\Microsoft.TestPlatform.Extensions.EventLogCollector.dll
C:\Program Files\dotnet\sdk\6.0.303\Extensions\Microsoft.TestPlatform.TestHostRuntimeProvider.dll
C:\Program Files\dotnet\sdk\6.0.303\Extensions\Microsoft.VisualStudio.TestPlatform.Extensions.Html.TestLogger.dll
C:\Program Files\dotnet\sdk\6.0.303\Extensions\Microsoft.VisualStudio.TestPlatform.Extensions.Trx.TestLogger.dll
TpTrace Verbose: 0 : 27276, 1, 2022/09/14, 18:14:29.112, 654263971686, vstest.console.dll, TestPluginCache.GetExtensionPaths: Added unfilterableExtensionPaths: 
TpTrace Verbose: 0 : 27276, 1, 2022/09/14, 18:14:29.112, 654263971947, vstest.console.dll, TestPluginCache.DiscoverTestExtensions: Discovering the extensions using allExtensionPaths: C:\Users\SteevesSaillant\source\repos\XUnit_CSharp_Example\CRMTests\bin\Debug\netcoreapp3.1\fine-code-coverage\build-output\Microsoft.VisualStudio.TestPlatform.Extension.Xunit.Xml.TestLogger.dll
C:\Program Files\dotnet\sdk\6.0.303\Extensions\DumpMinitool.exe
C:\Program Files\dotnet\sdk\6.0.303\Extensions\DumpMinitool.x86.exe
C:\Program Files\dotnet\sdk\6.0.303\Extensions\Microsoft.Diagnostics.NETCore.Client.dll
C:\Program Files\dotnet\sdk\6.0.303\Extensions\Microsoft.TestPlatform.Extensions.BlameDataCollector.dll
C:\Program Files\dotnet\sdk\6.0.303\Extensions\Microsoft.TestPlatform.Extensions.EventLogCollector.dll
C:\Program Files\dotnet\sdk\6.0.303\Extensions\Microsoft.TestPlatform.TestHostRuntimeProvider.dll
C:\Program Files\dotnet\sdk\6.0.303\Extensions\Microsoft.VisualStudio.TestPlatform.Extensions.Html.TestLogger.dll
C:\Program Files\dotnet\sdk\6.0.303\Extensions\Microsoft.VisualStudio.TestPlatform.Extensions.Trx.TestLogger.dll
TpTrace Information: 0 : 27276, 1, 2022/09/14, 18:14:29.112, 654263972331, vstest.console.dll, AssemblyResolver.AddSearchDirectories: Adding more searchDirectories C:\Users\SteevesSaillant\source\repos\XUnit_CSharp_Example\CRMTests\bin\Debug\netcoreapp3.1\fine-code-coverage\build-output,C:\Program Files\dotnet\sdk\6.0.303
TpTrace Information: 0 : 27276, 1, 2022/09/14, 18:14:29.112, 654263972643, vstest.console.dll, AssemblyResolver.AddSearchDirectories: Adding more searchDirectories C:\Program Files\dotnet\sdk\6.0.303\Extensions,C:\Program Files\dotnet\sdk\6.0.303
TpTrace Information: 0 : 27276, 1, 2022/09/14, 18:14:29.112, 654263972822, vstest.console.dll, AssemblyResolver.AddSearchDirectories: Adding more searchDirectories C:\Program Files\dotnet\sdk\6.0.303\Extensions,C:\Program Files\dotnet\sdk\6.0.303
TpTrace Information: 0 : 27276, 1, 2022/09/14, 18:14:29.112, 654263972988, vstest.console.dll, AssemblyResolver.AddSearchDirectories: Adding more searchDirectories C:\Program Files\dotnet\sdk\6.0.303\Extensions,C:\Program Files\dotnet\sdk\6.0.303
TpTrace Information: 0 : 27276, 1, 2022/09/14, 18:14:29.112, 654263973188, vstest.console.dll, AssemblyResolver.AddSearchDirectories: Adding more searchDirectories C:\Program Files\dotnet\sdk\6.0.303\Extensions,C:\Program Files\dotnet\sdk\6.0.303
TpTrace Information: 0 : 27276, 1, 2022/09/14, 18:14:29.112, 654263973354, vstest.console.dll, AssemblyResolver.AddSearchDirectories: Adding more searchDirectories C:\Program Files\dotnet\sdk\6.0.303\Extensions,C:\Program Files\dotnet\sdk\6.0.303
TpTrace Information: 0 : 27276, 1, 2022/09/14, 18:14:29.112, 654263973575, vstest.console.dll, AssemblyResolver.AddSearchDirectories: Adding more searchDirectories C:\Program Files\dotnet\sdk\6.0.303\Extensions,C:\Program Files\dotnet\sdk\6.0.303
TpTrace Information: 0 : 27276, 1, 2022/09/14, 18:14:29.112, 654263973822, vstest.console.dll, AssemblyResolver.AddSearchDirectories: Adding more searchDirectories C:\Program Files\dotnet\sdk\6.0.303\Extensions,C:\Program Files\dotnet\sdk\6.0.303
TpTrace Information: 0 : 27276, 1, 2022/09/14, 18:14:29.112, 654263974074, vstest.console.dll, AssemblyResolver.AddSearchDirectories: Adding more searchDirectories C:\Program Files\dotnet\sdk\6.0.303\Extensions,C:\Program Files\dotnet\sdk\6.0.303
TpTrace Information: 0 : 27276, 1, 2022/09/14, 18:14:29.112, 654263975255, vstest.console.dll, AssemblyResolver.OnResolve: Microsoft.VisualStudio.TestPlatform.Extension.Xunit.Xml.TestLogger: Resolving assembly.
TpTrace Information: 0 : 27276, 1, 2022/09/14, 18:14:29.112, 654263975717, vstest.console.dll, AssemblyResolver.OnResolve: Microsoft.VisualStudio.TestPlatform.Extension.Xunit.Xml.TestLogger: Searching in: 'C:\Program Files\dotnet\sdk\6.0.303\Extensions'.
TpTrace Information: 0 : 27276, 1, 2022/09/14, 18:14:29.112, 654263976534, vstest.console.dll, AssemblyResolver.OnResolve: Microsoft.VisualStudio.TestPlatform.Extension.Xunit.Xml.TestLogger: Assembly path does not exist: 'C:\Program Files\dotnet\sdk\6.0.303\Extensions\Microsoft.VisualStudio.TestPlatform.Extension.Xunit.Xml.TestLogger.dll', returning.
TpTrace Information: 0 : 27276, 1, 2022/09/14, 18:14:29.112, 654263977130, vstest.console.dll, AssemblyResolver.OnResolve: Microsoft.VisualStudio.TestPlatform.Extension.Xunit.Xml.TestLogger: Assembly path does not exist: 'C:\Program Files\dotnet\sdk\6.0.303\Extensions\Microsoft.VisualStudio.TestPlatform.Extension.Xunit.Xml.TestLogger.exe', returning.
TpTrace Information: 0 : 27276, 1, 2022/09/14, 18:14:29.112, 654263977522, vstest.console.dll, AssemblyResolver.OnResolve: Microsoft.VisualStudio.TestPlatform.Extension.Xunit.Xml.TestLogger: Searching in: 'C:\Program Files\dotnet\sdk\6.0.303'.
TpTrace Information: 0 : 27276, 1, 2022/09/14, 18:14:29.112, 654263978104, vstest.console.dll, AssemblyResolver.OnResolve: Microsoft.VisualStudio.TestPlatform.Extension.Xunit.Xml.TestLogger: Assembly path does not exist: 'C:\Program Files\dotnet\sdk\6.0.303\Microsoft.VisualStudio.TestPlatform.Extension.Xunit.Xml.TestLogger.dll', returning.
TpTrace Information: 0 : 27276, 1, 2022/09/14, 18:14:29.112, 654263978505, vstest.console.dll, AssemblyResolver.OnResolve: Microsoft.VisualStudio.TestPlatform.Extension.Xunit.Xml.TestLogger: Assembly path does not exist: 'C:\Program Files\dotnet\sdk\6.0.303\Microsoft.VisualStudio.TestPlatform.Extension.Xunit.Xml.TestLogger.exe', returning.
TpTrace Information: 0 : 27276, 1, 2022/09/14, 18:14:29.112, 654263978770, vstest.console.dll, AssemblyResolver.OnResolve: Microsoft.VisualStudio.TestPlatform.Extension.Xunit.Xml.TestLogger: Searching in: 'C:\Users\SteevesSaillant\source\repos\XUnit_CSharp_Example\CRMTests\bin\Debug\netcoreapp3.1\fine-code-coverage\build-output'.
TpTrace Information: 0 : 27276, 1, 2022/09/14, 18:14:29.113, 654263981401, vstest.console.dll, AssemblyResolver.OnResolve: Microsoft.VisualStudio.TestPlatform.Extension.Xunit.Xml.TestLogger: Loading assembly 'C:\Users\SteevesSaillant\source\repos\XUnit_CSharp_Example\CRMTests\bin\Debug\netcoreapp3.1\fine-code-coverage\build-output\Microsoft.VisualStudio.TestPlatform.Extension.Xunit.Xml.TestLogger.dll'.
TpTrace Information: 0 : 27276, 1, 2022/09/14, 18:14:29.113, 654263985266, vstest.console.dll, AssemblyResolver.OnResolve: Resolved assembly: Microsoft.VisualStudio.TestPlatform.Extension.Xunit.Xml.TestLogger, from path: C:\Users\SteevesSaillant\source\repos\XUnit_CSharp_Example\CRMTests\bin\Debug\netcoreapp3.1\fine-code-coverage\build-output\Microsoft.VisualStudio.TestPlatform.Extension.Xunit.Xml.TestLogger.dll
TpTrace Verbose: 0 : 27276, 1, 2022/09/14, 18:14:29.113, 654263986185, vstest.console.dll, MetadataReaderExtensionsHelper: Discovering extensions inside assembly 'Microsoft.VisualStudio.TestPlatform.Extension.Xunit.Xml.TestLogger, Version=2.1.26.0, Culture=neutral, PublicKeyToken=null' file path 'C:\Users\SteevesSaillant\source\repos\XUnit_CSharp_Example\CRMTests\bin\Debug\netcoreapp3.1\fine-code-coverage\build-output\Microsoft.VisualStudio.TestPlatform.Extension.Xunit.Xml.TestLogger.dll'
TpTrace Information: 0 : 27276, 1, 2022/09/14, 18:14:29.114, 654263992500, vstest.console.dll, GetTestExtensionFromType: Register extension with identifier data 'logger://Microsoft/TestPlatform/XUnitXmlLogger/v1' and type 'Microsoft.VisualStudio.TestPlatform.Extension.Xunit.Xml.TestLogger.XunitXmlTestLogger, Microsoft.VisualStudio.TestPlatform.Extension.Xunit.Xml.TestLogger, Version=2.1.26.0, Culture=neutral, PublicKeyToken=null' inside file 'C:\Users\SteevesSaillant\source\repos\XUnit_CSharp_Example\CRMTests\bin\Debug\netcoreapp3.1\fine-code-coverage\build-output\Microsoft.VisualStudio.TestPlatform.Extension.Xunit.Xml.TestLogger.dll'
TpTrace Verbose: 0 : 27276, 1, 2022/09/14, 18:14:29.114, 654263993306, vstest.console.dll, MetadataReaderExtensionsHelper: Discovering extensions inside assembly 'DumpMinitool, Version=15.0.0.0, Culture=neutral, PublicKeyToken=b03f5f7f11d50a3a' file path 'C:\Program Files\dotnet\sdk\6.0.303\Extensions\DumpMinitool.exe'
TpTrace Verbose: 0 : 27276, 1, 2022/09/14, 18:14:29.114, 654263995517, vstest.console.dll, MetadataReaderExtensionsHelper: Discovering extensions inside assembly 'DumpMinitool.x86, Version=15.0.0.0, Culture=neutral, PublicKeyToken=b03f5f7f11d50a3a' file path 'C:\Program Files\dotnet\sdk\6.0.303\Extensions\DumpMinitool.x86.exe'
TpTrace Verbose: 0 : 27276, 1, 2022/09/14, 18:14:29.114, 654263997546, vstest.console.dll, MetadataReaderExtensionsHelper: Discovering extensions inside assembly 'Microsoft.Diagnostics.NETCore.Client, Version=0.2.5.801, Culture=neutral, PublicKeyToken=31bf3856ad364e35' file path 'C:\Program Files\dotnet\sdk\6.0.303\Extensions\Microsoft.Diagnostics.NETCore.Client.dll'
TpTrace Information: 0 : 27276, 1, 2022/09/14, 18:14:29.115, 654264000629, vstest.console.dll, AssemblyResolver.OnResolve: Microsoft.Bcl.AsyncInterfaces: Resolving assembly.
TpTrace Information: 0 : 27276, 1, 2022/09/14, 18:14:29.115, 654264001079, vstest.console.dll, AssemblyResolver.OnResolve: Microsoft.Bcl.AsyncInterfaces: Resolved from cache.
TpTrace Verbose: 0 : 27276, 1, 2022/09/14, 18:14:29.115, 654264001434, vstest.console.dll, CurrentDomainAssemblyResolve: Resolving assembly 'Microsoft.Bcl.AsyncInterfaces'.
TpTrace Information: 0 : 27276, 1, 2022/09/14, 18:14:29.115, 654264001845, vstest.console.dll, AssemblyResolver.OnResolve: Microsoft.Bcl.AsyncInterfaces: Resolving assembly.
TpTrace Information: 0 : 27276, 1, 2022/09/14, 18:14:29.115, 654264002103, vstest.console.dll, AssemblyResolver.OnResolve: Microsoft.Bcl.AsyncInterfaces: Resolved from cache.
TpTrace Verbose: 0 : 27276, 1, 2022/09/14, 18:14:29.115, 654264002355, vstest.console.dll, CurrentDomainAssemblyResolve: Resolving assembly 'Microsoft.Bcl.AsyncInterfaces'.
TpTrace Verbose: 0 : 27276, 1, 2022/09/14, 18:14:29.115, 654264002597, vstest.console.dll, CurrentDomainAssemblyResolve: Failed to resolve assembly 'Microsoft.Bcl.AsyncInterfaces'.
TpTrace Verbose: 0 : 27276, 1, 2022/09/14, 18:14:29.115, 654264004113, vstest.console.dll, CurrentDomainAssemblyResolve: Failed to resolve assembly 'Microsoft.Bcl.AsyncInterfaces'.
TpTrace Warning: 0 : 27276, 1, 2022/09/14, 18:14:29.115, 654264007911, vstest.console.dll, TestPluginDiscoverer: Failed to get types from assembly 'Microsoft.Diagnostics.NETCore.Client, Version=0.2.5.801, Culture=neutral, PublicKeyToken=31bf3856ad364e35'. Error: System.Reflection.ReflectionTypeLoadException: Unable to load one or more of the requested types.
Could not load file or assembly 'Microsoft.Bcl.AsyncInterfaces, Version=1.0.0.0, Culture=neutral, PublicKeyToken=cc7b13ffcd2ddd51'. The system cannot find the file specified.
   at System.Reflection.RuntimeModule.GetTypes(RuntimeModule module)
   at System.Reflection.Assembly.GetTypes()
   at Microsoft.VisualStudio.TestPlatform.Common.ExtensionFramework.TestPluginDiscoverer.GetTestExtensionsFromAssembly[TPluginInfo,TExtension](Assembly assembly, Dictionary`2 pluginInfos, String filePath)
System.IO.FileNotFoundException: Could not load file or assembly 'Microsoft.Bcl.AsyncInterfaces, Version=1.0.0.0, Culture=neutral, PublicKeyToken=cc7b13ffcd2ddd51'. The system cannot find the file specified.
File name: 'Microsoft.Bcl.AsyncInterfaces, Version=1.0.0.0, Culture=neutral, PublicKeyToken=cc7b13ffcd2ddd51'
 ---> System.IO.FileNotFoundException: Could not load file or assembly 'Microsoft.Bcl.AsyncInterfaces, Culture=neutral, PublicKeyToken=null'. The system cannot find the file specified.
File name: 'Microsoft.Bcl.AsyncInterfaces, Culture=neutral, PublicKeyToken=null'
   at System.Reflection.RuntimeAssembly.InternalLoad(ObjectHandleOnStack assemblyName, ObjectHandleOnStack requestingAssembly, StackCrawlMarkHandle stackMark, Boolean throwOnFileNotFound, ObjectHandleOnStack assemblyLoadContext, ObjectHandleOnStack retAssembly)
   at System.Reflection.RuntimeAssembly.InternalLoad(AssemblyName assemblyName, RuntimeAssembly requestingAssembly, StackCrawlMark& stackMark, Boolean throwOnFileNotFound, AssemblyLoadContext assemblyLoadContext)
   at System.Reflection.Assembly.Load(AssemblyName assemblyRef)
   at Microsoft.VisualStudio.TestPlatform.Common.ExtensionFramework.TestPluginCache.CurrentDomainAssemblyResolve(Object sender, AssemblyResolveEventArgs args)
   at Microsoft.VisualStudio.TestPlatform.PlatformAbstractions.PlatformAssemblyResolver.AssemblyResolverEvent(Object sender, Object eventArgs)
   at System.Runtime.Loader.AssemblyLoadContext.GetFirstResolvedAssemblyFromResolvingEvent(AssemblyName assemblyName)
   at System.Runtime.Loader.AssemblyLoadContext.ResolveUsingEvent(AssemblyName assemblyName)
   at System.Runtime.Loader.AssemblyLoadContext.ResolveUsingResolvingEvent(IntPtr gchManagedAssemblyLoadContext, AssemblyName assemblyName)
TpTrace Warning: 0 : 27276, 1, 2022/09/14, 18:14:29.116, 654264009859, vstest.console.dll, LoaderExceptions: System.IO.FileNotFoundException: Could not load file or assembly 'Microsoft.Bcl.AsyncInterfaces, Version=1.0.0.0, Culture=neutral, PublicKeyToken=cc7b13ffcd2ddd51'. The system cannot find the file specified.
File name: 'Microsoft.Bcl.AsyncInterfaces, Version=1.0.0.0, Culture=neutral, PublicKeyToken=cc7b13ffcd2ddd51'
 ---> System.IO.FileNotFoundException: Could not load file or assembly 'Microsoft.Bcl.AsyncInterfaces, Culture=neutral, PublicKeyToken=null'. The system cannot find the file specified.
File name: 'Microsoft.Bcl.AsyncInterfaces, Culture=neutral, PublicKeyToken=null'
   at System.Reflection.RuntimeAssembly.InternalLoad(ObjectHandleOnStack assemblyName, ObjectHandleOnStack requestingAssembly, StackCrawlMarkHandle stackMark, Boolean throwOnFileNotFound, ObjectHandleOnStack assemblyLoadContext, ObjectHandleOnStack retAssembly)
   at System.Reflection.RuntimeAssembly.InternalLoad(AssemblyName assemblyName, RuntimeAssembly requestingAssembly, StackCrawlMark& stackMark, Boolean throwOnFileNotFound, AssemblyLoadContext assemblyLoadContext)
   at System.Reflection.Assembly.Load(AssemblyName assemblyRef)
   at Microsoft.VisualStudio.TestPlatform.Common.ExtensionFramework.TestPluginCache.CurrentDomainAssemblyResolve(Object sender, AssemblyResolveEventArgs args)
   at Microsoft.VisualStudio.TestPlatform.PlatformAbstractions.PlatformAssemblyResolver.AssemblyResolverEvent(Object sender, Object eventArgs)
   at System.Runtime.Loader.AssemblyLoadContext.GetFirstResolvedAssemblyFromResolvingEvent(AssemblyName assemblyName)
   at System.Runtime.Loader.AssemblyLoadContext.ResolveUsingEvent(AssemblyName assemblyName)
   at System.Runtime.Loader.AssemblyLoadContext.ResolveUsingResolvingEvent(IntPtr gchManagedAssemblyLoadContext, AssemblyName assemblyName)
TpTrace Verbose: 0 : 27276, 1, 2022/09/14, 18:14:29.116, 654264010765, vstest.console.dll, MetadataReaderExtensionsHelper: Discovering extensions inside assembly 'Microsoft.TestPlatform.Extensions.BlameDataCollector, Version=15.0.0.0, Culture=neutral, PublicKeyToken=b03f5f7f11d50a3a' file path 'C:\Program Files\dotnet\sdk\6.0.303\Extensions\Microsoft.TestPlatform.Extensions.BlameDataCollector.dll'
TpTrace Information: 0 : 27276, 1, 2022/09/14, 18:14:29.116, 654264013723, vstest.console.dll, GetTestExtensionFromType: Register extension with identifier data 'logger://Microsoft/TestPlatform/Extensions/Blame/v1' and type 'Microsoft.TestPlatform.Extensions.BlameDataCollector.BlameLogger, Microsoft.TestPlatform.Extensions.BlameDataCollector, Version=15.0.0.0, Culture=neutral, PublicKeyToken=b03f5f7f11d50a3a' inside file 'C:\Program Files\dotnet\sdk\6.0.303\Extensions\Microsoft.TestPlatform.Extensions.BlameDataCollector.dll'
TpTrace Verbose: 0 : 27276, 1, 2022/09/14, 18:14:29.116, 654264014234, vstest.console.dll, MetadataReaderExtensionsHelper: Discovering extensions inside assembly 'Microsoft.TestPlatform.Extensions.EventLogCollector, Version=15.0.0.0, Culture=neutral, PublicKeyToken=b03f5f7f11d50a3a' file path 'C:\Program Files\dotnet\sdk\6.0.303\Extensions\Microsoft.TestPlatform.Extensions.EventLogCollector.dll'
TpTrace Verbose: 0 : 27276, 1, 2022/09/14, 18:14:29.116, 654264015988, vstest.console.dll, MetadataReaderExtensionsHelper: Discovering extensions inside assembly 'Microsoft.TestPlatform.TestHostRuntimeProvider, Version=15.0.0.0, Culture=neutral, PublicKeyToken=b03f5f7f11d50a3a' file path 'C:\Program Files\dotnet\sdk\6.0.303\Extensions\Microsoft.TestPlatform.TestHostRuntimeProvider.dll'
TpTrace Verbose: 0 : 27276, 1, 2022/09/14, 18:14:29.116, 654264018052, vstest.console.dll, MetadataReaderExtensionsHelper: Discovering extensions inside assembly 'Microsoft.VisualStudio.TestPlatform.Extensions.Html.TestLogger, Version=15.0.0.0, Culture=neutral, PublicKeyToken=b03f5f7f11d50a3a' file path 'C:\Program Files\dotnet\sdk\6.0.303\Extensions\Microsoft.VisualStudio.TestPlatform.Extensions.Html.TestLogger.dll'
TpTrace Information: 0 : 27276, 1, 2022/09/14, 18:14:29.117, 654264020057, vstest.console.dll, GetTestExtensionFromType: Register extension with identifier data 'logger://Microsoft/TestPlatform/HtmlLogger/v1' and type 'Microsoft.VisualStudio.TestPlatform.Extensions.HtmlLogger.HtmlLogger, Microsoft.VisualStudio.TestPlatform.Extensions.Html.TestLogger, Version=15.0.0.0, Culture=neutral, PublicKeyToken=b03f5f7f11d50a3a' inside file 'C:\Program Files\dotnet\sdk\6.0.303\Extensions\Microsoft.VisualStudio.TestPlatform.Extensions.Html.TestLogger.dll'
TpTrace Verbose: 0 : 27276, 1, 2022/09/14, 18:14:29.117, 654264020526, vstest.console.dll, MetadataReaderExtensionsHelper: Discovering extensions inside assembly 'Microsoft.VisualStudio.TestPlatform.Extensions.Trx.TestLogger, Version=15.0.0.0, Culture=neutral, PublicKeyToken=b03f5f7f11d50a3a' file path 'C:\Program Files\dotnet\sdk\6.0.303\Extensions\Microsoft.VisualStudio.TestPlatform.Extensions.Trx.TestLogger.dll'
TpTrace Information: 0 : 27276, 1, 2022/09/14, 18:14:29.117, 654264022657, vstest.console.dll, GetTestExtensionFromType: Register extension with identifier data 'logger://Microsoft/TestPlatform/TrxLogger/v1' and type 'Microsoft.VisualStudio.TestPlatform.Extensions.TrxLogger.TrxLogger, Microsoft.VisualStudio.TestPlatform.Extensions.Trx.TestLogger, Version=15.0.0.0, Culture=neutral, PublicKeyToken=b03f5f7f11d50a3a' inside file 'C:\Program Files\dotnet\sdk\6.0.303\Extensions\Microsoft.VisualStudio.TestPlatform.Extensions.Trx.TestLogger.dll'
TpTrace Verbose: 0 : 27276, 1, 2022/09/14, 18:14:29.117, 654264023475, vstest.console.dll, TestPluginCache: Discovered the extensions using extension path 'C:\Users\SteevesSaillant\source\repos\XUnit_CSharp_Example\CRMTests\bin\Debug\netcoreapp3.1\fine-code-coverage\build-output\Microsoft.VisualStudio.TestPlatform.Extension.Xunit.Xml.TestLogger.dll'.
TpTrace Verbose: 0 : 27276, 1, 2022/09/14, 18:14:29.117, 654264023699, vstest.console.dll, TestPluginCache: Discoverers are ''.
TpTrace Verbose: 0 : 27276, 1, 2022/09/14, 18:14:29.117, 654264023857, vstest.console.dll, TestPluginCache: Executors are ''.
TpTrace Verbose: 0 : 27276, 1, 2022/09/14, 18:14:29.117, 654264024094, vstest.console.dll, TestPluginCache: Executors2 are ''.
TpTrace Verbose: 0 : 27276, 1, 2022/09/14, 18:14:29.117, 654264024392, vstest.console.dll, TestPluginCache: Setting providers are ''.
TpTrace Verbose: 0 : 27276, 1, 2022/09/14, 18:14:29.117, 654264025142, vstest.console.dll, TestPluginCache: Loggers are 'logger://Microsoft/TestPlatform/XUnitXmlLogger/v1,logger://Microsoft/TestPlatform/Extensions/Blame/v1,logger://Microsoft/TestPlatform/HtmlLogger/v1,logger://Microsoft/TestPlatform/TrxLogger/v1'.
TpTrace Verbose: 0 : 27276, 1, 2022/09/14, 18:14:29.117, 654264025549, vstest.console.dll, TestPluginCache: TestHosts are 'HostProvider://DefaultTestHost,HostProvider://DotnetTestHost'.
TpTrace Verbose: 0 : 27276, 1, 2022/09/14, 18:14:29.117, 654264025787, vstest.console.dll, TestPluginCache: DataCollectors are ''.
TpTrace Information: 0 : 27276, 1, 2022/09/14, 18:14:29.118, 654264032475, vstest.console.dll, TestPluginManager.CreateTestExtension: Attempting to load test extension: Microsoft.TestPlatform.Extensions.BlameDataCollector.BlameLogger
TpTrace Information: 0 : 27276, 1, 2022/09/14, 18:14:29.122, 654264074188, vstest.console.dll, TestPluginManager.CreateTestExtension: Attempting to load test extension: Microsoft.VisualStudio.TestPlatform.CrossPlatEngine.Hosting.DefaultTestHostManager
TpTrace Information: 0 : 27276, 1, 2022/09/14, 18:14:29.123, 654264080173, vstest.console.dll, TestPluginManager.CreateTestExtension: Attempting to load test extension: Microsoft.VisualStudio.TestPlatform.CrossPlatEngine.Hosting.DotnetTestHostManager
TpTrace Verbose: 0 : 27276, 1, 2022/09/14, 18:14:29.123, 654264084357, vstest.console.dll, TestEngine: Initializing Parallel Execution as MaxCpuCount is set to: 1
TpTrace Information: 0 : 27276, 1, 2022/09/14, 18:14:29.123, 654264088753, vstest.console.dll, InferRunSettingsHelper.IsTestSettingsEnabled: Unable to navigate to RunSettings/MSTest. Current node: RunSettings
TpTrace Verbose: 0 : 27276, 1, 2022/09/14, 18:14:29.124, 654264096233, vstest.console.dll, TestRequestSender is acting as server.
TpTrace Verbose: 0 : 27276, 1, 2022/09/14, 18:14:29.125, 654264104097, vstest.console.dll, TestEngine.GetExecutionManager: Chosen execution manager 'Microsoft.VisualStudio.TestPlatform.CrossPlatEngine.Client.Parallel.ParallelProxyExecutionManager, Microsoft.TestPlatform.CrossPlatEngine, Version=15.0.0.0, Culture=neutral, PublicKeyToken=b03f5f7f11d50a3a' ParallelLevel '1' Shared host 'False'
TpTrace Verbose: 0 : 27276, 5, 2022/09/14, 18:14:29.127, 654264124874, vstest.console.dll, DataCollectionRequestSender.InitializeCommunication : Initialize communication. 
TpTrace Information: 0 : 27276, 5, 2022/09/14, 18:14:29.132, 654264172184, vstest.console.dll, Listening on Endpoint : 127.0.0.1:65181
TpTrace Verbose: 0 : 27276, 5, 2022/09/14, 18:14:29.137, 654264227679, vstest.console.dll, DotnetDataCollectionLauncher: Full path of dotnet.exe is C:\Program Files\dotnet\dotnet.exe
TpTrace Verbose: 0 : 27276, 5, 2022/09/14, 18:14:29.138, 654264229205, vstest.console.dll, DotnetDataCollectionLauncher: Adding  --runtimeconfig "C:\Program Files\dotnet\sdk\6.0.303\datacollector.runtimeconfig.json" in args
TpTrace Verbose: 0 : 27276, 5, 2022/09/14, 18:14:29.138, 654264229730, vstest.console.dll, DotnetDataCollectionLauncher: Adding  --depsfile "C:\Program Files\dotnet\sdk\6.0.303\datacollector.deps.json" in args
TpTrace Information: 0 : 27276, 5, 2022/09/14, 18:14:29.155, 654264401743, vstest.console.dll, ProxyDataCollectionManager.Initialize: Launched datacollector processId: 28768 port: 65181
TpTrace Information: 0 : 27276, 5, 2022/09/14, 18:14:29.155, 654264403453, vstest.console.dll, ProxyDataCollectionManager.Initialize: waiting for connection with timeout: 90 seconds
TpTrace Verbose: 0 : 27276, 5, 2022/09/14, 18:14:29.155, 654264404099, vstest.console.dll, DataCollectionRequestSender.WaitForRequestHandlerConnection : Waiting for connection with timeout: 90000
TpTrace Information: 0 : 27276, 8, 2022/09/14, 18:14:29.269, 654265545575, vstest.console.dll, Using the buffer size of 16384 bytes
TpTrace Verbose: 0 : 27276, 5, 2022/09/14, 18:14:29.269, 654265545749, vstest.console.dll, SocketCommunicationManager.WaitForClientConnection took: 114 ms, with 90000 ms timeout, and finished with True.
TpTrace Information: 0 : 27276, 8, 2022/09/14, 18:14:29.269, 654265546735, vstest.console.dll, Accepted Client request and set the flag
TpTrace Verbose: 0 : 27276, 5, 2022/09/14, 18:14:29.269, 654265548137, vstest.console.dll, ProxyDataCollectionManager.InvokeDataCollectionServiceAction: Starting.
TpTrace Information: 0 : 27276, 5, 2022/09/14, 18:14:29.270, 654265549152, vstest.console.dll, ProxyDataCollectionManager.BeforeTestRunStart: Get environment variable and port for datacollector processId: 28768 port: 65181
TpTrace Verbose: 0 : 27276, 5, 2022/09/14, 18:14:29.270, 654265550416, vstest.console.dll, DataCollectionRequestSender.SendBeforeTestRunStartAndGetResult: Send BeforeTestRunStart message with settingsXml <RunSettings><RunConfiguration><ResultsDirectory>C:\Users\SteevesSaillant\source\repos\XUnit_CSharp_Example\CRMTests\bin\Debug\netcoreapp3.1\fine-code-coverage\coverage-tool-output</ResultsDirectory><TargetPlatform>X64</TargetPlatform><TargetFrameworkVersion>.NETCoreApp,Version=v3.1</TargetFrameworkVersion><DesignMode>False</DesignMode><CollectSourceInformation>False</CollectSourceInformation><TestAdaptersPaths>C:\Program Files\dotnet\sdk\6.0.303\Extensions</TestAdaptersPaths></RunConfiguration><LoggerRunSettings><Loggers><Logger friendlyName="blame" enabled="True" /><Logger friendlyName="Console" uri="logger://microsoft/TestPlatform/ConsoleLogger/v1" assemblyQualifiedName="Microsoft.VisualStudio.TestPlatform.CommandLine.Internal.ConsoleLogger, vstest.console, Version=15.0.0.0, Culture=neutral, PublicKeyToken=b03f5f7f11d50a3a" codeBase="C:\Program Files\dotnet\sdk\6.0.303\vstest.console.dll" enabled="True" /></Loggers></LoggerRunSettings><DataCollectionRunSettings><DataCollectors><DataCollector friendlyName="blame" enabled="True"><Configuration><ResultsDirectory>C:\Users\SteevesSaillant\source\repos\XUnit_CSharp_Example\CRMTests\bin\Debug\netcoreapp3.1\fine-code-coverage\coverage-tool-output</ResultsDirectory></Configuration></DataCollector></DataCollectors></DataCollectionRunSettings></RunSettings> and sources System.Linq.Enumerable+Concat2Iterator`1[System.String]: 
TpTrace Verbose: 0 : 27276, 5, 2022/09/14, 18:14:29.324, 654266089092, vstest.console.dll, DataCollectionRequestSender.SendBeforeTestRunStartAndGetResult: Received message: (DataCollection.SendMessage) -> {
  "FriendlyName": null,
  "Uri": null,
  "TestCaseId": "00000000-0000-0000-0000-000000000000",
  "Message": "Logging DataCollector Diagnostics in file: C:\\Users\\SteevesSaillant\\source\\repos\\XUnit_CSharp_Example\\CRMTests\\bin\\Debug\\netcoreapp3.1\\fine-code-coverage\\coverage-tool-output\\diagnostics.datacollector.22-09-14_18-14-29_13766_5.log",
  "Level": 0
}
TpTrace Verbose: 0 : 27276, 5, 2022/09/14, 18:14:29.379, 654266644816, vstest.console.dll, DataCollectionRequestSender.SendBeforeTestRunStartAndGetResult: Received message: (DataCollection.BeforeTestRunStartResult) -> {
  "EnvironmentVariables": {},
  "DataCollectionEventsPort": 65184
}
TpTrace Information: 0 : 27276, 5, 2022/09/14, 18:14:29.383, 654266681772, vstest.console.dll, ProxyDataCollectionManager.BeforeTestRunStart: SendBeforeTestRunStartAndGetResult successful, env variable from datacollector:   and testhost port: 65184
TpTrace Information: 0 : 27276, 5, 2022/09/14, 18:14:29.383, 654266682469, vstest.console.dll, ProxyDataCollectionManager.InvokeDataCollectionServiceAction: Completed.
TpTrace Verbose: 0 : 27276, 1, 2022/09/14, 18:14:29.383, 654266683424, vstest.console.dll, TestRunRequest.ExecuteAsync: Creating test run request.
TpTrace Verbose: 0 : 27276, 1, 2022/09/14, 18:14:29.383, 654266685552, vstest.console.dll, TestRunRequest.ExecuteAsync: Starting.
TpTrace Information: 0 : 27276, 1, 2022/09/14, 18:14:29.383, 654266687841, vstest.console.dll, TestRunRequest.ExecuteAsync: Starting run with settings:TestRunCriteria:
   KeepAlive=False,FrequencyOfRunStatsChangeEvent=10,RunStatsChangeEventTimeout=00:00:01.5000000,TestCaseFilter=,TestExecutorLauncher=
   Settingsxml=<RunSettings>
  <RunConfiguration>
    <ResultsDirectory>C:\Users\SteevesSaillant\source\repos\XUnit_CSharp_Example\CRMTests\bin\Debug\netcoreapp3.1\fine-code-coverage\coverage-tool-output</ResultsDirectory>
    <TargetPlatform>X64</TargetPlatform>
    <TargetFrameworkVersion>.NETCoreApp,Version=v3.1</TargetFrameworkVersion>
    <DesignMode>False</DesignMode>
    <CollectSourceInformation>False</CollectSourceInformation>
  </RunConfiguration>
  <LoggerRunSettings>
    <Loggers>
      <Logger friendlyName="blame" enabled="True" />
      <Logger friendlyName="Console" uri="logger://microsoft/TestPlatform/ConsoleLogger/v1" assemblyQualifiedName="Microsoft.VisualStudio.TestPlatform.CommandLine.Internal.ConsoleLogger, vstest.console, Version=15.0.0.0, Culture=neutral, PublicKeyToken=b03f5f7f11d50a3a" codeBase="C:\Program Files\dotnet\sdk\6.0.303\vstest.console.dll" enabled="True" />
    </Loggers>
  </LoggerRunSettings>
  <DataCollectionRunSettings>
    <DataCollectors>
      <DataCollector friendlyName="blame" enabled="True">
        <Configuration>
          <ResultsDirectory>C:\Users\SteevesSaillant\source\repos\XUnit_CSharp_Example\CRMTests\bin\Debug\netcoreapp3.1\fine-code-coverage\coverage-tool-output</ResultsDirectory>
        </Configuration>
      </DataCollector>
    </DataCollectors>
  </DataCollectionRunSettings>
</RunSettings>

TpTrace Verbose: 0 : 27276, 1, 2022/09/14, 18:14:29.383, 654266688592, vstest.console.dll, TestRunRequest.ExecuteAsync: Wait for the first run request is over.
TpTrace Verbose: 0 : 27276, 1, 2022/09/14, 18:14:29.384, 654266690929, vstest.console.dll, MulticastDelegateUtilities.SafeInvoke: TestRun.TestRunStart: Invoking callbacks was skipped because there are no subscribers.
TpTrace Verbose: 0 : 27276, 1, 2022/09/14, 18:14:29.384, 654266692096, vstest.console.dll, ParallelProxyExecutionManager: Start execution. Total sources: 1
TpTrace Verbose: 0 : 27276, 4, 2022/09/14, 18:14:29.384, 654266692576, vstest.console.dll, MulticastDelegateUtilities.SafeInvoke: InternalTestLoggerEvents.SendTestRunStart: Invoking callback 1/1 for Microsoft.VisualStudio.TestPlatform.CommandLine.Internal.ConsoleLogger.TestRunStartHandler, took 0 ms.
TpTrace Information: 0 : 27276, 1, 2022/09/14, 18:14:29.384, 654266696789, vstest.console.dll, ProxyParallelExecutionManager: Triggering test run for next source: C:\Users\SteevesSaillant\source\repos\XUnit_CSharp_Example\CRMTests\bin\Debug\netcoreapp3.1\fine-code-coverage\build-output\CRMTests.dll
TpTrace Verbose: 0 : 27276, 5, 2022/09/14, 18:14:29.384, 654266697857, vstest.console.dll, ParallelProxyExecutionManager: Execution started. Started clients: 1
TpTrace Verbose: 0 : 27276, 1, 2022/09/14, 18:14:29.384, 654266698075, vstest.console.dll, ProxyParallelExecutionManager: No sources available for execution.
TpTrace Information: 0 : 27276, 1, 2022/09/14, 18:14:29.384, 654266698506, vstest.console.dll, TestRunRequest.ExecuteAsync: Started.
TpTrace Verbose: 0 : 27276, 1, 2022/09/14, 18:14:29.384, 654266698937, vstest.console.dll, TestRunRequest.WaitForCompletion: Waiting with timeout -1.
TpTrace Verbose: 0 : 27276, 5, 2022/09/14, 18:14:29.385, 654266700078, vstest.console.dll, TestRunRequest:SendTestRunMessage: Starting.
TpTrace Verbose: 0 : 27276, 5, 2022/09/14, 18:14:29.385, 654266701055, vstest.console.dll, MulticastDelegateUtilities.SafeInvoke: TestRun.LogMessages: Invoking callback 1/1 for Microsoft.VisualStudio.TestPlatform.CommandLine.TestRunResultAggregator.TestRunMessageHandler, took 0 ms.
TpTrace Verbose: 0 : 27276, 4, 2022/09/14, 18:14:29.385, 654266701285, vstest.console.dll, MulticastDelegateUtilities.SafeInvoke: InternalTestLoggerEvents.SendTestRunMessage: Invoking callback 1/1 for Microsoft.VisualStudio.TestPlatform.CommandLine.Internal.ConsoleLogger.TestMessageHandler, took 0 ms.
TpTrace Information: 0 : 27276, 5, 2022/09/14, 18:14:29.385, 654266701344, vstest.console.dll, TestRunRequest:SendTestRunMessage: Completed.
TpTrace Verbose: 0 : 27276, 5, 2022/09/14, 18:14:29.385, 654266703595, vstest.console.dll, ProxyExecutionManager: Test host is always Lazy initialize.
TpTrace Verbose: 0 : 27276, 5, 2022/09/14, 18:14:29.385, 654266704945, vstest.console.dll, TestRequestSender.InitializeCommunication: initialize communication. 
TpTrace Information: 0 : 27276, 5, 2022/09/14, 18:14:29.385, 654266708672, vstest.console.dll, SocketServer.Start: Listening on endpoint : 127.0.0.1:65185
TpTrace Verbose: 0 : 27276, 5, 2022/09/14, 18:14:29.386, 654266713616, vstest.console.dll, DotnetTestHostmanager.GetTestHostProcessStartInfo: Platform environment 'X64' target architecture 'X64' framework '.NETCoreApp,Version=v3.1' OS 'Windows'
TpTrace Verbose: 0 : 27276, 5, 2022/09/14, 18:14:29.386, 654266715198, vstest.console.dll, DotnetTestHostmanager: Adding  --runtimeconfig "C:\Users\SteevesSaillant\source\repos\XUnit_CSharp_Example\CRMTests\bin\Debug\netcoreapp3.1\fine-code-coverage\build-output\CRMTests.runtimeconfig.json" in args
TpTrace Verbose: 0 : 27276, 5, 2022/09/14, 18:14:29.386, 654266715932, vstest.console.dll, DotnetTestHostmanager: Adding  --depsfile "C:\Users\SteevesSaillant\source\repos\XUnit_CSharp_Example\CRMTests\bin\Debug\netcoreapp3.1\fine-code-coverage\build-output\CRMTests.deps.json" in args
TpTrace Verbose: 0 : 27276, 5, 2022/09/14, 18:14:29.386, 654266717146, vstest.console.dll, DotnetTestHostmanager.IsWinOnArm: Current PROCESSOR_ARCHITECTURE from environment variable 'AMD64'
TpTrace Verbose: 0 : 27276, 5, 2022/09/14, 18:14:29.386, 654266717457, vstest.console.dll, DotnetTestHostmanager.IsWinOnArm: Is Windows on ARM 'False'
TpTrace Verbose: 0 : 27276, 5, 2022/09/14, 18:14:29.386, 654266718126, vstest.console.dll, DotnetTestHostManager: testhost.exe found at path: C:\Users\SteevesSaillant\source\repos\XUnit_CSharp_Example\CRMTests\bin\Debug\netcoreapp3.1\fine-code-coverage\build-output\testhost.exe
TpTrace Verbose: 0 : 27276, 5, 2022/09/14, 18:14:29.386, 654266718355, vstest.console.dll, DotnetTestHostmanager: Full path of host exe is C:\Users\SteevesSaillant\source\repos\XUnit_CSharp_Example\CRMTests\bin\Debug\netcoreapp3.1\fine-code-coverage\build-output\testhost.exe
TpTrace Verbose: 0 : 27276, 5, 2022/09/14, 18:14:29.387, 654266719342, vstest.console.dll, DotnetTestHostmanager.LaunchTestHostAsync: Found 'VSTEST_WINAPPHOST_DOTNET_ROOT' in env variables, value 'C:\Program Files\dotnet', forwarding to 'DOTNET_ROOT'
TpTrace Verbose: 0 : 27276, 7, 2022/09/14, 18:14:29.387, 654266724653, vstest.console.dll, DotnetTestHostManager: Starting process 'C:\Users\SteevesSaillant\source\repos\XUnit_CSharp_Example\CRMTests\bin\Debug\netcoreapp3.1\fine-code-coverage\build-output\testhost.exe' with command line ' --runtimeconfig "C:\Users\SteevesSaillant\source\repos\XUnit_CSharp_Example\CRMTests\bin\Debug\netcoreapp3.1\fine-code-coverage\build-output\CRMTests.runtimeconfig.json" --depsfile "C:\Users\SteevesSaillant\source\repos\XUnit_CSharp_Example\CRMTests\bin\Debug\netcoreapp3.1\fine-code-coverage\build-output\CRMTests.deps.json" --port 65185 --endpoint 127.0.0.1:065185 --role client --parentprocessid 27276 --diag "C:\Users\SteevesSaillant\source\repos\XUnit_CSharp_Example\CRMTests\bin\Debug\netcoreapp3.1\fine-code-coverage\coverage-tool-output\diagnostics.host.22-09-14_18-14-29_38625_5.log" --tracelevel 4 --datacollectionport 65184 --telemetryoptedin false'
TpTrace Verbose: 0 : 27276, 7, 2022/09/14, 18:14:29.402, 654266869233, vstest.console.dll, MulticastDelegateUtilities.SafeInvoke: HostProviderEvents.OnHostLaunched: Invoking callback 1/2 for Microsoft.VisualStudio.TestPlatform.CrossPlatEngine.Client.ProxyExecutionManagerWithDataCollection.TestHostLaunchedHandler, took 1 ms.
TpTrace Verbose: 0 : 27276, 7, 2022/09/14, 18:14:29.402, 654266870173, vstest.console.dll, Test Runtime launched
TpTrace Verbose: 0 : 27276, 7, 2022/09/14, 18:14:29.402, 654266870474, vstest.console.dll, MulticastDelegateUtilities.SafeInvoke: HostProviderEvents.OnHostLaunched: Invoking callback 2/2 for Microsoft.VisualStudio.TestPlatform.CrossPlatEngine.Client.ProxyOperationManager.TestHostManagerHostLaunched, took 0 ms.
TpTrace Verbose: 0 : 27276, 5, 2022/09/14, 18:14:29.402, 654266875035, vstest.console.dll, TestRequestSender.WaitForRequestHandlerConnection: waiting for connection with timeout: 90000.
TpTrace Verbose: 0 : 27276, 7, 2022/09/14, 18:14:29.540, 654268256009, vstest.console.dll, MulticastDelegateUtilities.SafeInvoke: SocketServer: ClientConnected: Invoking callback 1/1 for Microsoft.VisualStudio.TestPlatform.CommunicationUtilities.TestRequestSender.<InitializeCommunication>b__23_0, took 0 ms.
TpTrace Verbose: 0 : 27276, 5, 2022/09/14, 18:14:29.540, 654268256009, vstest.console.dll, TestRequestSender.WaitForRequestHandlerConnection: waiting took 138 ms, with timeout 90000 ms, and result 0, which is success.
TpTrace Verbose: 0 : 27276, 7, 2022/09/14, 18:14:29.540, 654268257144, vstest.console.dll, SocketServer.OnClientConnected: Client connected for endPoint: 127.0.0.1:65185, starting MessageLoopAsync:
TpTrace Verbose: 0 : 27276, 14, 2022/09/14, 18:14:29.541, 654268259607, vstest.console.dll, TcpClientExtensions.MessageLoopAsync: Polling on remoteEndPoint: 127.0.0.1:65186 localEndPoint: 127.0.0.1:65185
TpTrace Verbose: 0 : 27276, 5, 2022/09/14, 18:14:29.541, 654268265118, vstest.console.dll, TestRequestSender.CheckVersionWithTestHost: Sending check version message: {"MessageType":"ProtocolVersion","Payload":6}
TpTrace Verbose: 0 : 27276, 14, 2022/09/14, 18:14:29.653, 654269383984, vstest.console.dll, TcpClientExtensions.MessageLoopAsync: NotifyDataAvailable remoteEndPoint: 127.0.0.1:65186 localEndPoint: 127.0.0.1:65185
TpTrace Verbose: 0 : 27276, 14, 2022/09/14, 18:14:29.653, 654269386203, vstest.console.dll, TestRequestSender.CheckVersionWithTestHost: onMessageReceived received message: (ProtocolVersion) -> 6
TpTrace Verbose: 0 : 27276, 14, 2022/09/14, 18:14:29.654, 654269389115, vstest.console.dll, MulticastDelegateUtilities.SafeInvoke: LengthPrefixCommunicationChannel: MessageReceived: Invoking callback 1/1 for Microsoft.VisualStudio.TestPlatform.CommunicationUtilities.TestRequestSender+<>c__DisplayClass25_0.<CheckVersionWithTestHost>b__0, took 0 ms.
TpTrace Verbose: 0 : 27276, 5, 2022/09/14, 18:14:29.654, 654269389663, vstest.console.dll, TestPluginCache.GetExtensionPaths: Filtered extension paths: 
TpTrace Verbose: 0 : 27276, 14, 2022/09/14, 18:14:29.654, 654269389726, vstest.console.dll, TcpClientExtensions.MessageLoopAsync: Polling on remoteEndPoint: 127.0.0.1:65186 localEndPoint: 127.0.0.1:65185
TpTrace Verbose: 0 : 27276, 5, 2022/09/14, 18:14:29.654, 654269390254, vstest.console.dll, TestPluginCache.GetExtensionPaths: Added default extension paths: C:\Program Files\dotnet\sdk\6.0.303\Extensions\DumpMinitool.exe
C:\Program Files\dotnet\sdk\6.0.303\Extensions\DumpMinitool.x86.exe
C:\Program Files\dotnet\sdk\6.0.303\Extensions\Microsoft.Diagnostics.NETCore.Client.dll
C:\Program Files\dotnet\sdk\6.0.303\Extensions\Microsoft.TestPlatform.Extensions.BlameDataCollector.dll
C:\Program Files\dotnet\sdk\6.0.303\Extensions\Microsoft.TestPlatform.Extensions.EventLogCollector.dll
C:\Program Files\dotnet\sdk\6.0.303\Extensions\Microsoft.TestPlatform.TestHostRuntimeProvider.dll
C:\Program Files\dotnet\sdk\6.0.303\Extensions\Microsoft.VisualStudio.TestPlatform.Extensions.Html.TestLogger.dll
C:\Program Files\dotnet\sdk\6.0.303\Extensions\Microsoft.VisualStudio.TestPlatform.Extensions.Trx.TestLogger.dll
TpTrace Verbose: 0 : 27276, 5, 2022/09/14, 18:14:29.654, 654269390511, vstest.console.dll, TestPluginCache.GetExtensionPaths: Added unfilterableExtensionPaths: 
TpTrace Verbose: 0 : 27276, 5, 2022/09/14, 18:14:29.656, 654269412296, vstest.console.dll, TestRequestSender.InitializeExecution: Sending initialize execution with message: {"Version":6,"MessageType":"TestExecution.Initialize","Payload":["C:\\Users\\SteevesSaillant\\source\\repos\\XUnit_CSharp_Example\\CRMTests\\bin\\Debug\\netcoreapp3.1\\fine-code-coverage\\build-output\\Microsoft.VisualStudio.TestPlatform.Extension.Xunit.Xml.TestAdapter.dll","C:\\Users\\SteevesSaillant\\source\\repos\\XUnit_CSharp_Example\\CRMTests\\bin\\Debug\\netcoreapp3.1\\fine-code-coverage\\build-output\\xunit.runner.visualstudio.dotnetcore.testadapter.dll"]}
TpTrace Warning: 0 : 27276, 5, 2022/09/14, 18:14:29.656, 654269416333, vstest.console.dll, InferRunSettingsHelper.MakeRunsettingsCompatible: Removing the following settings: TargetPlatform from RunSettings file. To use those settings please move to latest version of Microsoft.NET.Test.Sdk
TpTrace Verbose: 0 : 27276, 14, 2022/09/14, 18:14:29.658, 654269433400, vstest.console.dll, TcpClientExtensions.MessageLoopAsync: NotifyDataAvailable remoteEndPoint: 127.0.0.1:65186 localEndPoint: 127.0.0.1:65185
TpTrace Verbose: 0 : 27276, 14, 2022/09/14, 18:14:29.658, 654269434399, vstest.console.dll, TestRequestSender.OnExecutionMessageReceived: Received message: {"Version":6,"MessageType":"TestSession.Message","Payload":{"MessageLevel":0,"Message":"Logging TestHost Diagnostics in file: C:\\Users\\SteevesSaillant\\source\\repos\\XUnit_CSharp_Example\\CRMTests\\bin\\Debug\\netcoreapp3.1\\fine-code-coverage\\coverage-tool-output\\diagnostics.host.22-09-14_18-14-29_38625_5.log"}}
TpTrace Verbose: 0 : 27276, 14, 2022/09/14, 18:14:29.659, 654269445850, vstest.console.dll, TestRunRequest:SendTestRunMessage: Starting.
TpTrace Verbose: 0 : 27276, 14, 2022/09/14, 18:14:29.659, 654269446564, vstest.console.dll, MulticastDelegateUtilities.SafeInvoke: TestRun.LogMessages: Invoking callback 1/1 for Microsoft.VisualStudio.TestPlatform.CommandLine.TestRunResultAggregator.TestRunMessageHandler, took 0 ms.
TpTrace Information: 0 : 27276, 14, 2022/09/14, 18:14:29.659, 654269446780, vstest.console.dll, TestRunRequest:SendTestRunMessage: Completed.
TpTrace Verbose: 0 : 27276, 4, 2022/09/14, 18:14:29.659, 654269446827, vstest.console.dll, MulticastDelegateUtilities.SafeInvoke: InternalTestLoggerEvents.SendTestRunMessage: Invoking callback 1/1 for Microsoft.VisualStudio.TestPlatform.CommandLine.Internal.ConsoleLogger.TestMessageHandler, took 0 ms.
TpTrace Verbose: 0 : 27276, 14, 2022/09/14, 18:14:29.659, 654269447025, vstest.console.dll, MulticastDelegateUtilities.SafeInvoke: LengthPrefixCommunicationChannel: MessageReceived: Invoking callback 1/1 for Microsoft.VisualStudio.TestPlatform.CommunicationUtilities.TestRequestSender+<>c__DisplayClass30_0.<StartTestRun>b__1, took 1 ms.
TpTrace Verbose: 0 : 27276, 14, 2022/09/14, 18:14:29.659, 654269447673, vstest.console.dll, TcpClientExtensions.MessageLoopAsync: Polling on remoteEndPoint: 127.0.0.1:65186 localEndPoint: 127.0.0.1:65185
TpTrace Verbose: 0 : 27276, 5, 2022/09/14, 18:14:29.661, 654269468695, vstest.console.dll, TestRequestSender.StartTestRun: Sending test run with message: {"Version":6,"MessageType":"TestExecution.StartWithSources","Payload":{"AdapterSourceMap":{"_none_":["C:\\Users\\SteevesSaillant\\source\\repos\\XUnit_CSharp_Example\\CRMTests\\bin\\Debug\\netcoreapp3.1\\fine-code-coverage\\build-output\\CRMTests.dll"]},"RunSettings":"<RunSettings>\r\n  <RunConfiguration>\r\n    <ResultsDirectory>C:\\Users\\SteevesSaillant\\source\\repos\\XUnit_CSharp_Example\\CRMTests\\bin\\Debug\\netcoreapp3.1\\fine-code-coverage\\coverage-tool-output</ResultsDirectory>\r\n    <TargetFrameworkVersion>.NETCoreApp,Version=v3.1</TargetFrameworkVersion>\r\n    <DesignMode>False</DesignMode>\r\n    <CollectSourceInformation>False</CollectSourceInformation>\r\n  </RunConfiguration>\r\n  <LoggerRunSettings>\r\n    <Loggers>\r\n      <Logger friendlyName=\"blame\" enabled=\"True\" />\r\n      <Logger friendlyName=\"Console\" uri=\"logger://microsoft/TestPlatform/ConsoleLogger/v1\" assemblyQualifiedName=\"Microsoft.VisualStudio.TestPlatform.CommandLine.Internal.ConsoleLogger, vstest.console, Version=15.0.0.0, Culture=neutral, PublicKeyToken=b03f5f7f11d50a3a\" codeBase=\"C:\\Program Files\\dotnet\\sdk\\6.0.303\\vstest.console.dll\" enabled=\"True\" />\r\n    </Loggers>\r\n  </LoggerRunSettings>\r\n  <DataCollectionRunSettings>\r\n    <DataCollectors>\r\n      <DataCollector friendlyName=\"blame\" enabled=\"True\">\r\n        <Configuration>\r\n          <ResultsDirectory>C:\\Users\\SteevesSaillant\\source\\repos\\XUnit_CSharp_Example\\CRMTests\\bin\\Debug\\netcoreapp3.1\\fine-code-coverage\\coverage-tool-output</ResultsDirectory>\r\n        </Configuration>\r\n      </DataCollector>\r\n    </DataCollectors>\r\n  </DataCollectionRunSettings>\r\n</RunSettings>","TestExecutionContext":{"FrequencyOfRunStatsChangeEvent":10,"RunStatsChangeEventTimeout":"00:00:01.5000000","InIsolation":false,"KeepAlive":false,"AreTestCaseLevelEventsRequired":false,"IsDebug":false,"TestCaseFilter":null,"FilterOptions":null},"Package":null}}
TpTrace Verbose: 0 : 27276, 14, 2022/09/14, 18:14:29.777, 654270623841, vstest.console.dll, TcpClientExtensions.MessageLoopAsync: NotifyDataAvailable remoteEndPoint: 127.0.0.1:65186 localEndPoint: 127.0.0.1:65185
TpTrace Verbose: 0 : 27276, 14, 2022/09/14, 18:14:29.777, 654270625360, vstest.console.dll, TestRequestSender.OnExecutionMessageReceived: Received message: {"Version":6,"MessageType":"TestSession.Message","Payload":{"MessageLevel":0,"Message":"[xUnit.net 00:00:00.00] xUnit.net VSTest Adapter v2.4.5+1caef2f33e (64-bit .NET Core 3.1.28)"}}
TpTrace Verbose: 0 : 27276, 14, 2022/09/14, 18:14:29.778, 654270629972, vstest.console.dll, TestRunRequest:SendTestRunMessage: Starting.
TpTrace Verbose: 0 : 27276, 14, 2022/09/14, 18:14:29.778, 654270631252, vstest.console.dll, MulticastDelegateUtilities.SafeInvoke: TestRun.LogMessages: Invoking callback 1/1 for Microsoft.VisualStudio.TestPlatform.CommandLine.TestRunResultAggregator.TestRunMessageHandler, took 0 ms.
TpTrace Verbose: 0 : 27276, 4, 2022/09/14, 18:14:29.778, 654270631471, vstest.console.dll, MulticastDelegateUtilities.SafeInvoke: InternalTestLoggerEvents.SendTestRunMessage: Invoking callback 1/1 for Microsoft.VisualStudio.TestPlatform.CommandLine.Internal.ConsoleLogger.TestMessageHandler, took 0 ms.
TpTrace Information: 0 : 27276, 14, 2022/09/14, 18:14:29.778, 654270631628, vstest.console.dll, TestRunRequest:SendTestRunMessage: Completed.
TpTrace Verbose: 0 : 27276, 14, 2022/09/14, 18:14:29.778, 654270632442, vstest.console.dll, MulticastDelegateUtilities.SafeInvoke: LengthPrefixCommunicationChannel: MessageReceived: Invoking callback 1/1 for Microsoft.VisualStudio.TestPlatform.CommunicationUtilities.TestRequestSender+<>c__DisplayClass30_0.<StartTestRun>b__1, took 0 ms.
TpTrace Verbose: 0 : 27276, 14, 2022/09/14, 18:14:29.778, 654270632746, vstest.console.dll, TcpClientExtensions.MessageLoopAsync: Polling on remoteEndPoint: 127.0.0.1:65186 localEndPoint: 127.0.0.1:65185
TpTrace Verbose: 0 : 27276, 14, 2022/09/14, 18:14:30.235, 654275199936, vstest.console.dll, TcpClientExtensions.MessageLoopAsync: NotifyDataAvailable remoteEndPoint: 127.0.0.1:65186 localEndPoint: 127.0.0.1:65185
TpTrace Verbose: 0 : 27276, 14, 2022/09/14, 18:14:30.235, 654275201678, vstest.console.dll, TestRequestSender.OnExecutionMessageReceived: Received message: {"Version":6,"MessageType":"TestSession.Message","Payload":{"MessageLevel":0,"Message":"[xUnit.net 00:00:00.45]   Discovering: CRMTests"}}
TpTrace Verbose: 0 : 27276, 14, 2022/09/14, 18:14:30.235, 654275203983, vstest.console.dll, TestRunRequest:SendTestRunMessage: Starting.
TpTrace Verbose: 0 : 27276, 14, 2022/09/14, 18:14:30.235, 654275204670, vstest.console.dll, MulticastDelegateUtilities.SafeInvoke: TestRun.LogMessages: Invoking callback 1/1 for Microsoft.VisualStudio.TestPlatform.CommandLine.TestRunResultAggregator.TestRunMessageHandler, took 0 ms.
TpTrace Information: 0 : 27276, 14, 2022/09/14, 18:14:30.235, 654275205026, vstest.console.dll, TestRunRequest:SendTestRunMessage: Completed.
TpTrace Verbose: 0 : 27276, 4, 2022/09/14, 18:14:30.235, 654275205079, vstest.console.dll, MulticastDelegateUtilities.SafeInvoke: InternalTestLoggerEvents.SendTestRunMessage: Invoking callback 1/1 for Microsoft.VisualStudio.TestPlatform.CommandLine.Internal.ConsoleLogger.TestMessageHandler, took 0 ms.
TpTrace Verbose: 0 : 27276, 14, 2022/09/14, 18:14:30.235, 654275206704, vstest.console.dll, MulticastDelegateUtilities.SafeInvoke: LengthPrefixCommunicationChannel: MessageReceived: Invoking callback 1/1 for Microsoft.VisualStudio.TestPlatform.CommunicationUtilities.TestRequestSender+<>c__DisplayClass30_0.<StartTestRun>b__1, took 0 ms.
TpTrace Verbose: 0 : 27276, 14, 2022/09/14, 18:14:30.235, 654275207386, vstest.console.dll, TcpClientExtensions.MessageLoopAsync: Polling on remoteEndPoint: 127.0.0.1:65186 localEndPoint: 127.0.0.1:65185
TpTrace Verbose: 0 : 27276, 14, 2022/09/14, 18:14:30.268, 654275530383, vstest.console.dll, TcpClientExtensions.MessageLoopAsync: NotifyDataAvailable remoteEndPoint: 127.0.0.1:65186 localEndPoint: 127.0.0.1:65185
TpTrace Verbose: 0 : 27276, 14, 2022/09/14, 18:14:30.268, 654275532177, vstest.console.dll, TestRequestSender.OnExecutionMessageReceived: Received message: {"Version":6,"MessageType":"TestSession.Message","Payload":{"MessageLevel":0,"Message":"[xUnit.net 00:00:00.49]   Discovered:  CRMTests"}}
TpTrace Verbose: 0 : 27276, 14, 2022/09/14, 18:14:30.268, 654275535815, vstest.console.dll, TestRunRequest:SendTestRunMessage: Starting.
TpTrace Verbose: 0 : 27276, 14, 2022/09/14, 18:14:30.268, 654275537099, vstest.console.dll, MulticastDelegateUtilities.SafeInvoke: TestRun.LogMessages: Invoking callback 1/1 for Microsoft.VisualStudio.TestPlatform.CommandLine.TestRunResultAggregator.TestRunMessageHandler, took 0 ms.
TpTrace Verbose: 0 : 27276, 4, 2022/09/14, 18:14:30.268, 654275537449, vstest.console.dll, MulticastDelegateUtilities.SafeInvoke: InternalTestLoggerEvents.SendTestRunMessage: Invoking callback 1/1 for Microsoft.VisualStudio.TestPlatform.CommandLine.Internal.ConsoleLogger.TestMessageHandler, took 0 ms.
TpTrace Information: 0 : 27276, 14, 2022/09/14, 18:14:30.268, 654275537554, vstest.console.dll, TestRunRequest:SendTestRunMessage: Completed.
TpTrace Verbose: 0 : 27276, 14, 2022/09/14, 18:14:30.268, 654275538646, vstest.console.dll, MulticastDelegateUtilities.SafeInvoke: LengthPrefixCommunicationChannel: MessageReceived: Invoking callback 1/1 for Microsoft.VisualStudio.TestPlatform.CommunicationUtilities.TestRequestSender+<>c__DisplayClass30_0.<StartTestRun>b__1, took 0 ms.
TpTrace Verbose: 0 : 27276, 14, 2022/09/14, 18:14:30.269, 654275539146, vstest.console.dll, TcpClientExtensions.MessageLoopAsync: Polling on remoteEndPoint: 127.0.0.1:65186 localEndPoint: 127.0.0.1:65185
TpTrace Verbose: 0 : 27276, 14, 2022/09/14, 18:14:30.270, 654275553370, vstest.console.dll, TcpClientExtensions.MessageLoopAsync: NotifyDataAvailable remoteEndPoint: 127.0.0.1:65186 localEndPoint: 127.0.0.1:65185
TpTrace Verbose: 0 : 27276, 14, 2022/09/14, 18:14:30.270, 654275554434, vstest.console.dll, TestRequestSender.OnExecutionMessageReceived: Received message: {"Version":6,"MessageType":"TestSession.Message","Payload":{"MessageLevel":0,"Message":"[xUnit.net 00:00:00.49]   Starting:    CRMTests"}}
TpTrace Verbose: 0 : 27276, 14, 2022/09/14, 18:14:30.270, 654275556636, vstest.console.dll, TestRunRequest:SendTestRunMessage: Starting.
TpTrace Verbose: 0 : 27276, 14, 2022/09/14, 18:14:30.270, 654275557349, vstest.console.dll, MulticastDelegateUtilities.SafeInvoke: TestRun.LogMessages: Invoking callback 1/1 for Microsoft.VisualStudio.TestPlatform.CommandLine.TestRunResultAggregator.TestRunMessageHandler, took 0 ms.
TpTrace Verbose: 0 : 27276, 4, 2022/09/14, 18:14:30.270, 654275557658, vstest.console.dll, MulticastDelegateUtilities.SafeInvoke: InternalTestLoggerEvents.SendTestRunMessage: Invoking callback 1/1 for Microsoft.VisualStudio.TestPlatform.CommandLine.Internal.ConsoleLogger.TestMessageHandler, took 0 ms.
TpTrace Information: 0 : 27276, 14, 2022/09/14, 18:14:30.270, 654275557738, vstest.console.dll, TestRunRequest:SendTestRunMessage: Completed.
TpTrace Verbose: 0 : 27276, 14, 2022/09/14, 18:14:30.270, 654275558668, vstest.console.dll, MulticastDelegateUtilities.SafeInvoke: LengthPrefixCommunicationChannel: MessageReceived: Invoking callback 1/1 for Microsoft.VisualStudio.TestPlatform.CommunicationUtilities.TestRequestSender+<>c__DisplayClass30_0.<StartTestRun>b__1, took 0 ms.
TpTrace Verbose: 0 : 27276, 14, 2022/09/14, 18:14:30.271, 654275559642, vstest.console.dll, TcpClientExtensions.MessageLoopAsync: Polling on remoteEndPoint: 127.0.0.1:65186 localEndPoint: 127.0.0.1:65185
TpTrace Verbose: 0 : 27276, 14, 2022/09/14, 18:14:30.433, 654277187832, vstest.console.dll, TcpClientExtensions.MessageLoopAsync: NotifyDataAvailable remoteEndPoint: 127.0.0.1:65186 localEndPoint: 127.0.0.1:65185
TpTrace Verbose: 0 : 27276, 14, 2022/09/14, 18:14:30.434, 654277190301, vstest.console.dll, TestRequestSender.OnExecutionMessageReceived: Received message: {"Version":6,"MessageType":"TestExecution.StatsChange","Payload":{"NewTestResults":[{"TestCase":{"Id":"7cd416b9-538f-11c0-2149-43b1110baded","FullyQualifiedName":"SimpleCRM.CustomerInteractionsIntegrationsTest.PostCustomersJohnAndJaneToCRM","DisplayName":"SimpleCRM.CustomerInteractionsIntegrationsTest.PostCustomersJohnAndJaneToCRM","ExecutorUri":"executor://xunit/VsTestRunner2/netcoreapp","Source":"C:\\Users\\SteevesSaillant\\source\\repos\\XUnit_CSharp_Example\\CRMTests\\bin\\Debug\\netcoreapp3.1\\fine-code-coverage\\build-output\\CRMTests.dll","CodeFilePath":null,"LineNumber":0,"Properties":[]},"Attachments":[],"Outcome":1,"ErrorMessage":null,"ErrorStackTrace":null,"DisplayName":"SimpleCRM.CustomerInteractionsIntegrationsTest.PostCustomersJohnAndJaneToCRM() [01] Given we have a these new customers to add to the CRM","Messages":[],"ComputerName":"CAW-PF3F2WK3","Duration":"00:00:00.0017895","StartTime":"2022-09-14T22:14:30.3376742+00:00","EndTime":"2022-09-14T22:14:30.3377423+00:00","Properties":[]},{"TestCase":{"Id":"7cd416b9-538f-11c0-2149-43b1110baded","FullyQualifiedName":"SimpleCRM.CustomerInteractionsIntegrationsTest.PostCustomersJohnAndJaneToCRM","DisplayName":"SimpleCRM.CustomerInteractionsIntegrationsTest.PostCustomersJohnAndJaneToCRM","ExecutorUri":"executor://xunit/VsTestRunner2/netcoreapp","Source":"C:\\Users\\SteevesSaillant\\source\\repos\\XUnit_CSharp_Example\\CRMTests\\bin\\Debug\\netcoreapp3.1\\fine-code-coverage\\build-output\\CRMTests.dll","CodeFilePath":null,"LineNumber":0,"Properties":[]},"Attachments":[],"Outcome":1,"ErrorMessage":null,"ErrorStackTrace":null,"DisplayName":"SimpleCRM.CustomerInteractionsIntegrationsTest.PostCustomersJohnAndJaneToCRM() [02] When these customers are posted","Messages":[],"ComputerName":"CAW-PF3F2WK3","Duration":"00:00:00.0046791","StartTime":"2022-09-14T22:14:30.3514802+00:00","EndTime":"2022-09-14T22:14:30.3514814+00:00","Properties":[]},{"TestCase":{"Id":"7cd416b9-538f-11c0-2149-43b1110baded","FullyQualifiedName":"SimpleCRM.CustomerInteractionsIntegrationsTest.PostCustomersJohnAndJaneToCRM","DisplayName":"SimpleCRM.CustomerInteractionsIntegrationsTest.PostCustomersJohnAndJaneToCRM","ExecutorUri":"executor://xunit/VsTestRunner2/netcoreapp","Source":"C:\\Users\\SteevesSaillant\\source\\repos\\XUnit_CSharp_Example\\CRMTests\\bin\\Debug\\netcoreapp3.1\\fine-code-coverage\\build-output\\CRMTests.dll","CodeFilePath":null,"LineNumber":0,"Properties":[]},"Attachments":[],"Outcome":1,"ErrorMessage":null,"ErrorStackTrace":null,"DisplayName":"SimpleCRM.CustomerInteractionsIntegrationsTest.PostCustomersJohnAndJaneToCRM() [03] Then these customer are added and saved","Messages":[],"ComputerName":"CAW-PF3F2WK3","Duration":"00:00:00.0075291","StartTime":"2022-09-14T22:14:30.3518352+00:00","EndTime":"2022-09-14T22:14:30.3518357+00:00","Properties":[]},{"TestCase":{"Id":"f86401fa-2c1b-0e7d-4c05-c6575e52f00b","FullyQualifiedName":"SimpleCRM.CustomerInteractionsTest.PostCustomerToCRM","DisplayName":"SimpleCRM.CustomerInteractionsTest.PostCustomerToCRM","ExecutorUri":"executor://xunit/VsTestRunner2/netcoreapp","Source":"C:\\Users\\SteevesSaillant\\source\\repos\\XUnit_CSharp_Example\\CRMTests\\bin\\Debug\\netcoreapp3.1\\fine-code-coverage\\build-output\\CRMTests.dll","CodeFilePath":null,"LineNumber":0,"Properties":[]},"Attachments":[],"Outcome":1,"ErrorMessage":null,"ErrorStackTrace":null,"DisplayName":"SimpleCRM.CustomerInteractionsTest.PostCustomerToCRM() [01] Given we have a new customer","Messages":[],"ComputerName":"CAW-PF3F2WK3","Duration":"00:00:00.0605216","StartTime":"2022-09-14T22:14:30.394682+00:00","EndTime":"2022-09-14T22:14:30.3946848+00:00","Properties":[]},{"TestCase":{"Id":"f86401fa-2c1b-0e7d-4c05-c6575e52f00b","FullyQualifiedName":"SimpleCRM.CustomerInteractionsTest.PostCustomerToCRM","DisplayName":"SimpleCRM.CustomerInteractionsTest.PostCustomerToCRM","ExecutorUri":"executor://xunit/VsTestRunner2/netcoreapp","Source":"C:\\Users\\SteevesSaillant\\source\\repos\\XUnit_CSharp_Example\\CRMTests\\bin\\Debug\\netcoreapp3.1\\fine-code-coverage\\build-output\\CRMTests.dll","CodeFilePath":null,"LineNumber":0,"Properties":[]},"Attachments":[],"Outcome":1,"ErrorMessage":null,"ErrorStackTrace":null,"DisplayName":"SimpleCRM.CustomerInteractionsTest.PostCustomerToCRM() [02] When this customer is added","Messages":[],"ComputerName":"CAW-PF3F2WK3","Duration":"00:00:00.0034692","StartTime":"2022-09-14T22:14:30.3981657+00:00","EndTime":"2022-09-14T22:14:30.3981672+00:00","Properties":[]},{"TestCase":{"Id":"f86401fa-2c1b-0e7d-4c05-c6575e52f00b","FullyQualifiedName":"SimpleCRM.CustomerInteractionsTest.PostCustomerToCRM","DisplayName":"SimpleCRM.CustomerInteractionsTest.PostCustomerToCRM","ExecutorUri":"executor://xunit/VsTestRunner2/netcoreapp","Source":"C:\\Users\\SteevesSaillant\\source\\repos\\XUnit_CSharp_Example\\CRMTests\\bin\\Debug\\netcoreapp3.1\\fine-code-coverage\\build-output\\CRMTests.dll","CodeFilePath":null,"LineNumber":0,"Properties":[]},"Attachments":[],"Outcome":1,"ErrorMessage":null,"ErrorStackTrace":null,"DisplayName":"SimpleCRM.CustomerInteractionsTest.PostCustomerToCRM() [03] Then the customer is added","Messages":[],"ComputerName":"CAW-PF3F2WK3","Duration":"00:00:00.0035323","StartTime":"2022-09-14T22:14:30.4017502+00:00","EndTime":"2022-09-14T22:14:30.4017528+00:00","Properties":[]},{"TestCase":{"Id":"f49cdbbe-41fb-cc41-66a0-4666dea13e2d","FullyQualifiedName":"SimpleCRM.CustomerInteractionsTest.Controller_Throws_Argument_Null_Exception_When_Repo_Is_Null","DisplayName":"SimpleCRM.CustomerInteractionsTest.Controller_Throws_Argument_Null_Exception_When_Repo_Is_Null","ExecutorUri":"executor://xunit/VsTestRunner2/netcoreapp","Source":"C:\\Users\\SteevesSaillant\\source\\repos\\XUnit_CSharp_Example\\CRMTests\\bin\\Debug\\netcoreapp3.1\\fine-code-coverage\\build-output\\CRMTests.dll","CodeFilePath":null,"LineNumber":0,"Properties":[]},"Attachments":[],"Outcome":1,"ErrorMessage":null,"ErrorStackTrace":null,"DisplayName":"SimpleCRM.CustomerInteractionsTest.Controller_Throws_Argument_Null_Exception_When_Repo_Is_Null","Messages":[],"ComputerName":"CAW-PF3F2WK3","Duration":"00:00:00.0015458","StartTime":"2022-09-14T22:14:30.4086301+00:00","EndTime":"2022-09-14T22:14:30.4086322+00:00","Properties":[]},{"TestCase":{"Id":"9c0cca2f-3522-2c3e-06d4-67210b1b90ed","FullyQualifiedName":"SimpleCRM.CustomerInteractionsTest.DeleteCustomerFromCRMFailsWhenNotFound","DisplayName":"SimpleCRM.CustomerInteractionsTest.DeleteCustomerFromCRMFailsWhenNotFound","ExecutorUri":"executor://xunit/VsTestRunner2/netcoreapp","Source":"C:\\Users\\SteevesSaillant\\source\\repos\\XUnit_CSharp_Example\\CRMTests\\bin\\Debug\\netcoreapp3.1\\fine-code-coverage\\build-output\\CRMTests.dll","CodeFilePath":null,"LineNumber":0,"Properties":[]},"Attachments":[],"Outcome":1,"ErrorMessage":null,"ErrorStackTrace":null,"DisplayName":"SimpleCRM.CustomerInteractionsTest.DeleteCustomerFromCRMFailsWhenNotFound() [01] Given we have non-existing customer","Messages":[],"ComputerName":"CAW-PF3F2WK3","Duration":"00:00:00.0027207","StartTime":"2022-09-14T22:14:30.4118349+00:00","EndTime":"2022-09-14T22:14:30.4118371+00:00","Properties":[]},{"TestCase":{"Id":"9c0cca2f-3522-2c3e-06d4-67210b1b90ed","FullyQualifiedName":"SimpleCRM.CustomerInteractionsTest.DeleteCustomerFromCRMFailsWhenNotFound","DisplayName":"SimpleCRM.CustomerInteractionsTest.DeleteCustomerFromCRMFailsWhenNotFound","ExecutorUri":"executor://xunit/VsTestRunner2/netcoreapp","Source":"C:\\Users\\SteevesSaillant\\source\\repos\\XUnit_CSharp_Example\\CRMTests\\bin\\Debug\\netcoreapp3.1\\fine-code-coverage\\build-output\\CRMTests.dll","CodeFilePath":null,"LineNumber":0,"Properties":[]},"Attachments":[],"Outcome":1,"ErrorMessage":null,"ErrorStackTrace":null,"DisplayName":"SimpleCRM.CustomerInteractionsTest.DeleteCustomerFromCRMFailsWhenNotFound() [02] When this customer is deleted","Messages":[],"ComputerName":"CAW-PF3F2WK3","Duration":"00:00:00.0008157","StartTime":"2022-09-14T22:14:30.4128753+00:00","EndTime":"2022-09-14T22:14:30.412876+00:00","Properties":[]},{"TestCase":{"Id":"9c0cca2f-3522-2c3e-06d4-67210b1b90ed","FullyQualifiedName":"SimpleCRM.CustomerInteractionsTest.DeleteCustomerFromCRMFailsWhenNotFound","DisplayName":"SimpleCRM.CustomerInteractionsTest.DeleteCustomerFromCRMFailsWhenNotFound","ExecutorUri":"executor://xunit/VsTestRunner2/netcoreapp","Source":"C:\\Users\\SteevesSaillant\\source\\repos\\XUnit_CSharp_Example\\CRMTests\\bin\\Debug\\netcoreapp3.1\\fine-code-coverage\\build-output\\CRMTests.dll","CodeFilePath":null,"LineNumber":0,"Properties":[]},"Attachments":[],"Outcome":1,"ErrorMessage":null,"ErrorStackTrace":null,"DisplayName":"SimpleCRM.CustomerInteractionsTest.DeleteCustomerFromCRMFailsWhenNotFound() [03] Then the non-existing customer cannot deleted","Messages":[],"ComputerName":"CAW-PF3F2WK3","Duration":"00:00:00.0016922","StartTime":"2022-09-14T22:14:30.4144108+00:00","EndTime":"2022-09-14T22:14:30.4144122+00:00","Properties":[]}],"TestRunStatistics":{"ExecutedTests":10,"Stats":{"Passed":10}},"ActiveTests":[]}}
TpTrace Verbose: 0 : 27276, 14, 2022/09/14, 18:14:30.457, 654277426373, vstest.console.dll, TestRunRequest:SendTestRunStatsChange: Starting.
TpTrace Verbose: 0 : 27276, 14, 2022/09/14, 18:14:30.457, 654277428558, vstest.console.dll, MulticastDelegateUtilities.SafeInvoke: TestRun.RunStatsChanged: Invoking callbacks was skipped because there are no subscribers.
TpTrace Information: 0 : 27276, 14, 2022/09/14, 18:14:30.457, 654277428864, vstest.console.dll, TestRunRequest:SendTestRunStatsChange: Completed.
TpTrace Verbose: 0 : 27276, 14, 2022/09/14, 18:14:30.458, 654277429102, vstest.console.dll, MulticastDelegateUtilities.SafeInvoke: LengthPrefixCommunicationChannel: MessageReceived: Invoking callback 1/1 for Microsoft.VisualStudio.TestPlatform.CommunicationUtilities.TestRequestSender+<>c__DisplayClass30_0.<StartTestRun>b__1, took 23 ms.
TpTrace Verbose: 0 : 27276, 14, 2022/09/14, 18:14:30.458, 654277429405, vstest.console.dll, TcpClientExtensions.MessageLoopAsync: Polling on remoteEndPoint: 127.0.0.1:65186 localEndPoint: 127.0.0.1:65185
TpTrace Verbose: 0 : 27276, 14, 2022/09/14, 18:14:30.458, 654277429783, vstest.console.dll, TcpClientExtensions.MessageLoopAsync: NotifyDataAvailable remoteEndPoint: 127.0.0.1:65186 localEndPoint: 127.0.0.1:65185
TpTrace Verbose: 0 : 27276, 14, 2022/09/14, 18:14:30.458, 654277430250, vstest.console.dll, TestRequestSender.OnExecutionMessageReceived: Received message: {"Version":6,"MessageType":"TestSession.Message","Payload":{"MessageLevel":0,"Message":"[xUnit.net 00:00:00.66]   Finished:    CRMTests"}}
TpTrace Verbose: 0 : 27276, 14, 2022/09/14, 18:14:30.458, 654277431105, vstest.console.dll, TestRunRequest:SendTestRunMessage: Starting.
TpTrace Verbose: 0 : 27276, 14, 2022/09/14, 18:14:30.458, 654277431413, vstest.console.dll, MulticastDelegateUtilities.SafeInvoke: TestRun.LogMessages: Invoking callback 1/1 for Microsoft.VisualStudio.TestPlatform.CommandLine.TestRunResultAggregator.TestRunMessageHandler, took 0 ms.
TpTrace Information: 0 : 27276, 14, 2022/09/14, 18:14:30.458, 654277431579, vstest.console.dll, TestRunRequest:SendTestRunMessage: Completed.
TpTrace Verbose: 0 : 27276, 14, 2022/09/14, 18:14:30.458, 654277431739, vstest.console.dll, MulticastDelegateUtilities.SafeInvoke: LengthPrefixCommunicationChannel: MessageReceived: Invoking callback 1/1 for Microsoft.VisualStudio.TestPlatform.CommunicationUtilities.TestRequestSender+<>c__DisplayClass30_0.<StartTestRun>b__1, took 0 ms.
TpTrace Verbose: 0 : 27276, 14, 2022/09/14, 18:14:30.458, 654277431893, vstest.console.dll, TcpClientExtensions.MessageLoopAsync: Polling on remoteEndPoint: 127.0.0.1:65186 localEndPoint: 127.0.0.1:65185
TpTrace Verbose: 0 : 27276, 14, 2022/09/14, 18:14:30.458, 654277432144, vstest.console.dll, TcpClientExtensions.MessageLoopAsync: NotifyDataAvailable remoteEndPoint: 127.0.0.1:65186 localEndPoint: 127.0.0.1:65185
TpTrace Verbose: 0 : 27276, 14, 2022/09/14, 18:14:30.458, 654277432582, vstest.console.dll, TestRequestSender.OnExecutionMessageReceived: Received message: {"Version":6,"MessageType":"TestExecution.Completed","Payload":{"TestRunCompleteArgs":{"TestRunStatistics":{"ExecutedTests":13,"Stats":{"Passed":13}},"IsCanceled":false,"IsAborted":false,"Error":null,"AttachmentSets":[],"InvokedDataCollectors":[],"ElapsedTimeInRunningTests":"00:00:00.6702552","Metrics":{},"DiscoveredExtensions":{"TestDiscoverers":["Xunit.Runner.VisualStudio.VsTestRunner, xunit.runner.visualstudio.dotnetcore.testadapter, Version=2.4.0.0, Culture=neutral, PublicKeyToken=8d05b1bb7a6fdb6c"],"TestExecutors":["executor://xunit/VsTestRunner2/netcoreapp"],"TestExecutors2":[],"TestSettingsProviders":[]}},"LastRunTests":{"NewTestResults":[{"TestCase":{"Id":"b03049cb-5337-d2e4-7513-15ac54885633","FullyQualifiedName":"SimpleCRM.CustomerInteractionsTest.DeleteCustomerFromCRM","DisplayName":"SimpleCRM.CustomerInteractionsTest.DeleteCustomerFromCRM","ExecutorUri":"executor://xunit/VsTestRunner2/netcoreapp","Source":"C:\\Users\\SteevesSaillant\\source\\repos\\XUnit_CSharp_Example\\CRMTests\\bin\\Debug\\netcoreapp3.1\\fine-code-coverage\\build-output\\CRMTests.dll","CodeFilePath":null,"LineNumber":0,"Properties":[]},"Attachments":[],"Outcome":1,"ErrorMessage":null,"ErrorStackTrace":null,"DisplayName":"SimpleCRM.CustomerInteractionsTest.DeleteCustomerFromCRM() [01] Given we have an existing customer","Messages":[],"ComputerName":"CAW-PF3F2WK3","Duration":"00:00:00.0014783","StartTime":"2022-09-14T22:14:30.4348902+00:00","EndTime":"2022-09-14T22:14:30.4348913+00:00","Properties":[]},{"TestCase":{"Id":"b03049cb-5337-d2e4-7513-15ac54885633","FullyQualifiedName":"SimpleCRM.CustomerInteractionsTest.DeleteCustomerFromCRM","DisplayName":"SimpleCRM.CustomerInteractionsTest.DeleteCustomerFromCRM","ExecutorUri":"executor://xunit/VsTestRunner2/netcoreapp","Source":"C:\\Users\\SteevesSaillant\\source\\repos\\XUnit_CSharp_Example\\CRMTests\\bin\\Debug\\netcoreapp3.1\\fine-code-coverage\\build-output\\CRMTests.dll","CodeFilePath":null,"LineNumber":0,"Properties":[]},"Attachments":[],"Outcome":1,"ErrorMessage":null,"ErrorStackTrace":null,"DisplayName":"SimpleCRM.CustomerInteractionsTest.DeleteCustomerFromCRM() [02] When this customer is deleted","Messages":[],"ComputerName":"CAW-PF3F2WK3","Duration":"00:00:00.0002016","StartTime":"2022-09-14T22:14:30.4356324+00:00","EndTime":"2022-09-14T22:14:30.4356328+00:00","Properties":[]},{"TestCase":{"Id":"b03049cb-5337-d2e4-7513-15ac54885633","FullyQualifiedName":"SimpleCRM.CustomerInteractionsTest.DeleteCustomerFromCRM","DisplayName":"SimpleCRM.CustomerInteractionsTest.DeleteCustomerFromCRM","ExecutorUri":"executor://xunit/VsTestRunner2/netcoreapp","Source":"C:\\Users\\SteevesSaillant\\source\\repos\\XUnit_CSharp_Example\\CRMTests\\bin\\Debug\\netcoreapp3.1\\fine-code-coverage\\build-output\\CRMTests.dll","CodeFilePath":null,"LineNumber":0,"Properties":[]},"Attachments":[],"Outcome":1,"ErrorMessage":null,"ErrorStackTrace":null,"DisplayName":"SimpleCRM.CustomerInteractionsTest.DeleteCustomerFromCRM() [03] Then the customer is deleted","Messages":[],"ComputerName":"CAW-PF3F2WK3","Duration":"00:00:00.0007073","StartTime":"2022-09-14T22:14:30.4357206+00:00","EndTime":"2022-09-14T22:14:30.4357208+00:00","Properties":[]}],"TestRunStatistics":{"ExecutedTests":13,"Stats":{"Passed":13}},"ActiveTests":[]},"RunAttachments":[],"ExecutorUris":["executor://xunit/VsTestRunner2/netcoreapp"]}}
TpTrace Verbose: 0 : 27276, 14, 2022/09/14, 18:14:30.458, 654277434003, vstest.console.dll, TestRequestSender.EndSession: Sending end session.
TpTrace Verbose: 0 : 27276, 14, 2022/09/14, 18:14:30.458, 654277435614, vstest.console.dll, ProxyOperationManager.Close: waiting for test host to exit for 100 ms
TpTrace Verbose: 0 : 27276, 4, 2022/09/14, 18:14:30.463, 654277486551, vstest.console.dll, MulticastDelegateUtilities.SafeInvoke: InternalTestLoggerEvents.SendTestResult: Invoking callback 1/1 for Microsoft.VisualStudio.TestPlatform.CommandLine.Internal.ConsoleLogger.TestResultHandler, took 5 ms.
TpTrace Verbose: 0 : 27276, 4, 2022/09/14, 18:14:30.463, 654277487832, vstest.console.dll, MulticastDelegateUtilities.SafeInvoke: InternalTestLoggerEvents.SendTestResult: Invoking callback 1/1 for Microsoft.VisualStudio.TestPlatform.CommandLine.Internal.ConsoleLogger.TestResultHandler, took 0 ms.
TpTrace Verbose: 0 : 27276, 4, 2022/09/14, 18:14:30.463, 654277488134, vstest.console.dll, MulticastDelegateUtilities.SafeInvoke: InternalTestLoggerEvents.SendTestResult: Invoking callback 1/1 for Microsoft.VisualStudio.TestPlatform.CommandLine.Internal.ConsoleLogger.TestResultHandler, took 0 ms.
TpTrace Verbose: 0 : 27276, 4, 2022/09/14, 18:14:30.463, 654277488357, vstest.console.dll, MulticastDelegateUtilities.SafeInvoke: InternalTestLoggerEvents.SendTestResult: Invoking callback 1/1 for Microsoft.VisualStudio.TestPlatform.CommandLine.Internal.ConsoleLogger.TestResultHandler, took 0 ms.
TpTrace Verbose: 0 : 27276, 4, 2022/09/14, 18:14:30.463, 654277488578, vstest.console.dll, MulticastDelegateUtilities.SafeInvoke: InternalTestLoggerEvents.SendTestResult: Invoking callback 1/1 for Microsoft.VisualStudio.TestPlatform.CommandLine.Internal.ConsoleLogger.TestResultHandler, took 0 ms.
TpTrace Verbose: 0 : 27276, 4, 2022/09/14, 18:14:30.463, 654277488810, vstest.console.dll, MulticastDelegateUtilities.SafeInvoke: InternalTestLoggerEvents.SendTestResult: Invoking callback 1/1 for Microsoft.VisualStudio.TestPlatform.CommandLine.Internal.ConsoleLogger.TestResultHandler, took 0 ms.
TpTrace Verbose: 0 : 27276, 4, 2022/09/14, 18:14:30.464, 654277489505, vstest.console.dll, MulticastDelegateUtilities.SafeInvoke: InternalTestLoggerEvents.SendTestResult: Invoking callback 1/1 for Microsoft.VisualStudio.TestPlatform.CommandLine.Internal.ConsoleLogger.TestResultHandler, took 0 ms.
TpTrace Verbose: 0 : 27276, 4, 2022/09/14, 18:14:30.464, 654277490593, vstest.console.dll, MulticastDelegateUtilities.SafeInvoke: InternalTestLoggerEvents.SendTestResult: Invoking callback 1/1 for Microsoft.VisualStudio.TestPlatform.CommandLine.Internal.ConsoleLogger.TestResultHandler, took 0 ms.
TpTrace Verbose: 0 : 27276, 4, 2022/09/14, 18:14:30.464, 654277491002, vstest.console.dll, MulticastDelegateUtilities.SafeInvoke: InternalTestLoggerEvents.SendTestResult: Invoking callback 1/1 for Microsoft.VisualStudio.TestPlatform.CommandLine.Internal.ConsoleLogger.TestResultHandler, took 0 ms.
TpTrace Verbose: 0 : 27276, 4, 2022/09/14, 18:14:30.464, 654277491319, vstest.console.dll, MulticastDelegateUtilities.SafeInvoke: InternalTestLoggerEvents.SendTestResult: Invoking callback 1/1 for Microsoft.VisualStudio.TestPlatform.CommandLine.Internal.ConsoleLogger.TestResultHandler, took 0 ms.
TpTrace Verbose: 0 : 27276, 4, 2022/09/14, 18:14:30.464, 654277491625, vstest.console.dll, MulticastDelegateUtilities.SafeInvoke: InternalTestLoggerEvents.SendTestRunMessage: Invoking callback 1/1 for Microsoft.VisualStudio.TestPlatform.CommandLine.Internal.ConsoleLogger.TestMessageHandler, took 0 ms.
TpTrace Warning: 0 : 27276, 13, 2022/09/14, 18:14:30.469, 654277543996, vstest.console.dll, TestHostManagerCallbacks.ErrorReceivedCallback Test host standard error line: 
TpTrace Verbose: 0 : 27276, 13, 2022/09/14, 18:14:30.480, 654277652867, vstest.console.dll, TestHostProvider.ExitCallBack: Host exited starting callback.
TpTrace Information: 0 : 27276, 13, 2022/09/14, 18:14:30.480, 654277656637, vstest.console.dll, TestHostManagerCallbacks.ExitCallBack: Testhost processId: 22060 exited with exitcode: 0 error: ''
TpTrace Verbose: 0 : 27276, 13, 2022/09/14, 18:14:30.480, 654277657150, vstest.console.dll, DotnetTestHostManager.OnHostExited: invoking OnHostExited callback
TpTrace Verbose: 0 : 27276, 13, 2022/09/14, 18:14:30.480, 654277657572, vstest.console.dll, CrossPlatEngine.TestHostManagerHostExited: calling on client process exit callback.
TpTrace Information: 0 : 27276, 13, 2022/09/14, 18:14:30.480, 654277657971, vstest.console.dll, TestRequestSender.OnClientProcessExit: Test host process exited. Standard error: 
TpTrace Information: 0 : 27276, 13, 2022/09/14, 18:14:30.480, 654277658211, vstest.console.dll, SocketServer.Stop: Stop server endPoint: 127.0.0.1:65185
TpTrace Information: 0 : 27276, 14, 2022/09/14, 18:14:30.480, 654277658258, vstest.console.dll, SocketServer.Stop: Stop server endPoint: 127.0.0.1:65185
TpTrace Information: 0 : 27276, 13, 2022/09/14, 18:14:30.480, 654277658363, vstest.console.dll, SocketServer.Stop: Cancellation requested. Stopping message loop.
TpTrace Information: 0 : 27276, 14, 2022/09/14, 18:14:30.480, 654277658879, vstest.console.dll, SocketServer.Stop: Cancellation requested. Stopping message loop.
TpTrace Information: 0 : 27276, 14, 2022/09/14, 18:14:30.481, 654277659607, vstest.console.dll, Closing the connection
TpTrace Verbose: 0 : 27276, 13, 2022/09/14, 18:14:30.481, 654277659683, vstest.console.dll, MulticastDelegateUtilities.SafeInvoke: HostProviderEvents.OnHostExited: Invoking callback 1/1 for Microsoft.VisualStudio.TestPlatform.CrossPlatEngine.Client.ProxyOperationManager.TestHostManagerHostExited, took 0 ms.
TpTrace Verbose: 0 : 27276, 14, 2022/09/14, 18:14:30.481, 654277662717, vstest.console.dll, ProxyDataCollectionManager.InvokeDataCollectionServiceAction: Starting.
TpTrace Information: 0 : 27276, 14, 2022/09/14, 18:14:30.481, 654277663074, vstest.console.dll, ProxyDataCollectionManager.AfterTestRunEnd: Get attachment set and invoked data collectors processId: 28768 port: 65181
TpTrace Verbose: 0 : 27276, 14, 2022/09/14, 18:14:30.481, 654277663372, vstest.console.dll, DataCollectionRequestSender.SendAfterTestRunStartAndGetResult: Send AfterTestRunEnd message with isCancelled: False
TpTrace Verbose: 0 : 27276, 14, 2022/09/14, 18:14:30.486, 654277710940, vstest.console.dll, DataCollectionRequestSender.SendAfterTestRunStartAndGetResult: Received message: (DataCollection.AfterTestRunEndResult) -> {
  "AttachmentSets": [],
  "InvokedDataCollectors": [
    {
      "Uri": "datacollector://Microsoft/TestPlatform/Extensions/Blame/v1",
      "FriendlyName": "Blame",
      "AssemblyQualifiedName": "Microsoft.TestPlatform.Extensions.BlameDataCollector.BlameCollector, Microsoft.TestPlatform.Extensions.BlameDataCollector, Version=15.0.0.0, Culture=neutral, PublicKeyToken=b03f5f7f11d50a3a",
      "FilePath": "C:\\Program Files\\dotnet\\sdk\\6.0.303\\Extensions\\Microsoft.TestPlatform.Extensions.BlameDataCollector.dll",
      "HasAttachmentProcessor": false
    }
  ],
  "Metrics": {}
}
TpTrace Warning: 0 : 27276, 10, 2022/09/14, 18:14:30.489, 654277745082, vstest.console.dll, DataCollectionLauncher.ErrorReceivedCallback datacollector standard error line: 
TpTrace Information: 0 : 27276, 14, 2022/09/14, 18:14:30.490, 654277751580, vstest.console.dll, ProxyDataCollectionManager.InvokeDataCollectionServiceAction: Completed.
TpTrace Information: 0 : 27276, 10, 2022/09/14, 18:14:30.492, 654277778950, vstest.console.dll, DataCollectionLauncher.ExitCallBack: Data collector exited with exitcode: 0 error: ''
TpTrace Verbose: 0 : 27276, 14, 2022/09/14, 18:14:30.511, 654277960112, vstest.console.dll, TestRunRequest:SendTestRunStatsChange: Starting.
TpTrace Verbose: 0 : 27276, 14, 2022/09/14, 18:14:30.511, 654277961072, vstest.console.dll, MulticastDelegateUtilities.SafeInvoke: TestRun.RunStatsChanged: Invoking callbacks was skipped because there are no subscribers.
TpTrace Information: 0 : 27276, 14, 2022/09/14, 18:14:30.511, 654277961269, vstest.console.dll, TestRunRequest:SendTestRunStatsChange: Completed.
TpTrace Verbose: 0 : 27276, 4, 2022/09/14, 18:14:30.511, 654277961624, vstest.console.dll, MulticastDelegateUtilities.SafeInvoke: InternalTestLoggerEvents.SendTestResult: Invoking callback 1/1 for Microsoft.VisualStudio.TestPlatform.CommandLine.Internal.ConsoleLogger.TestResultHandler, took 0 ms.
TpTrace Verbose: 0 : 27276, 4, 2022/09/14, 18:14:30.511, 654277962279, vstest.console.dll, MulticastDelegateUtilities.SafeInvoke: InternalTestLoggerEvents.SendTestResult: Invoking callback 1/1 for Microsoft.VisualStudio.TestPlatform.CommandLine.Internal.ConsoleLogger.TestResultHandler, took 0 ms.
TpTrace Verbose: 0 : 27276, 4, 2022/09/14, 18:14:30.511, 654277962687, vstest.console.dll, MulticastDelegateUtilities.SafeInvoke: InternalTestLoggerEvents.SendTestResult: Invoking callback 1/1 for Microsoft.VisualStudio.TestPlatform.CommandLine.Internal.ConsoleLogger.TestResultHandler, took 0 ms.
TpTrace Verbose: 0 : 27276, 14, 2022/09/14, 18:14:30.511, 654277962866, vstest.console.dll, ParallelProxyExecutionManager: HandlePartialRunComplete: Total completed clients = 1, Run complete = True, Run canceled: False.
TpTrace Verbose: 0 : 27276, 4, 2022/09/14, 18:14:30.517, 654278024702, vstest.console.dll, MulticastDelegateUtilities.SafeInvoke: InternalTestLoggerEvents.SendTestRunComplete: Invoking callback 1/2 for Microsoft.TestPlatform.Extensions.BlameDataCollector.BlameLogger.TestRunCompleteHandler, took 0 ms.
TpTrace Verbose: 0 : 27276, 4, 2022/09/14, 18:14:30.521, 654278061566, vstest.console.dll, MulticastDelegateUtilities.SafeInvoke: InternalTestLoggerEvents.SendTestRunComplete: Invoking callback 2/2 for Microsoft.VisualStudio.TestPlatform.CommandLine.Internal.ConsoleLogger.TestRunCompleteHandler, took 3 ms.
TpTrace Verbose: 0 : 27276, 14, 2022/09/14, 18:14:30.521, 654278063490, vstest.console.dll, TestRunRequest:TestRunComplete: Starting. IsAborted:False IsCanceled:False.
TpTrace Verbose: 0 : 27276, 14, 2022/09/14, 18:14:30.521, 654278067807, vstest.console.dll, TestLoggerManager.HandleTestRunComplete: Ignoring as the object is disposed.
TpTrace Verbose: 0 : 27276, 14, 2022/09/14, 18:14:30.522, 654278069263, vstest.console.dll, MulticastDelegateUtilities.SafeInvoke: TestRun.TestRunComplete: Invoking callback 1/2 for Microsoft.VisualStudio.TestPlatform.CommandLine.TestRunResultAggregator.TestRunCompletionHandler, took 0 ms.
TpTrace Verbose: 0 : 27276, 14, 2022/09/14, 18:14:30.522, 654278069828, vstest.console.dll, MulticastDelegateUtilities.SafeInvoke: TestRun.TestRunComplete: Invoking callback 2/2 for Microsoft.VisualStudio.TestPlatform.CommandLine.Processors.RunTestsArgumentExecutor+TestRunRequestEventsRegistrar.TestRunRequest_OnRunCompletion, took 0 ms.
TpTrace Information: 0 : 27276, 14, 2022/09/14, 18:14:30.522, 654278070433, vstest.console.dll, TestRunRequest:TestRunComplete: Completed.
TpTrace Verbose: 0 : 27276, 14, 2022/09/14, 18:14:30.522, 654278070684, vstest.console.dll, TestRequestSender.SetOperationComplete: Setting operation complete.
TpTrace Verbose: 0 : 27276, 1, 2022/09/14, 18:14:30.522, 654278070649, vstest.console.dll, TestRunRequest.Dispose: Starting.
TpTrace Information: 0 : 27276, 14, 2022/09/14, 18:14:30.522, 654278070908, vstest.console.dll, SocketServer.Stop: Stop server endPoint: 127.0.0.1:65185
TpTrace Information: 0 : 27276, 1, 2022/09/14, 18:14:30.522, 654278071319, vstest.console.dll, TestRunRequest.Dispose: Completed.
TpTrace Information: 0 : 27276, 14, 2022/09/14, 18:14:30.522, 654278071591, vstest.console.dll, SocketServer.Stop: Cancellation requested. Stopping message loop.
TpTrace Verbose: 0 : 27276, 14, 2022/09/14, 18:14:30.522, 654278071930, vstest.console.dll, MulticastDelegateUtilities.SafeInvoke: LengthPrefixCommunicationChannel: MessageReceived: Invoking callback 1/1 for Microsoft.VisualStudio.TestPlatform.CommunicationUtilities.TestRequestSender+<>c__DisplayClass30_0.<StartTestRun>b__1, took 63 ms.
TpTrace Information: 0 : 27276, 1, 2022/09/14, 18:14:30.522, 654278072044, vstest.console.dll, TestRequestManager.RunTests: run tests completed.
TpTrace Information: 0 : 27276, 14, 2022/09/14, 18:14:30.522, 654278072202, vstest.console.dll, SocketServer.PrivateStop: Stopping server endPoint: 127.0.0.1:65185 error: 
TpTrace Information: 0 : 27276, 1, 2022/09/14, 18:14:30.522, 654278072828, vstest.console.dll, RunTestsArgumentProcessor:Execute: Test run is completed.
TpTrace Verbose: 0 : 27276, 1, 2022/09/14, 18:14:30.522, 654278074207, vstest.console.dll, Executor.Execute: Exiting with exit code of 0
TpTrace Verbose: 0 : 27276, 14, 2022/09/14, 18:14:30.522, 654278075316, vstest.console.dll, LengthPrefixCommunicationChannel.Dispose: Dispose reader and writer.
TpTrace Information: 0 : 27276, 14, 2022/09/14, 18:14:30.522, 654278076043, vstest.console.dll, SocketServer.Stop: Raise disconnected event endPoint: 127.0.0.1:65185 error: 
TpTrace Verbose: 0 : 27276, 14, 2022/09/14, 18:14:30.522, 654278077034, vstest.console.dll, TestRequestSender: OnTestRunAbort: Operation is already complete. Skip error message.
TpTrace Verbose: 0 : 27276, 14, 2022/09/14, 18:14:30.522, 654278077636, vstest.console.dll, MulticastDelegateUtilities.SafeInvoke: SocketServer: ClientDisconnected: Invoking callback 1/1 for Microsoft.VisualStudio.TestPlatform.CommunicationUtilities.TestRequestSender.<InitializeCommunication>b__23_1, took 0 ms.
TpTrace Verbose: 0 : 27276, 14, 2022/09/14, 18:14:30.522, 654278077930, vstest.console.dll, TcpClientExtensions.MessageLoopAsync: exiting MessageLoopAsync remoteEndPoint: 127.0.0.1:65186 localEndPoint: 127.0.0.1:65185
